ARM GAS  C:\Users\82057\AppData\Local\Temp\ccWNETGk.s 			page 1


   1              		.cpu cortex-m4
   2              		.eabi_attribute 27, 1
   3              		.eabi_attribute 28, 1
   4              		.eabi_attribute 20, 1
   5              		.eabi_attribute 21, 1
   6              		.eabi_attribute 23, 3
   7              		.eabi_attribute 24, 1
   8              		.eabi_attribute 25, 1
   9              		.eabi_attribute 26, 1
  10              		.eabi_attribute 30, 1
  11              		.eabi_attribute 34, 1
  12              		.eabi_attribute 18, 4
  13              		.file	"stm32f4xx_hal_msp.c"
  14              		.text
  15              	.Ltext0:
  16              		.cfi_sections	.debug_frame
  17              		.section	.text.HAL_MspInit,"ax",%progbits
  18              		.align	1
  19              		.global	HAL_MspInit
  20              		.syntax unified
  21              		.thumb
  22              		.thumb_func
  23              		.fpu fpv4-sp-d16
  25              	HAL_MspInit:
  26              	.LFB134:
  27              		.file 1 "Src/stm32f4xx_hal_msp.c"
   1:Src/stm32f4xx_hal_msp.c **** /* USER CODE BEGIN Header */
   2:Src/stm32f4xx_hal_msp.c **** /**
   3:Src/stm32f4xx_hal_msp.c ****   ******************************************************************************
   4:Src/stm32f4xx_hal_msp.c ****   * @file         stm32f4xx_hal_msp.c
   5:Src/stm32f4xx_hal_msp.c ****   * @brief        This file provides code for the MSP Initialization
   6:Src/stm32f4xx_hal_msp.c ****   *               and de-Initialization codes.
   7:Src/stm32f4xx_hal_msp.c ****   ******************************************************************************
   8:Src/stm32f4xx_hal_msp.c ****   * @attention
   9:Src/stm32f4xx_hal_msp.c ****   *
  10:Src/stm32f4xx_hal_msp.c ****   * Copyright (c) 2024 STMicroelectronics.
  11:Src/stm32f4xx_hal_msp.c ****   * All rights reserved.
  12:Src/stm32f4xx_hal_msp.c ****   *
  13:Src/stm32f4xx_hal_msp.c ****   * This software is licensed under terms that can be found in the LICENSE file
  14:Src/stm32f4xx_hal_msp.c ****   * in the root directory of this software component.
  15:Src/stm32f4xx_hal_msp.c ****   * If no LICENSE file comes with this software, it is provided AS-IS.
  16:Src/stm32f4xx_hal_msp.c ****   *
  17:Src/stm32f4xx_hal_msp.c ****   ******************************************************************************
  18:Src/stm32f4xx_hal_msp.c ****   */
  19:Src/stm32f4xx_hal_msp.c **** /* USER CODE END Header */
  20:Src/stm32f4xx_hal_msp.c **** 
  21:Src/stm32f4xx_hal_msp.c **** /* Includes ------------------------------------------------------------------*/
  22:Src/stm32f4xx_hal_msp.c **** #include "main.h"
  23:Src/stm32f4xx_hal_msp.c **** /* USER CODE BEGIN Includes */
  24:Src/stm32f4xx_hal_msp.c **** 
  25:Src/stm32f4xx_hal_msp.c **** /* USER CODE END Includes */
  26:Src/stm32f4xx_hal_msp.c **** 
  27:Src/stm32f4xx_hal_msp.c **** /* Private typedef -----------------------------------------------------------*/
  28:Src/stm32f4xx_hal_msp.c **** /* USER CODE BEGIN TD */
  29:Src/stm32f4xx_hal_msp.c **** 
  30:Src/stm32f4xx_hal_msp.c **** /* USER CODE END TD */
  31:Src/stm32f4xx_hal_msp.c **** 
ARM GAS  C:\Users\82057\AppData\Local\Temp\ccWNETGk.s 			page 2


  32:Src/stm32f4xx_hal_msp.c **** /* Private define ------------------------------------------------------------*/
  33:Src/stm32f4xx_hal_msp.c **** /* USER CODE BEGIN Define */
  34:Src/stm32f4xx_hal_msp.c **** 
  35:Src/stm32f4xx_hal_msp.c **** /* USER CODE END Define */
  36:Src/stm32f4xx_hal_msp.c **** 
  37:Src/stm32f4xx_hal_msp.c **** /* Private macro -------------------------------------------------------------*/
  38:Src/stm32f4xx_hal_msp.c **** /* USER CODE BEGIN Macro */
  39:Src/stm32f4xx_hal_msp.c **** 
  40:Src/stm32f4xx_hal_msp.c **** /* USER CODE END Macro */
  41:Src/stm32f4xx_hal_msp.c **** 
  42:Src/stm32f4xx_hal_msp.c **** /* Private variables ---------------------------------------------------------*/
  43:Src/stm32f4xx_hal_msp.c **** /* USER CODE BEGIN PV */
  44:Src/stm32f4xx_hal_msp.c **** 
  45:Src/stm32f4xx_hal_msp.c **** /* USER CODE END PV */
  46:Src/stm32f4xx_hal_msp.c **** 
  47:Src/stm32f4xx_hal_msp.c **** /* Private function prototypes -----------------------------------------------*/
  48:Src/stm32f4xx_hal_msp.c **** /* USER CODE BEGIN PFP */
  49:Src/stm32f4xx_hal_msp.c **** 
  50:Src/stm32f4xx_hal_msp.c **** /* USER CODE END PFP */
  51:Src/stm32f4xx_hal_msp.c **** 
  52:Src/stm32f4xx_hal_msp.c **** /* External functions --------------------------------------------------------*/
  53:Src/stm32f4xx_hal_msp.c **** /* USER CODE BEGIN ExternalFunctions */
  54:Src/stm32f4xx_hal_msp.c **** 
  55:Src/stm32f4xx_hal_msp.c **** /* USER CODE END ExternalFunctions */
  56:Src/stm32f4xx_hal_msp.c **** 
  57:Src/stm32f4xx_hal_msp.c **** /* USER CODE BEGIN 0 */
  58:Src/stm32f4xx_hal_msp.c **** 
  59:Src/stm32f4xx_hal_msp.c **** /* USER CODE END 0 */
  60:Src/stm32f4xx_hal_msp.c **** 
  61:Src/stm32f4xx_hal_msp.c **** void HAL_TIM_MspPostInit(TIM_HandleTypeDef *htim);
  62:Src/stm32f4xx_hal_msp.c ****                     /**
  63:Src/stm32f4xx_hal_msp.c ****   * Initializes the Global MSP.
  64:Src/stm32f4xx_hal_msp.c ****   */
  65:Src/stm32f4xx_hal_msp.c **** void HAL_MspInit(void)
  66:Src/stm32f4xx_hal_msp.c **** {
  28              		.loc 1 66 0
  29              		.cfi_startproc
  30              		@ args = 0, pretend = 0, frame = 8
  31              		@ frame_needed = 0, uses_anonymous_args = 0
  32 0000 00B5     		push	{lr}
  33              	.LCFI0:
  34              		.cfi_def_cfa_offset 4
  35              		.cfi_offset 14, -4
  36 0002 83B0     		sub	sp, sp, #12
  37              	.LCFI1:
  38              		.cfi_def_cfa_offset 16
  39              	.LBB2:
  67:Src/stm32f4xx_hal_msp.c **** 
  68:Src/stm32f4xx_hal_msp.c ****   /* USER CODE BEGIN MspInit 0 */
  69:Src/stm32f4xx_hal_msp.c **** 
  70:Src/stm32f4xx_hal_msp.c ****   /* USER CODE END MspInit 0 */
  71:Src/stm32f4xx_hal_msp.c **** 
  72:Src/stm32f4xx_hal_msp.c ****   __HAL_RCC_SYSCFG_CLK_ENABLE();
  40              		.loc 1 72 0
  41 0004 0022     		movs	r2, #0
  42 0006 0092     		str	r2, [sp]
  43 0008 0D4B     		ldr	r3, .L3
ARM GAS  C:\Users\82057\AppData\Local\Temp\ccWNETGk.s 			page 3


  44 000a 596C     		ldr	r1, [r3, #68]
  45 000c 41F48041 		orr	r1, r1, #16384
  46 0010 5964     		str	r1, [r3, #68]
  47 0012 596C     		ldr	r1, [r3, #68]
  48 0014 01F48041 		and	r1, r1, #16384
  49 0018 0091     		str	r1, [sp]
  50 001a 0099     		ldr	r1, [sp]
  51              	.LBE2:
  52              	.LBB3:
  73:Src/stm32f4xx_hal_msp.c ****   __HAL_RCC_PWR_CLK_ENABLE();
  53              		.loc 1 73 0
  54 001c 0192     		str	r2, [sp, #4]
  55 001e 196C     		ldr	r1, [r3, #64]
  56 0020 41F08051 		orr	r1, r1, #268435456
  57 0024 1964     		str	r1, [r3, #64]
  58 0026 1B6C     		ldr	r3, [r3, #64]
  59 0028 03F08053 		and	r3, r3, #268435456
  60 002c 0193     		str	r3, [sp, #4]
  61 002e 019B     		ldr	r3, [sp, #4]
  62              	.LBE3:
  74:Src/stm32f4xx_hal_msp.c **** 
  75:Src/stm32f4xx_hal_msp.c ****   /* System interrupt init*/
  76:Src/stm32f4xx_hal_msp.c ****   /* PendSV_IRQn interrupt configuration */
  77:Src/stm32f4xx_hal_msp.c ****   HAL_NVIC_SetPriority(PendSV_IRQn, 15, 0);
  63              		.loc 1 77 0
  64 0030 0F21     		movs	r1, #15
  65 0032 6FF00100 		mvn	r0, #1
  66 0036 FFF7FEFF 		bl	HAL_NVIC_SetPriority
  67              	.LVL0:
  78:Src/stm32f4xx_hal_msp.c **** 
  79:Src/stm32f4xx_hal_msp.c ****   /* USER CODE BEGIN MspInit 1 */
  80:Src/stm32f4xx_hal_msp.c **** 
  81:Src/stm32f4xx_hal_msp.c ****   /* USER CODE END MspInit 1 */
  82:Src/stm32f4xx_hal_msp.c **** }
  68              		.loc 1 82 0
  69 003a 03B0     		add	sp, sp, #12
  70              	.LCFI2:
  71              		.cfi_def_cfa_offset 4
  72              		@ sp needed
  73 003c 5DF804FB 		ldr	pc, [sp], #4
  74              	.L4:
  75              		.align	2
  76              	.L3:
  77 0040 00380240 		.word	1073887232
  78              		.cfi_endproc
  79              	.LFE134:
  81              		.section	.text.HAL_TIM_Base_MspInit,"ax",%progbits
  82              		.align	1
  83              		.global	HAL_TIM_Base_MspInit
  84              		.syntax unified
  85              		.thumb
  86              		.thumb_func
  87              		.fpu fpv4-sp-d16
  89              	HAL_TIM_Base_MspInit:
  90              	.LFB135:
  83:Src/stm32f4xx_hal_msp.c **** 
  84:Src/stm32f4xx_hal_msp.c **** /**
ARM GAS  C:\Users\82057\AppData\Local\Temp\ccWNETGk.s 			page 4


  85:Src/stm32f4xx_hal_msp.c **** * @brief TIM_Base MSP Initialization
  86:Src/stm32f4xx_hal_msp.c **** * This function configures the hardware resources used in this example
  87:Src/stm32f4xx_hal_msp.c **** * @param htim_base: TIM_Base handle pointer
  88:Src/stm32f4xx_hal_msp.c **** * @retval None
  89:Src/stm32f4xx_hal_msp.c **** */
  90:Src/stm32f4xx_hal_msp.c **** void HAL_TIM_Base_MspInit(TIM_HandleTypeDef* htim_base)
  91:Src/stm32f4xx_hal_msp.c **** {
  91              		.loc 1 91 0
  92              		.cfi_startproc
  93              		@ args = 0, pretend = 0, frame = 8
  94              		@ frame_needed = 0, uses_anonymous_args = 0
  95              		@ link register save eliminated.
  96              	.LVL1:
  92:Src/stm32f4xx_hal_msp.c ****   if(htim_base->Instance==TIM1)
  97              		.loc 1 92 0
  98 0000 0268     		ldr	r2, [r0]
  99 0002 094B     		ldr	r3, .L12
 100 0004 9A42     		cmp	r2, r3
 101 0006 00D0     		beq	.L11
 102 0008 7047     		bx	lr
 103              	.L11:
  91:Src/stm32f4xx_hal_msp.c ****   if(htim_base->Instance==TIM1)
 104              		.loc 1 91 0
 105 000a 82B0     		sub	sp, sp, #8
 106              	.LCFI3:
 107              		.cfi_def_cfa_offset 8
 108              	.LBB4:
  93:Src/stm32f4xx_hal_msp.c ****   {
  94:Src/stm32f4xx_hal_msp.c ****   /* USER CODE BEGIN TIM1_MspInit 0 */
  95:Src/stm32f4xx_hal_msp.c **** 
  96:Src/stm32f4xx_hal_msp.c ****   /* USER CODE END TIM1_MspInit 0 */
  97:Src/stm32f4xx_hal_msp.c ****     /* Peripheral clock enable */
  98:Src/stm32f4xx_hal_msp.c ****     __HAL_RCC_TIM1_CLK_ENABLE();
 109              		.loc 1 98 0
 110 000c 0023     		movs	r3, #0
 111 000e 0193     		str	r3, [sp, #4]
 112 0010 064B     		ldr	r3, .L12+4
 113 0012 5A6C     		ldr	r2, [r3, #68]
 114 0014 42F00102 		orr	r2, r2, #1
 115 0018 5A64     		str	r2, [r3, #68]
 116 001a 5B6C     		ldr	r3, [r3, #68]
 117 001c 03F00103 		and	r3, r3, #1
 118 0020 0193     		str	r3, [sp, #4]
 119 0022 019B     		ldr	r3, [sp, #4]
 120              	.LBE4:
  99:Src/stm32f4xx_hal_msp.c ****   /* USER CODE BEGIN TIM1_MspInit 1 */
 100:Src/stm32f4xx_hal_msp.c **** 
 101:Src/stm32f4xx_hal_msp.c ****   /* USER CODE END TIM1_MspInit 1 */
 102:Src/stm32f4xx_hal_msp.c ****   }
 103:Src/stm32f4xx_hal_msp.c **** 
 104:Src/stm32f4xx_hal_msp.c **** }
 121              		.loc 1 104 0
 122 0024 02B0     		add	sp, sp, #8
 123              	.LCFI4:
 124              		.cfi_def_cfa_offset 0
 125              		@ sp needed
 126 0026 7047     		bx	lr
ARM GAS  C:\Users\82057\AppData\Local\Temp\ccWNETGk.s 			page 5


 127              	.L13:
 128              		.align	2
 129              	.L12:
 130 0028 00000140 		.word	1073807360
 131 002c 00380240 		.word	1073887232
 132              		.cfi_endproc
 133              	.LFE135:
 135              		.section	.text.HAL_TIM_MspPostInit,"ax",%progbits
 136              		.align	1
 137              		.global	HAL_TIM_MspPostInit
 138              		.syntax unified
 139              		.thumb
 140              		.thumb_func
 141              		.fpu fpv4-sp-d16
 143              	HAL_TIM_MspPostInit:
 144              	.LFB136:
 105:Src/stm32f4xx_hal_msp.c **** 
 106:Src/stm32f4xx_hal_msp.c **** void HAL_TIM_MspPostInit(TIM_HandleTypeDef* htim)
 107:Src/stm32f4xx_hal_msp.c **** {
 145              		.loc 1 107 0
 146              		.cfi_startproc
 147              		@ args = 0, pretend = 0, frame = 32
 148              		@ frame_needed = 0, uses_anonymous_args = 0
 149              	.LVL2:
 150 0000 70B5     		push	{r4, r5, r6, lr}
 151              	.LCFI5:
 152              		.cfi_def_cfa_offset 16
 153              		.cfi_offset 4, -16
 154              		.cfi_offset 5, -12
 155              		.cfi_offset 6, -8
 156              		.cfi_offset 14, -4
 157 0002 88B0     		sub	sp, sp, #32
 158              	.LCFI6:
 159              		.cfi_def_cfa_offset 48
 108:Src/stm32f4xx_hal_msp.c ****   GPIO_InitTypeDef GPIO_InitStruct = {0};
 160              		.loc 1 108 0
 161 0004 0023     		movs	r3, #0
 162 0006 0393     		str	r3, [sp, #12]
 163 0008 0493     		str	r3, [sp, #16]
 164 000a 0593     		str	r3, [sp, #20]
 165 000c 0693     		str	r3, [sp, #24]
 166 000e 0793     		str	r3, [sp, #28]
 109:Src/stm32f4xx_hal_msp.c ****   if(htim->Instance==TIM1)
 167              		.loc 1 109 0
 168 0010 0268     		ldr	r2, [r0]
 169 0012 194B     		ldr	r3, .L18
 170 0014 9A42     		cmp	r2, r3
 171 0016 01D0     		beq	.L17
 172              	.LVL3:
 173              	.L14:
 110:Src/stm32f4xx_hal_msp.c ****   {
 111:Src/stm32f4xx_hal_msp.c ****   /* USER CODE BEGIN TIM1_MspPostInit 0 */
 112:Src/stm32f4xx_hal_msp.c **** 
 113:Src/stm32f4xx_hal_msp.c ****   /* USER CODE END TIM1_MspPostInit 0 */
 114:Src/stm32f4xx_hal_msp.c **** 
 115:Src/stm32f4xx_hal_msp.c ****     __HAL_RCC_GPIOB_CLK_ENABLE();
 116:Src/stm32f4xx_hal_msp.c ****     __HAL_RCC_GPIOA_CLK_ENABLE();
ARM GAS  C:\Users\82057\AppData\Local\Temp\ccWNETGk.s 			page 6


 117:Src/stm32f4xx_hal_msp.c ****     /**TIM1 GPIO Configuration
 118:Src/stm32f4xx_hal_msp.c ****     PB13     ------> TIM1_CH1N
 119:Src/stm32f4xx_hal_msp.c ****     PB14     ------> TIM1_CH2N
 120:Src/stm32f4xx_hal_msp.c ****     PB15     ------> TIM1_CH3N
 121:Src/stm32f4xx_hal_msp.c ****     PA8     ------> TIM1_CH1
 122:Src/stm32f4xx_hal_msp.c ****     PA9     ------> TIM1_CH2
 123:Src/stm32f4xx_hal_msp.c ****     PA10     ------> TIM1_CH3
 124:Src/stm32f4xx_hal_msp.c ****     */
 125:Src/stm32f4xx_hal_msp.c ****     GPIO_InitStruct.Pin = GPIO_PIN_13|GPIO_PIN_14|GPIO_PIN_15;
 126:Src/stm32f4xx_hal_msp.c ****     GPIO_InitStruct.Mode = GPIO_MODE_AF_PP;
 127:Src/stm32f4xx_hal_msp.c ****     GPIO_InitStruct.Pull = GPIO_NOPULL;
 128:Src/stm32f4xx_hal_msp.c ****     GPIO_InitStruct.Speed = GPIO_SPEED_FREQ_LOW;
 129:Src/stm32f4xx_hal_msp.c ****     GPIO_InitStruct.Alternate = GPIO_AF1_TIM1;
 130:Src/stm32f4xx_hal_msp.c ****     HAL_GPIO_Init(GPIOB, &GPIO_InitStruct);
 131:Src/stm32f4xx_hal_msp.c **** 
 132:Src/stm32f4xx_hal_msp.c ****     GPIO_InitStruct.Pin = GPIO_PIN_8|GPIO_PIN_9|GPIO_PIN_10;
 133:Src/stm32f4xx_hal_msp.c ****     GPIO_InitStruct.Mode = GPIO_MODE_AF_PP;
 134:Src/stm32f4xx_hal_msp.c ****     GPIO_InitStruct.Pull = GPIO_NOPULL;
 135:Src/stm32f4xx_hal_msp.c ****     GPIO_InitStruct.Speed = GPIO_SPEED_FREQ_LOW;
 136:Src/stm32f4xx_hal_msp.c ****     GPIO_InitStruct.Alternate = GPIO_AF1_TIM1;
 137:Src/stm32f4xx_hal_msp.c ****     HAL_GPIO_Init(GPIOA, &GPIO_InitStruct);
 138:Src/stm32f4xx_hal_msp.c **** 
 139:Src/stm32f4xx_hal_msp.c ****   /* USER CODE BEGIN TIM1_MspPostInit 1 */
 140:Src/stm32f4xx_hal_msp.c **** 
 141:Src/stm32f4xx_hal_msp.c ****   /* USER CODE END TIM1_MspPostInit 1 */
 142:Src/stm32f4xx_hal_msp.c ****   }
 143:Src/stm32f4xx_hal_msp.c **** 
 144:Src/stm32f4xx_hal_msp.c **** }
 174              		.loc 1 144 0
 175 0018 08B0     		add	sp, sp, #32
 176              	.LCFI7:
 177              		.cfi_remember_state
 178              		.cfi_def_cfa_offset 16
 179              		@ sp needed
 180 001a 70BD     		pop	{r4, r5, r6, pc}
 181              	.LVL4:
 182              	.L17:
 183              	.LCFI8:
 184              		.cfi_restore_state
 185              	.LBB5:
 115:Src/stm32f4xx_hal_msp.c ****     __HAL_RCC_GPIOA_CLK_ENABLE();
 186              		.loc 1 115 0
 187 001c 0024     		movs	r4, #0
 188 001e 0194     		str	r4, [sp, #4]
 189 0020 03F59C33 		add	r3, r3, #79872
 190 0024 1A6B     		ldr	r2, [r3, #48]
 191 0026 42F00202 		orr	r2, r2, #2
 192 002a 1A63     		str	r2, [r3, #48]
 193 002c 1A6B     		ldr	r2, [r3, #48]
 194 002e 02F00202 		and	r2, r2, #2
 195 0032 0192     		str	r2, [sp, #4]
 196 0034 019A     		ldr	r2, [sp, #4]
 197              	.LBE5:
 198              	.LBB6:
 116:Src/stm32f4xx_hal_msp.c ****     /**TIM1 GPIO Configuration
 199              		.loc 1 116 0
 200 0036 0294     		str	r4, [sp, #8]
ARM GAS  C:\Users\82057\AppData\Local\Temp\ccWNETGk.s 			page 7


 201 0038 1A6B     		ldr	r2, [r3, #48]
 202 003a 42F00102 		orr	r2, r2, #1
 203 003e 1A63     		str	r2, [r3, #48]
 204 0040 1B6B     		ldr	r3, [r3, #48]
 205 0042 03F00103 		and	r3, r3, #1
 206 0046 0293     		str	r3, [sp, #8]
 207 0048 029B     		ldr	r3, [sp, #8]
 208              	.LBE6:
 125:Src/stm32f4xx_hal_msp.c ****     GPIO_InitStruct.Mode = GPIO_MODE_AF_PP;
 209              		.loc 1 125 0
 210 004a 4FF46043 		mov	r3, #57344
 211 004e 0393     		str	r3, [sp, #12]
 126:Src/stm32f4xx_hal_msp.c ****     GPIO_InitStruct.Pull = GPIO_NOPULL;
 212              		.loc 1 126 0
 213 0050 0226     		movs	r6, #2
 214 0052 0496     		str	r6, [sp, #16]
 129:Src/stm32f4xx_hal_msp.c ****     HAL_GPIO_Init(GPIOB, &GPIO_InitStruct);
 215              		.loc 1 129 0
 216 0054 0125     		movs	r5, #1
 217 0056 0795     		str	r5, [sp, #28]
 130:Src/stm32f4xx_hal_msp.c **** 
 218              		.loc 1 130 0
 219 0058 03A9     		add	r1, sp, #12
 220 005a 0848     		ldr	r0, .L18+4
 221              	.LVL5:
 222 005c FFF7FEFF 		bl	HAL_GPIO_Init
 223              	.LVL6:
 132:Src/stm32f4xx_hal_msp.c ****     GPIO_InitStruct.Mode = GPIO_MODE_AF_PP;
 224              		.loc 1 132 0
 225 0060 4FF4E063 		mov	r3, #1792
 226 0064 0393     		str	r3, [sp, #12]
 133:Src/stm32f4xx_hal_msp.c ****     GPIO_InitStruct.Pull = GPIO_NOPULL;
 227              		.loc 1 133 0
 228 0066 0496     		str	r6, [sp, #16]
 134:Src/stm32f4xx_hal_msp.c ****     GPIO_InitStruct.Speed = GPIO_SPEED_FREQ_LOW;
 229              		.loc 1 134 0
 230 0068 0594     		str	r4, [sp, #20]
 135:Src/stm32f4xx_hal_msp.c ****     GPIO_InitStruct.Alternate = GPIO_AF1_TIM1;
 231              		.loc 1 135 0
 232 006a 0694     		str	r4, [sp, #24]
 136:Src/stm32f4xx_hal_msp.c ****     HAL_GPIO_Init(GPIOA, &GPIO_InitStruct);
 233              		.loc 1 136 0
 234 006c 0795     		str	r5, [sp, #28]
 137:Src/stm32f4xx_hal_msp.c **** 
 235              		.loc 1 137 0
 236 006e 03A9     		add	r1, sp, #12
 237 0070 0348     		ldr	r0, .L18+8
 238 0072 FFF7FEFF 		bl	HAL_GPIO_Init
 239              	.LVL7:
 240              		.loc 1 144 0
 241 0076 CFE7     		b	.L14
 242              	.L19:
 243              		.align	2
 244              	.L18:
 245 0078 00000140 		.word	1073807360
 246 007c 00040240 		.word	1073873920
 247 0080 00000240 		.word	1073872896
ARM GAS  C:\Users\82057\AppData\Local\Temp\ccWNETGk.s 			page 8


 248              		.cfi_endproc
 249              	.LFE136:
 251              		.section	.text.HAL_TIM_Base_MspDeInit,"ax",%progbits
 252              		.align	1
 253              		.global	HAL_TIM_Base_MspDeInit
 254              		.syntax unified
 255              		.thumb
 256              		.thumb_func
 257              		.fpu fpv4-sp-d16
 259              	HAL_TIM_Base_MspDeInit:
 260              	.LFB137:
 145:Src/stm32f4xx_hal_msp.c **** /**
 146:Src/stm32f4xx_hal_msp.c **** * @brief TIM_Base MSP De-Initialization
 147:Src/stm32f4xx_hal_msp.c **** * This function freeze the hardware resources used in this example
 148:Src/stm32f4xx_hal_msp.c **** * @param htim_base: TIM_Base handle pointer
 149:Src/stm32f4xx_hal_msp.c **** * @retval None
 150:Src/stm32f4xx_hal_msp.c **** */
 151:Src/stm32f4xx_hal_msp.c **** void HAL_TIM_Base_MspDeInit(TIM_HandleTypeDef* htim_base)
 152:Src/stm32f4xx_hal_msp.c **** {
 261              		.loc 1 152 0
 262              		.cfi_startproc
 263              		@ args = 0, pretend = 0, frame = 0
 264              		@ frame_needed = 0, uses_anonymous_args = 0
 265              		@ link register save eliminated.
 266              	.LVL8:
 153:Src/stm32f4xx_hal_msp.c ****   if(htim_base->Instance==TIM1)
 267              		.loc 1 153 0
 268 0000 0268     		ldr	r2, [r0]
 269 0002 054B     		ldr	r3, .L23
 270 0004 9A42     		cmp	r2, r3
 271 0006 00D0     		beq	.L22
 272              	.L20:
 154:Src/stm32f4xx_hal_msp.c ****   {
 155:Src/stm32f4xx_hal_msp.c ****   /* USER CODE BEGIN TIM1_MspDeInit 0 */
 156:Src/stm32f4xx_hal_msp.c **** 
 157:Src/stm32f4xx_hal_msp.c ****   /* USER CODE END TIM1_MspDeInit 0 */
 158:Src/stm32f4xx_hal_msp.c ****     /* Peripheral clock disable */
 159:Src/stm32f4xx_hal_msp.c ****     __HAL_RCC_TIM1_CLK_DISABLE();
 160:Src/stm32f4xx_hal_msp.c ****   /* USER CODE BEGIN TIM1_MspDeInit 1 */
 161:Src/stm32f4xx_hal_msp.c **** 
 162:Src/stm32f4xx_hal_msp.c ****   /* USER CODE END TIM1_MspDeInit 1 */
 163:Src/stm32f4xx_hal_msp.c ****   }
 164:Src/stm32f4xx_hal_msp.c **** 
 165:Src/stm32f4xx_hal_msp.c **** }
 273              		.loc 1 165 0
 274 0008 7047     		bx	lr
 275              	.L22:
 159:Src/stm32f4xx_hal_msp.c ****   /* USER CODE BEGIN TIM1_MspDeInit 1 */
 276              		.loc 1 159 0
 277 000a 044A     		ldr	r2, .L23+4
 278 000c 536C     		ldr	r3, [r2, #68]
 279 000e 23F00103 		bic	r3, r3, #1
 280 0012 5364     		str	r3, [r2, #68]
 281              		.loc 1 165 0
 282 0014 F8E7     		b	.L20
 283              	.L24:
 284 0016 00BF     		.align	2
ARM GAS  C:\Users\82057\AppData\Local\Temp\ccWNETGk.s 			page 9


 285              	.L23:
 286 0018 00000140 		.word	1073807360
 287 001c 00380240 		.word	1073887232
 288              		.cfi_endproc
 289              	.LFE137:
 291              		.text
 292              	.Letext0:
 293              		.file 2 "c:\\program files (x86)\\gnu tools arm embedded\\7 2018-q2-update\\arm-none-eabi\\include
 294              		.file 3 "c:\\program files (x86)\\gnu tools arm embedded\\7 2018-q2-update\\arm-none-eabi\\include
 295              		.file 4 "Drivers/CMSIS/Include/core_cm4.h"
 296              		.file 5 "Drivers/CMSIS/Device/ST/STM32F4xx/Include/system_stm32f4xx.h"
 297              		.file 6 "Drivers/CMSIS/Device/ST/STM32F4xx/Include/stm32f405xx.h"
 298              		.file 7 "Drivers/STM32F4xx_HAL_Driver/Inc/stm32f4xx_hal_def.h"
 299              		.file 8 "Drivers/STM32F4xx_HAL_Driver/Inc/stm32f4xx_hal_gpio.h"
 300              		.file 9 "Drivers/STM32F4xx_HAL_Driver/Inc/stm32f4xx_hal_dma.h"
 301              		.file 10 "Drivers/STM32F4xx_HAL_Driver/Inc/stm32f4xx_hal_tim.h"
 302              		.file 11 "Drivers/STM32F4xx_HAL_Driver/Inc/stm32f4xx_hal.h"
 303              		.file 12 "Drivers/STM32F4xx_HAL_Driver/Inc/stm32f4xx_hal_cortex.h"
ARM GAS  C:\Users\82057\AppData\Local\Temp\ccWNETGk.s 			page 10


DEFINED SYMBOLS
                            *ABS*:00000000 stm32f4xx_hal_msp.c
C:\Users\82057\AppData\Local\Temp\ccWNETGk.s:18     .text.HAL_MspInit:00000000 $t
C:\Users\82057\AppData\Local\Temp\ccWNETGk.s:25     .text.HAL_MspInit:00000000 HAL_MspInit
C:\Users\82057\AppData\Local\Temp\ccWNETGk.s:77     .text.HAL_MspInit:00000040 $d
C:\Users\82057\AppData\Local\Temp\ccWNETGk.s:82     .text.HAL_TIM_Base_MspInit:00000000 $t
C:\Users\82057\AppData\Local\Temp\ccWNETGk.s:89     .text.HAL_TIM_Base_MspInit:00000000 HAL_TIM_Base_MspInit
C:\Users\82057\AppData\Local\Temp\ccWNETGk.s:130    .text.HAL_TIM_Base_MspInit:00000028 $d
C:\Users\82057\AppData\Local\Temp\ccWNETGk.s:136    .text.HAL_TIM_MspPostInit:00000000 $t
C:\Users\82057\AppData\Local\Temp\ccWNETGk.s:143    .text.HAL_TIM_MspPostInit:00000000 HAL_TIM_MspPostInit
C:\Users\82057\AppData\Local\Temp\ccWNETGk.s:245    .text.HAL_TIM_MspPostInit:00000078 $d
C:\Users\82057\AppData\Local\Temp\ccWNETGk.s:252    .text.HAL_TIM_Base_MspDeInit:00000000 $t
C:\Users\82057\AppData\Local\Temp\ccWNETGk.s:259    .text.HAL_TIM_Base_MspDeInit:00000000 HAL_TIM_Base_MspDeInit
C:\Users\82057\AppData\Local\Temp\ccWNETGk.s:286    .text.HAL_TIM_Base_MspDeInit:00000018 $d

UNDEFINED SYMBOLS
HAL_NVIC_SetPriority
HAL_GPIO_Init
