ARM GAS  C:\Users\82057\AppData\Local\Temp\ccljE20f.s 			page 1


   1              		.cpu cortex-m4
   2              		.eabi_attribute 27, 1
   3              		.eabi_attribute 28, 1
   4              		.eabi_attribute 20, 1
   5              		.eabi_attribute 21, 1
   6              		.eabi_attribute 23, 3
   7              		.eabi_attribute 24, 1
   8              		.eabi_attribute 25, 1
   9              		.eabi_attribute 26, 1
  10              		.eabi_attribute 30, 1
  11              		.eabi_attribute 34, 1
  12              		.eabi_attribute 18, 4
  13              		.file	"stm32f4xx_it.c"
  14              		.text
  15              	.Ltext0:
  16              		.cfi_sections	.debug_frame
  17              		.section	.text.NMI_Handler,"ax",%progbits
  18              		.align	1
  19              		.global	NMI_Handler
  20              		.syntax unified
  21              		.thumb
  22              		.thumb_func
  23              		.fpu fpv4-sp-d16
  25              	NMI_Handler:
  26              	.LFB139:
  27              		.file 1 "Src/stm32f4xx_it.c"
   1:Src/stm32f4xx_it.c **** /* USER CODE BEGIN Header */
   2:Src/stm32f4xx_it.c **** /**
   3:Src/stm32f4xx_it.c ****   ******************************************************************************
   4:Src/stm32f4xx_it.c ****   * @file    stm32f4xx_it.c
   5:Src/stm32f4xx_it.c ****   * @brief   Interrupt Service Routines.
   6:Src/stm32f4xx_it.c ****   ******************************************************************************
   7:Src/stm32f4xx_it.c ****   * @attention
   8:Src/stm32f4xx_it.c ****   *
   9:Src/stm32f4xx_it.c ****   * Copyright (c) 2024 STMicroelectronics.
  10:Src/stm32f4xx_it.c ****   * All rights reserved.
  11:Src/stm32f4xx_it.c ****   *
  12:Src/stm32f4xx_it.c ****   * This software is licensed under terms that can be found in the LICENSE file
  13:Src/stm32f4xx_it.c ****   * in the root directory of this software component.
  14:Src/stm32f4xx_it.c ****   * If no LICENSE file comes with this software, it is provided AS-IS.
  15:Src/stm32f4xx_it.c ****   *
  16:Src/stm32f4xx_it.c ****   ******************************************************************************
  17:Src/stm32f4xx_it.c ****   */
  18:Src/stm32f4xx_it.c **** /* USER CODE END Header */
  19:Src/stm32f4xx_it.c **** 
  20:Src/stm32f4xx_it.c **** /* Includes ------------------------------------------------------------------*/
  21:Src/stm32f4xx_it.c **** #include "main.h"
  22:Src/stm32f4xx_it.c **** #include "stm32f4xx_it.h"
  23:Src/stm32f4xx_it.c **** #include "FreeRTOS.h"
  24:Src/stm32f4xx_it.c **** #include "task.h"
  25:Src/stm32f4xx_it.c **** /* Private includes ----------------------------------------------------------*/
  26:Src/stm32f4xx_it.c **** /* USER CODE BEGIN Includes */
  27:Src/stm32f4xx_it.c **** /* USER CODE END Includes */
  28:Src/stm32f4xx_it.c **** 
  29:Src/stm32f4xx_it.c **** /* Private typedef -----------------------------------------------------------*/
  30:Src/stm32f4xx_it.c **** /* USER CODE BEGIN TD */
  31:Src/stm32f4xx_it.c **** 
ARM GAS  C:\Users\82057\AppData\Local\Temp\ccljE20f.s 			page 2


  32:Src/stm32f4xx_it.c **** /* USER CODE END TD */
  33:Src/stm32f4xx_it.c **** 
  34:Src/stm32f4xx_it.c **** /* Private define ------------------------------------------------------------*/
  35:Src/stm32f4xx_it.c **** /* USER CODE BEGIN PD */
  36:Src/stm32f4xx_it.c **** 
  37:Src/stm32f4xx_it.c **** /* USER CODE END PD */
  38:Src/stm32f4xx_it.c **** 
  39:Src/stm32f4xx_it.c **** /* Private macro -------------------------------------------------------------*/
  40:Src/stm32f4xx_it.c **** /* USER CODE BEGIN PM */
  41:Src/stm32f4xx_it.c **** 
  42:Src/stm32f4xx_it.c **** /* USER CODE END PM */
  43:Src/stm32f4xx_it.c **** 
  44:Src/stm32f4xx_it.c **** /* Private variables ---------------------------------------------------------*/
  45:Src/stm32f4xx_it.c **** /* USER CODE BEGIN PV */
  46:Src/stm32f4xx_it.c **** 
  47:Src/stm32f4xx_it.c **** /* USER CODE END PV */
  48:Src/stm32f4xx_it.c **** 
  49:Src/stm32f4xx_it.c **** /* Private function prototypes -----------------------------------------------*/
  50:Src/stm32f4xx_it.c **** /* USER CODE BEGIN PFP */
  51:Src/stm32f4xx_it.c **** 
  52:Src/stm32f4xx_it.c **** /* USER CODE END PFP */
  53:Src/stm32f4xx_it.c **** 
  54:Src/stm32f4xx_it.c **** /* Private user code ---------------------------------------------------------*/
  55:Src/stm32f4xx_it.c **** /* USER CODE BEGIN 0 */
  56:Src/stm32f4xx_it.c **** 
  57:Src/stm32f4xx_it.c **** /* USER CODE END 0 */
  58:Src/stm32f4xx_it.c **** 
  59:Src/stm32f4xx_it.c **** /* External variables --------------------------------------------------------*/
  60:Src/stm32f4xx_it.c **** extern PCD_HandleTypeDef hpcd_USB_OTG_FS;
  61:Src/stm32f4xx_it.c **** /* USER CODE BEGIN EV */
  62:Src/stm32f4xx_it.c **** 
  63:Src/stm32f4xx_it.c **** /* USER CODE END EV */
  64:Src/stm32f4xx_it.c **** 
  65:Src/stm32f4xx_it.c **** /******************************************************************************/
  66:Src/stm32f4xx_it.c **** /*           Cortex-M4 Processor Interruption and Exception Handlers          */
  67:Src/stm32f4xx_it.c **** /******************************************************************************/
  68:Src/stm32f4xx_it.c **** /**
  69:Src/stm32f4xx_it.c ****   * @brief This function handles Non maskable interrupt.
  70:Src/stm32f4xx_it.c ****   */
  71:Src/stm32f4xx_it.c **** void NMI_Handler(void)
  72:Src/stm32f4xx_it.c **** {
  28              		.loc 1 72 0
  29              		.cfi_startproc
  30              		@ Volatile: function does not return.
  31              		@ args = 0, pretend = 0, frame = 0
  32              		@ frame_needed = 0, uses_anonymous_args = 0
  33              		@ link register save eliminated.
  34              	.L2:
  35 0000 FEE7     		b	.L2
  36              		.cfi_endproc
  37              	.LFE139:
  39              		.section	.text.HardFault_Handler,"ax",%progbits
  40              		.align	1
  41              		.global	HardFault_Handler
  42              		.syntax unified
  43              		.thumb
  44              		.thumb_func
ARM GAS  C:\Users\82057\AppData\Local\Temp\ccljE20f.s 			page 3


  45              		.fpu fpv4-sp-d16
  47              	HardFault_Handler:
  48              	.LFB140:
  73:Src/stm32f4xx_it.c ****   /* USER CODE BEGIN NonMaskableInt_IRQn 0 */
  74:Src/stm32f4xx_it.c **** 
  75:Src/stm32f4xx_it.c ****   /* USER CODE END NonMaskableInt_IRQn 0 */
  76:Src/stm32f4xx_it.c ****   /* USER CODE BEGIN NonMaskableInt_IRQn 1 */
  77:Src/stm32f4xx_it.c ****    while (1)
  78:Src/stm32f4xx_it.c ****   {
  79:Src/stm32f4xx_it.c ****   }
  80:Src/stm32f4xx_it.c ****   /* USER CODE END NonMaskableInt_IRQn 1 */
  81:Src/stm32f4xx_it.c **** }
  82:Src/stm32f4xx_it.c **** 
  83:Src/stm32f4xx_it.c **** /**
  84:Src/stm32f4xx_it.c ****   * @brief This function handles Hard fault interrupt.
  85:Src/stm32f4xx_it.c ****   */
  86:Src/stm32f4xx_it.c **** void HardFault_Handler(void)
  87:Src/stm32f4xx_it.c **** {
  49              		.loc 1 87 0
  50              		.cfi_startproc
  51              		@ Volatile: function does not return.
  52              		@ args = 0, pretend = 0, frame = 0
  53              		@ frame_needed = 0, uses_anonymous_args = 0
  54              		@ link register save eliminated.
  55              	.L4:
  56 0000 FEE7     		b	.L4
  57              		.cfi_endproc
  58              	.LFE140:
  60              		.section	.text.MemManage_Handler,"ax",%progbits
  61              		.align	1
  62              		.global	MemManage_Handler
  63              		.syntax unified
  64              		.thumb
  65              		.thumb_func
  66              		.fpu fpv4-sp-d16
  68              	MemManage_Handler:
  69              	.LFB141:
  88:Src/stm32f4xx_it.c ****   /* USER CODE BEGIN HardFault_IRQn 0 */
  89:Src/stm32f4xx_it.c **** 
  90:Src/stm32f4xx_it.c ****   /* USER CODE END HardFault_IRQn 0 */
  91:Src/stm32f4xx_it.c ****   while (1)
  92:Src/stm32f4xx_it.c ****   {
  93:Src/stm32f4xx_it.c ****     /* USER CODE BEGIN W1_HardFault_IRQn 0 */
  94:Src/stm32f4xx_it.c ****     /* USER CODE END W1_HardFault_IRQn 0 */
  95:Src/stm32f4xx_it.c ****   }
  96:Src/stm32f4xx_it.c **** }
  97:Src/stm32f4xx_it.c **** 
  98:Src/stm32f4xx_it.c **** /**
  99:Src/stm32f4xx_it.c ****   * @brief This function handles Memory management fault.
 100:Src/stm32f4xx_it.c ****   */
 101:Src/stm32f4xx_it.c **** void MemManage_Handler(void)
 102:Src/stm32f4xx_it.c **** {
  70              		.loc 1 102 0
  71              		.cfi_startproc
  72              		@ Volatile: function does not return.
  73              		@ args = 0, pretend = 0, frame = 0
  74              		@ frame_needed = 0, uses_anonymous_args = 0
ARM GAS  C:\Users\82057\AppData\Local\Temp\ccljE20f.s 			page 4


  75              		@ link register save eliminated.
  76              	.L6:
  77 0000 FEE7     		b	.L6
  78              		.cfi_endproc
  79              	.LFE141:
  81              		.section	.text.BusFault_Handler,"ax",%progbits
  82              		.align	1
  83              		.global	BusFault_Handler
  84              		.syntax unified
  85              		.thumb
  86              		.thumb_func
  87              		.fpu fpv4-sp-d16
  89              	BusFault_Handler:
  90              	.LFB142:
 103:Src/stm32f4xx_it.c ****   /* USER CODE BEGIN MemoryManagement_IRQn 0 */
 104:Src/stm32f4xx_it.c **** 
 105:Src/stm32f4xx_it.c ****   /* USER CODE END MemoryManagement_IRQn 0 */
 106:Src/stm32f4xx_it.c ****   while (1)
 107:Src/stm32f4xx_it.c ****   {
 108:Src/stm32f4xx_it.c ****     /* USER CODE BEGIN W1_MemoryManagement_IRQn 0 */
 109:Src/stm32f4xx_it.c ****     /* USER CODE END W1_MemoryManagement_IRQn 0 */
 110:Src/stm32f4xx_it.c ****   }
 111:Src/stm32f4xx_it.c **** }
 112:Src/stm32f4xx_it.c **** 
 113:Src/stm32f4xx_it.c **** /**
 114:Src/stm32f4xx_it.c ****   * @brief This function handles Pre-fetch fault, memory access fault.
 115:Src/stm32f4xx_it.c ****   */
 116:Src/stm32f4xx_it.c **** void BusFault_Handler(void)
 117:Src/stm32f4xx_it.c **** {
  91              		.loc 1 117 0
  92              		.cfi_startproc
  93              		@ Volatile: function does not return.
  94              		@ args = 0, pretend = 0, frame = 0
  95              		@ frame_needed = 0, uses_anonymous_args = 0
  96              		@ link register save eliminated.
  97              	.L8:
  98 0000 FEE7     		b	.L8
  99              		.cfi_endproc
 100              	.LFE142:
 102              		.section	.text.UsageFault_Handler,"ax",%progbits
 103              		.align	1
 104              		.global	UsageFault_Handler
 105              		.syntax unified
 106              		.thumb
 107              		.thumb_func
 108              		.fpu fpv4-sp-d16
 110              	UsageFault_Handler:
 111              	.LFB143:
 118:Src/stm32f4xx_it.c ****   /* USER CODE BEGIN BusFault_IRQn 0 */
 119:Src/stm32f4xx_it.c **** 
 120:Src/stm32f4xx_it.c ****   /* USER CODE END BusFault_IRQn 0 */
 121:Src/stm32f4xx_it.c ****   while (1)
 122:Src/stm32f4xx_it.c ****   {
 123:Src/stm32f4xx_it.c ****     /* USER CODE BEGIN W1_BusFault_IRQn 0 */
 124:Src/stm32f4xx_it.c ****     /* USER CODE END W1_BusFault_IRQn 0 */
 125:Src/stm32f4xx_it.c ****   }
 126:Src/stm32f4xx_it.c **** }
ARM GAS  C:\Users\82057\AppData\Local\Temp\ccljE20f.s 			page 5


 127:Src/stm32f4xx_it.c **** 
 128:Src/stm32f4xx_it.c **** /**
 129:Src/stm32f4xx_it.c ****   * @brief This function handles Undefined instruction or illegal state.
 130:Src/stm32f4xx_it.c ****   */
 131:Src/stm32f4xx_it.c **** void UsageFault_Handler(void)
 132:Src/stm32f4xx_it.c **** {
 112              		.loc 1 132 0
 113              		.cfi_startproc
 114              		@ Volatile: function does not return.
 115              		@ args = 0, pretend = 0, frame = 0
 116              		@ frame_needed = 0, uses_anonymous_args = 0
 117              		@ link register save eliminated.
 118              	.L10:
 119 0000 FEE7     		b	.L10
 120              		.cfi_endproc
 121              	.LFE143:
 123              		.section	.text.DebugMon_Handler,"ax",%progbits
 124              		.align	1
 125              		.global	DebugMon_Handler
 126              		.syntax unified
 127              		.thumb
 128              		.thumb_func
 129              		.fpu fpv4-sp-d16
 131              	DebugMon_Handler:
 132              	.LFB144:
 133:Src/stm32f4xx_it.c ****   /* USER CODE BEGIN UsageFault_IRQn 0 */
 134:Src/stm32f4xx_it.c **** 
 135:Src/stm32f4xx_it.c ****   /* USER CODE END UsageFault_IRQn 0 */
 136:Src/stm32f4xx_it.c ****   while (1)
 137:Src/stm32f4xx_it.c ****   {
 138:Src/stm32f4xx_it.c ****     /* USER CODE BEGIN W1_UsageFault_IRQn 0 */
 139:Src/stm32f4xx_it.c ****     /* USER CODE END W1_UsageFault_IRQn 0 */
 140:Src/stm32f4xx_it.c ****   }
 141:Src/stm32f4xx_it.c **** }
 142:Src/stm32f4xx_it.c **** 
 143:Src/stm32f4xx_it.c **** /**
 144:Src/stm32f4xx_it.c ****   * @brief This function handles Debug monitor.
 145:Src/stm32f4xx_it.c ****   */
 146:Src/stm32f4xx_it.c **** void DebugMon_Handler(void)
 147:Src/stm32f4xx_it.c **** {
 133              		.loc 1 147 0
 134              		.cfi_startproc
 135              		@ args = 0, pretend = 0, frame = 0
 136              		@ frame_needed = 0, uses_anonymous_args = 0
 137              		@ link register save eliminated.
 148:Src/stm32f4xx_it.c ****   /* USER CODE BEGIN DebugMonitor_IRQn 0 */
 149:Src/stm32f4xx_it.c **** 
 150:Src/stm32f4xx_it.c ****   /* USER CODE END DebugMonitor_IRQn 0 */
 151:Src/stm32f4xx_it.c ****   /* USER CODE BEGIN DebugMonitor_IRQn 1 */
 152:Src/stm32f4xx_it.c **** 
 153:Src/stm32f4xx_it.c ****   /* USER CODE END DebugMonitor_IRQn 1 */
 154:Src/stm32f4xx_it.c **** }
 138              		.loc 1 154 0
 139 0000 7047     		bx	lr
 140              		.cfi_endproc
 141              	.LFE144:
 143              		.section	.text.SysTick_Handler,"ax",%progbits
ARM GAS  C:\Users\82057\AppData\Local\Temp\ccljE20f.s 			page 6


 144              		.align	1
 145              		.global	SysTick_Handler
 146              		.syntax unified
 147              		.thumb
 148              		.thumb_func
 149              		.fpu fpv4-sp-d16
 151              	SysTick_Handler:
 152              	.LFB145:
 155:Src/stm32f4xx_it.c **** 
 156:Src/stm32f4xx_it.c **** /**
 157:Src/stm32f4xx_it.c ****   * @brief This function handles System tick timer.
 158:Src/stm32f4xx_it.c ****   */
 159:Src/stm32f4xx_it.c **** void SysTick_Handler(void)
 160:Src/stm32f4xx_it.c **** {
 153              		.loc 1 160 0
 154              		.cfi_startproc
 155              		@ args = 0, pretend = 0, frame = 0
 156              		@ frame_needed = 0, uses_anonymous_args = 0
 157 0000 08B5     		push	{r3, lr}
 158              	.LCFI0:
 159              		.cfi_def_cfa_offset 8
 160              		.cfi_offset 3, -8
 161              		.cfi_offset 14, -4
 161:Src/stm32f4xx_it.c ****   /* USER CODE BEGIN SysTick_IRQn 0 */
 162:Src/stm32f4xx_it.c **** 
 163:Src/stm32f4xx_it.c ****   /* USER CODE END SysTick_IRQn 0 */
 164:Src/stm32f4xx_it.c ****   HAL_IncTick();
 162              		.loc 1 164 0
 163 0002 FFF7FEFF 		bl	HAL_IncTick
 164              	.LVL0:
 165:Src/stm32f4xx_it.c **** #if (INCLUDE_xTaskGetSchedulerState == 1 )
 166:Src/stm32f4xx_it.c ****   if (xTaskGetSchedulerState() != taskSCHEDULER_NOT_STARTED)
 165              		.loc 1 166 0
 166 0006 FFF7FEFF 		bl	xTaskGetSchedulerState
 167              	.LVL1:
 168 000a 0128     		cmp	r0, #1
 169 000c 01D0     		beq	.L12
 167:Src/stm32f4xx_it.c ****   {
 168:Src/stm32f4xx_it.c **** #endif /* INCLUDE_xTaskGetSchedulerState */
 169:Src/stm32f4xx_it.c ****   xPortSysTickHandler();
 170              		.loc 1 169 0
 171 000e FFF7FEFF 		bl	xPortSysTickHandler
 172              	.LVL2:
 173              	.L12:
 170:Src/stm32f4xx_it.c **** #if (INCLUDE_xTaskGetSchedulerState == 1 )
 171:Src/stm32f4xx_it.c ****   }
 172:Src/stm32f4xx_it.c **** #endif /* INCLUDE_xTaskGetSchedulerState */
 173:Src/stm32f4xx_it.c ****   /* USER CODE BEGIN SysTick_IRQn 1 */
 174:Src/stm32f4xx_it.c **** 
 175:Src/stm32f4xx_it.c ****   /* USER CODE END SysTick_IRQn 1 */
 176:Src/stm32f4xx_it.c **** }
 174              		.loc 1 176 0
 175 0012 08BD     		pop	{r3, pc}
 176              		.cfi_endproc
 177              	.LFE145:
 179              		.section	.text.OTG_FS_IRQHandler,"ax",%progbits
 180              		.align	1
ARM GAS  C:\Users\82057\AppData\Local\Temp\ccljE20f.s 			page 7


 181              		.global	OTG_FS_IRQHandler
 182              		.syntax unified
 183              		.thumb
 184              		.thumb_func
 185              		.fpu fpv4-sp-d16
 187              	OTG_FS_IRQHandler:
 188              	.LFB146:
 177:Src/stm32f4xx_it.c **** 
 178:Src/stm32f4xx_it.c **** /******************************************************************************/
 179:Src/stm32f4xx_it.c **** /* STM32F4xx Peripheral Interrupt Handlers                                    */
 180:Src/stm32f4xx_it.c **** /* Add here the Interrupt Handlers for the used peripherals.                  */
 181:Src/stm32f4xx_it.c **** /* For the available peripheral interrupt handler names,                      */
 182:Src/stm32f4xx_it.c **** /* please refer to the startup file (startup_stm32f4xx.s).                    */
 183:Src/stm32f4xx_it.c **** /******************************************************************************/
 184:Src/stm32f4xx_it.c **** 
 185:Src/stm32f4xx_it.c **** /**
 186:Src/stm32f4xx_it.c ****   * @brief This function handles USB On The Go FS global interrupt.
 187:Src/stm32f4xx_it.c ****   */
 188:Src/stm32f4xx_it.c **** void OTG_FS_IRQHandler(void)
 189:Src/stm32f4xx_it.c **** {
 189              		.loc 1 189 0
 190              		.cfi_startproc
 191              		@ args = 0, pretend = 0, frame = 0
 192              		@ frame_needed = 0, uses_anonymous_args = 0
 193 0000 08B5     		push	{r3, lr}
 194              	.LCFI1:
 195              		.cfi_def_cfa_offset 8
 196              		.cfi_offset 3, -8
 197              		.cfi_offset 14, -4
 190:Src/stm32f4xx_it.c ****   /* USER CODE BEGIN OTG_FS_IRQn 0 */
 191:Src/stm32f4xx_it.c **** 
 192:Src/stm32f4xx_it.c ****   /* USER CODE END OTG_FS_IRQn 0 */
 193:Src/stm32f4xx_it.c ****   HAL_PCD_IRQHandler(&hpcd_USB_OTG_FS);
 198              		.loc 1 193 0
 199 0002 0248     		ldr	r0, .L17
 200 0004 FFF7FEFF 		bl	HAL_PCD_IRQHandler
 201              	.LVL3:
 194:Src/stm32f4xx_it.c ****   /* USER CODE BEGIN OTG_FS_IRQn 1 */
 195:Src/stm32f4xx_it.c **** 
 196:Src/stm32f4xx_it.c ****   /* USER CODE END OTG_FS_IRQn 1 */
 197:Src/stm32f4xx_it.c **** }
 202              		.loc 1 197 0
 203 0008 08BD     		pop	{r3, pc}
 204              	.L18:
 205 000a 00BF     		.align	2
 206              	.L17:
 207 000c 00000000 		.word	hpcd_USB_OTG_FS
 208              		.cfi_endproc
 209              	.LFE146:
 211              		.text
 212              	.Letext0:
 213              		.file 2 "c:\\program files (x86)\\gnu tools arm embedded\\7 2018-q2-update\\arm-none-eabi\\include
 214              		.file 3 "c:\\program files (x86)\\gnu tools arm embedded\\7 2018-q2-update\\arm-none-eabi\\include
 215              		.file 4 "Drivers/CMSIS/Include/core_cm4.h"
 216              		.file 5 "Drivers/CMSIS/Device/ST/STM32F4xx/Include/system_stm32f4xx.h"
 217              		.file 6 "Drivers/CMSIS/Device/ST/STM32F4xx/Include/stm32f405xx.h"
 218              		.file 7 "Drivers/STM32F4xx_HAL_Driver/Inc/stm32f4xx_hal_def.h"
ARM GAS  C:\Users\82057\AppData\Local\Temp\ccljE20f.s 			page 8


 219              		.file 8 "Drivers/STM32F4xx_HAL_Driver/Inc/stm32f4xx_ll_usb.h"
 220              		.file 9 "Drivers/STM32F4xx_HAL_Driver/Inc/stm32f4xx_hal_pcd.h"
 221              		.file 10 "Drivers/STM32F4xx_HAL_Driver/Inc/stm32f4xx_hal.h"
 222              		.file 11 "Middlewares/Third_Party/FreeRTOS/Source/portable/GCC/ARM_CM4F/portmacro.h"
 223              		.file 12 "Middlewares/Third_Party/FreeRTOS/Source/include/task.h"
 224              		.file 13 "Inc/FreeRTOSConfig.h"
ARM GAS  C:\Users\82057\AppData\Local\Temp\ccljE20f.s 			page 9


DEFINED SYMBOLS
                            *ABS*:00000000 stm32f4xx_it.c
C:\Users\82057\AppData\Local\Temp\ccljE20f.s:18     .text.NMI_Handler:00000000 $t
C:\Users\82057\AppData\Local\Temp\ccljE20f.s:25     .text.NMI_Handler:00000000 NMI_Handler
C:\Users\82057\AppData\Local\Temp\ccljE20f.s:40     .text.HardFault_Handler:00000000 $t
C:\Users\82057\AppData\Local\Temp\ccljE20f.s:47     .text.HardFault_Handler:00000000 HardFault_Handler
C:\Users\82057\AppData\Local\Temp\ccljE20f.s:61     .text.MemManage_Handler:00000000 $t
C:\Users\82057\AppData\Local\Temp\ccljE20f.s:68     .text.MemManage_Handler:00000000 MemManage_Handler
C:\Users\82057\AppData\Local\Temp\ccljE20f.s:82     .text.BusFault_Handler:00000000 $t
C:\Users\82057\AppData\Local\Temp\ccljE20f.s:89     .text.BusFault_Handler:00000000 BusFault_Handler
C:\Users\82057\AppData\Local\Temp\ccljE20f.s:103    .text.UsageFault_Handler:00000000 $t
C:\Users\82057\AppData\Local\Temp\ccljE20f.s:110    .text.UsageFault_Handler:00000000 UsageFault_Handler
C:\Users\82057\AppData\Local\Temp\ccljE20f.s:124    .text.DebugMon_Handler:00000000 $t
C:\Users\82057\AppData\Local\Temp\ccljE20f.s:131    .text.DebugMon_Handler:00000000 DebugMon_Handler
C:\Users\82057\AppData\Local\Temp\ccljE20f.s:144    .text.SysTick_Handler:00000000 $t
C:\Users\82057\AppData\Local\Temp\ccljE20f.s:151    .text.SysTick_Handler:00000000 SysTick_Handler
C:\Users\82057\AppData\Local\Temp\ccljE20f.s:180    .text.OTG_FS_IRQHandler:00000000 $t
C:\Users\82057\AppData\Local\Temp\ccljE20f.s:187    .text.OTG_FS_IRQHandler:00000000 OTG_FS_IRQHandler
C:\Users\82057\AppData\Local\Temp\ccljE20f.s:207    .text.OTG_FS_IRQHandler:0000000c $d

UNDEFINED SYMBOLS
HAL_IncTick
xTaskGetSchedulerState
xPortSysTickHandler
HAL_PCD_IRQHandler
hpcd_USB_OTG_FS
