ARM GAS  C:\Users\82057\AppData\Local\Temp\ccKTeiMU.s 			page 1


   1              		.cpu cortex-m4
   2              		.eabi_attribute 27, 1
   3              		.eabi_attribute 28, 1
   4              		.eabi_attribute 20, 1
   5              		.eabi_attribute 21, 1
   6              		.eabi_attribute 23, 3
   7              		.eabi_attribute 24, 1
   8              		.eabi_attribute 25, 1
   9              		.eabi_attribute 26, 1
  10              		.eabi_attribute 30, 1
  11              		.eabi_attribute 34, 1
  12              		.eabi_attribute 18, 4
  13              		.file	"stm32f4xx_hal.c"
  14              		.text
  15              	.Ltext0:
  16              		.cfi_sections	.debug_frame
  17              		.section	.text.HAL_MspInit,"ax",%progbits
  18              		.align	1
  19              		.weak	HAL_MspInit
  20              		.syntax unified
  21              		.thumb
  22              		.thumb_func
  23              		.fpu fpv4-sp-d16
  25              	HAL_MspInit:
  26              	.LFB136:
  27              		.file 1 "Drivers/STM32F4xx_HAL_Driver/Src/stm32f4xx_hal.c"
   1:Drivers/STM32F4xx_HAL_Driver/Src/stm32f4xx_hal.c **** /**
   2:Drivers/STM32F4xx_HAL_Driver/Src/stm32f4xx_hal.c ****   ******************************************************************************
   3:Drivers/STM32F4xx_HAL_Driver/Src/stm32f4xx_hal.c ****   * @file    stm32f4xx_hal.c
   4:Drivers/STM32F4xx_HAL_Driver/Src/stm32f4xx_hal.c ****   * @author  MCD Application Team
   5:Drivers/STM32F4xx_HAL_Driver/Src/stm32f4xx_hal.c ****   * @brief   HAL module driver.
   6:Drivers/STM32F4xx_HAL_Driver/Src/stm32f4xx_hal.c ****   *          This is the common part of the HAL initialization
   7:Drivers/STM32F4xx_HAL_Driver/Src/stm32f4xx_hal.c ****   *
   8:Drivers/STM32F4xx_HAL_Driver/Src/stm32f4xx_hal.c ****   ******************************************************************************
   9:Drivers/STM32F4xx_HAL_Driver/Src/stm32f4xx_hal.c ****   * @attention
  10:Drivers/STM32F4xx_HAL_Driver/Src/stm32f4xx_hal.c ****   *
  11:Drivers/STM32F4xx_HAL_Driver/Src/stm32f4xx_hal.c ****   * Copyright (c) 2017 STMicroelectronics.
  12:Drivers/STM32F4xx_HAL_Driver/Src/stm32f4xx_hal.c ****   * All rights reserved.
  13:Drivers/STM32F4xx_HAL_Driver/Src/stm32f4xx_hal.c ****   *
  14:Drivers/STM32F4xx_HAL_Driver/Src/stm32f4xx_hal.c ****   * This software is licensed under terms that can be found in the LICENSE file
  15:Drivers/STM32F4xx_HAL_Driver/Src/stm32f4xx_hal.c ****   * in the root directory of this software component.
  16:Drivers/STM32F4xx_HAL_Driver/Src/stm32f4xx_hal.c ****   * If no LICENSE file comes with this software, it is provided AS-IS.
  17:Drivers/STM32F4xx_HAL_Driver/Src/stm32f4xx_hal.c ****   *
  18:Drivers/STM32F4xx_HAL_Driver/Src/stm32f4xx_hal.c ****   ******************************************************************************
  19:Drivers/STM32F4xx_HAL_Driver/Src/stm32f4xx_hal.c ****   @verbatim
  20:Drivers/STM32F4xx_HAL_Driver/Src/stm32f4xx_hal.c ****   ==============================================================================
  21:Drivers/STM32F4xx_HAL_Driver/Src/stm32f4xx_hal.c ****                      ##### How to use this driver #####
  22:Drivers/STM32F4xx_HAL_Driver/Src/stm32f4xx_hal.c ****   ==============================================================================
  23:Drivers/STM32F4xx_HAL_Driver/Src/stm32f4xx_hal.c ****     [..]
  24:Drivers/STM32F4xx_HAL_Driver/Src/stm32f4xx_hal.c ****     The common HAL driver contains a set of generic and common APIs that can be
  25:Drivers/STM32F4xx_HAL_Driver/Src/stm32f4xx_hal.c ****     used by the PPP peripheral drivers and the user to start using the HAL. 
  26:Drivers/STM32F4xx_HAL_Driver/Src/stm32f4xx_hal.c ****     [..]
  27:Drivers/STM32F4xx_HAL_Driver/Src/stm32f4xx_hal.c ****     The HAL contains two APIs' categories: 
  28:Drivers/STM32F4xx_HAL_Driver/Src/stm32f4xx_hal.c ****          (+) Common HAL APIs
  29:Drivers/STM32F4xx_HAL_Driver/Src/stm32f4xx_hal.c ****          (+) Services HAL APIs
  30:Drivers/STM32F4xx_HAL_Driver/Src/stm32f4xx_hal.c **** 
  31:Drivers/STM32F4xx_HAL_Driver/Src/stm32f4xx_hal.c ****   @endverbatim
ARM GAS  C:\Users\82057\AppData\Local\Temp\ccKTeiMU.s 			page 2


  32:Drivers/STM32F4xx_HAL_Driver/Src/stm32f4xx_hal.c ****   ******************************************************************************
  33:Drivers/STM32F4xx_HAL_Driver/Src/stm32f4xx_hal.c ****   */ 
  34:Drivers/STM32F4xx_HAL_Driver/Src/stm32f4xx_hal.c **** 
  35:Drivers/STM32F4xx_HAL_Driver/Src/stm32f4xx_hal.c **** /* Includes ------------------------------------------------------------------*/
  36:Drivers/STM32F4xx_HAL_Driver/Src/stm32f4xx_hal.c **** #include "stm32f4xx_hal.h"
  37:Drivers/STM32F4xx_HAL_Driver/Src/stm32f4xx_hal.c **** 
  38:Drivers/STM32F4xx_HAL_Driver/Src/stm32f4xx_hal.c **** /** @addtogroup STM32F4xx_HAL_Driver
  39:Drivers/STM32F4xx_HAL_Driver/Src/stm32f4xx_hal.c ****   * @{
  40:Drivers/STM32F4xx_HAL_Driver/Src/stm32f4xx_hal.c ****   */
  41:Drivers/STM32F4xx_HAL_Driver/Src/stm32f4xx_hal.c **** 
  42:Drivers/STM32F4xx_HAL_Driver/Src/stm32f4xx_hal.c **** /** @defgroup HAL HAL
  43:Drivers/STM32F4xx_HAL_Driver/Src/stm32f4xx_hal.c ****   * @brief HAL module driver.
  44:Drivers/STM32F4xx_HAL_Driver/Src/stm32f4xx_hal.c ****   * @{
  45:Drivers/STM32F4xx_HAL_Driver/Src/stm32f4xx_hal.c ****   */
  46:Drivers/STM32F4xx_HAL_Driver/Src/stm32f4xx_hal.c **** 
  47:Drivers/STM32F4xx_HAL_Driver/Src/stm32f4xx_hal.c **** /* Private typedef -----------------------------------------------------------*/
  48:Drivers/STM32F4xx_HAL_Driver/Src/stm32f4xx_hal.c **** /* Private define ------------------------------------------------------------*/
  49:Drivers/STM32F4xx_HAL_Driver/Src/stm32f4xx_hal.c **** /** @addtogroup HAL_Private_Constants
  50:Drivers/STM32F4xx_HAL_Driver/Src/stm32f4xx_hal.c ****   * @{
  51:Drivers/STM32F4xx_HAL_Driver/Src/stm32f4xx_hal.c ****   */
  52:Drivers/STM32F4xx_HAL_Driver/Src/stm32f4xx_hal.c **** /**
  53:Drivers/STM32F4xx_HAL_Driver/Src/stm32f4xx_hal.c ****   * @brief STM32F4xx HAL Driver version number V1.8.2
  54:Drivers/STM32F4xx_HAL_Driver/Src/stm32f4xx_hal.c ****   */
  55:Drivers/STM32F4xx_HAL_Driver/Src/stm32f4xx_hal.c **** #define __STM32F4xx_HAL_VERSION_MAIN   (0x01U) /*!< [31:24] main version */
  56:Drivers/STM32F4xx_HAL_Driver/Src/stm32f4xx_hal.c **** #define __STM32F4xx_HAL_VERSION_SUB1   (0x08U) /*!< [23:16] sub1 version */
  57:Drivers/STM32F4xx_HAL_Driver/Src/stm32f4xx_hal.c **** #define __STM32F4xx_HAL_VERSION_SUB2   (0x02U) /*!< [15:8]  sub2 version */
  58:Drivers/STM32F4xx_HAL_Driver/Src/stm32f4xx_hal.c **** #define __STM32F4xx_HAL_VERSION_RC     (0x00U) /*!< [7:0]  release candidate */ 
  59:Drivers/STM32F4xx_HAL_Driver/Src/stm32f4xx_hal.c **** #define __STM32F4xx_HAL_VERSION         ((__STM32F4xx_HAL_VERSION_MAIN << 24U)\
  60:Drivers/STM32F4xx_HAL_Driver/Src/stm32f4xx_hal.c ****                                         |(__STM32F4xx_HAL_VERSION_SUB1 << 16U)\
  61:Drivers/STM32F4xx_HAL_Driver/Src/stm32f4xx_hal.c ****                                         |(__STM32F4xx_HAL_VERSION_SUB2 << 8U )\
  62:Drivers/STM32F4xx_HAL_Driver/Src/stm32f4xx_hal.c ****                                         |(__STM32F4xx_HAL_VERSION_RC))
  63:Drivers/STM32F4xx_HAL_Driver/Src/stm32f4xx_hal.c ****                                         
  64:Drivers/STM32F4xx_HAL_Driver/Src/stm32f4xx_hal.c **** #define IDCODE_DEVID_MASK    0x00000FFFU
  65:Drivers/STM32F4xx_HAL_Driver/Src/stm32f4xx_hal.c **** 
  66:Drivers/STM32F4xx_HAL_Driver/Src/stm32f4xx_hal.c **** /* ------------ RCC registers bit address in the alias region ----------- */
  67:Drivers/STM32F4xx_HAL_Driver/Src/stm32f4xx_hal.c **** #define SYSCFG_OFFSET             (SYSCFG_BASE - PERIPH_BASE)
  68:Drivers/STM32F4xx_HAL_Driver/Src/stm32f4xx_hal.c **** /* ---  MEMRMP Register ---*/ 
  69:Drivers/STM32F4xx_HAL_Driver/Src/stm32f4xx_hal.c **** /* Alias word address of UFB_MODE bit */ 
  70:Drivers/STM32F4xx_HAL_Driver/Src/stm32f4xx_hal.c **** #define MEMRMP_OFFSET             SYSCFG_OFFSET 
  71:Drivers/STM32F4xx_HAL_Driver/Src/stm32f4xx_hal.c **** #define UFB_MODE_BIT_NUMBER       SYSCFG_MEMRMP_UFB_MODE_Pos
  72:Drivers/STM32F4xx_HAL_Driver/Src/stm32f4xx_hal.c **** #define UFB_MODE_BB               (uint32_t)(PERIPH_BB_BASE + (MEMRMP_OFFSET * 32U) + (UFB_MODE_BIT
  73:Drivers/STM32F4xx_HAL_Driver/Src/stm32f4xx_hal.c **** 
  74:Drivers/STM32F4xx_HAL_Driver/Src/stm32f4xx_hal.c **** /* ---  CMPCR Register ---*/ 
  75:Drivers/STM32F4xx_HAL_Driver/Src/stm32f4xx_hal.c **** /* Alias word address of CMP_PD bit */ 
  76:Drivers/STM32F4xx_HAL_Driver/Src/stm32f4xx_hal.c **** #define CMPCR_OFFSET              (SYSCFG_OFFSET + 0x20U) 
  77:Drivers/STM32F4xx_HAL_Driver/Src/stm32f4xx_hal.c **** #define CMP_PD_BIT_NUMBER         SYSCFG_CMPCR_CMP_PD_Pos
  78:Drivers/STM32F4xx_HAL_Driver/Src/stm32f4xx_hal.c **** #define CMPCR_CMP_PD_BB           (uint32_t)(PERIPH_BB_BASE + (CMPCR_OFFSET * 32U) + (CMP_PD_BIT_NU
  79:Drivers/STM32F4xx_HAL_Driver/Src/stm32f4xx_hal.c **** 
  80:Drivers/STM32F4xx_HAL_Driver/Src/stm32f4xx_hal.c **** /* ---  MCHDLYCR Register ---*/ 
  81:Drivers/STM32F4xx_HAL_Driver/Src/stm32f4xx_hal.c **** /* Alias word address of BSCKSEL bit */ 
  82:Drivers/STM32F4xx_HAL_Driver/Src/stm32f4xx_hal.c **** #define MCHDLYCR_OFFSET            (SYSCFG_OFFSET + 0x30U) 
  83:Drivers/STM32F4xx_HAL_Driver/Src/stm32f4xx_hal.c **** #define BSCKSEL_BIT_NUMBER         SYSCFG_MCHDLYCR_BSCKSEL_Pos
  84:Drivers/STM32F4xx_HAL_Driver/Src/stm32f4xx_hal.c **** #define MCHDLYCR_BSCKSEL_BB        (uint32_t)(PERIPH_BB_BASE + (MCHDLYCR_OFFSET * 32U) + (BSCKSEL_B
  85:Drivers/STM32F4xx_HAL_Driver/Src/stm32f4xx_hal.c **** /**
  86:Drivers/STM32F4xx_HAL_Driver/Src/stm32f4xx_hal.c ****   * @}
  87:Drivers/STM32F4xx_HAL_Driver/Src/stm32f4xx_hal.c ****   */
  88:Drivers/STM32F4xx_HAL_Driver/Src/stm32f4xx_hal.c **** 
ARM GAS  C:\Users\82057\AppData\Local\Temp\ccKTeiMU.s 			page 3


  89:Drivers/STM32F4xx_HAL_Driver/Src/stm32f4xx_hal.c **** /* Private macro -------------------------------------------------------------*/
  90:Drivers/STM32F4xx_HAL_Driver/Src/stm32f4xx_hal.c **** /* Private variables ---------------------------------------------------------*/
  91:Drivers/STM32F4xx_HAL_Driver/Src/stm32f4xx_hal.c **** /** @addtogroup HAL_Private_Variables
  92:Drivers/STM32F4xx_HAL_Driver/Src/stm32f4xx_hal.c ****   * @{
  93:Drivers/STM32F4xx_HAL_Driver/Src/stm32f4xx_hal.c ****   */
  94:Drivers/STM32F4xx_HAL_Driver/Src/stm32f4xx_hal.c **** __IO uint32_t uwTick;
  95:Drivers/STM32F4xx_HAL_Driver/Src/stm32f4xx_hal.c **** uint32_t uwTickPrio   = (1UL << __NVIC_PRIO_BITS); /* Invalid PRIO */
  96:Drivers/STM32F4xx_HAL_Driver/Src/stm32f4xx_hal.c **** HAL_TickFreqTypeDef uwTickFreq = HAL_TICK_FREQ_DEFAULT;  /* 1KHz */
  97:Drivers/STM32F4xx_HAL_Driver/Src/stm32f4xx_hal.c **** /**
  98:Drivers/STM32F4xx_HAL_Driver/Src/stm32f4xx_hal.c ****   * @}
  99:Drivers/STM32F4xx_HAL_Driver/Src/stm32f4xx_hal.c ****   */
 100:Drivers/STM32F4xx_HAL_Driver/Src/stm32f4xx_hal.c **** /* Private function prototypes -----------------------------------------------*/
 101:Drivers/STM32F4xx_HAL_Driver/Src/stm32f4xx_hal.c **** /* Private functions ---------------------------------------------------------*/
 102:Drivers/STM32F4xx_HAL_Driver/Src/stm32f4xx_hal.c **** 
 103:Drivers/STM32F4xx_HAL_Driver/Src/stm32f4xx_hal.c **** /** @defgroup HAL_Exported_Functions HAL Exported Functions
 104:Drivers/STM32F4xx_HAL_Driver/Src/stm32f4xx_hal.c ****   * @{
 105:Drivers/STM32F4xx_HAL_Driver/Src/stm32f4xx_hal.c ****   */
 106:Drivers/STM32F4xx_HAL_Driver/Src/stm32f4xx_hal.c **** 
 107:Drivers/STM32F4xx_HAL_Driver/Src/stm32f4xx_hal.c **** /** @defgroup HAL_Exported_Functions_Group1 Initialization and de-initialization Functions 
 108:Drivers/STM32F4xx_HAL_Driver/Src/stm32f4xx_hal.c ****  *  @brief    Initialization and de-initialization functions
 109:Drivers/STM32F4xx_HAL_Driver/Src/stm32f4xx_hal.c ****  *
 110:Drivers/STM32F4xx_HAL_Driver/Src/stm32f4xx_hal.c **** @verbatim    
 111:Drivers/STM32F4xx_HAL_Driver/Src/stm32f4xx_hal.c ****  ===============================================================================
 112:Drivers/STM32F4xx_HAL_Driver/Src/stm32f4xx_hal.c ****               ##### Initialization and Configuration functions #####
 113:Drivers/STM32F4xx_HAL_Driver/Src/stm32f4xx_hal.c ****  ===============================================================================
 114:Drivers/STM32F4xx_HAL_Driver/Src/stm32f4xx_hal.c ****     [..]  This section provides functions allowing to:
 115:Drivers/STM32F4xx_HAL_Driver/Src/stm32f4xx_hal.c ****       (+) Initializes the Flash interface the NVIC allocation and initial clock 
 116:Drivers/STM32F4xx_HAL_Driver/Src/stm32f4xx_hal.c ****           configuration. It initializes the systick also when timeout is needed 
 117:Drivers/STM32F4xx_HAL_Driver/Src/stm32f4xx_hal.c ****           and the backup domain when enabled.
 118:Drivers/STM32F4xx_HAL_Driver/Src/stm32f4xx_hal.c ****       (+) De-Initializes common part of the HAL.
 119:Drivers/STM32F4xx_HAL_Driver/Src/stm32f4xx_hal.c ****       (+) Configure the time base source to have 1ms time base with a dedicated 
 120:Drivers/STM32F4xx_HAL_Driver/Src/stm32f4xx_hal.c ****           Tick interrupt priority. 
 121:Drivers/STM32F4xx_HAL_Driver/Src/stm32f4xx_hal.c ****         (++) SysTick timer is used by default as source of time base, but user
 122:Drivers/STM32F4xx_HAL_Driver/Src/stm32f4xx_hal.c ****              can eventually implement his proper time base source (a general purpose 
 123:Drivers/STM32F4xx_HAL_Driver/Src/stm32f4xx_hal.c ****              timer for example or other time source), keeping in mind that Time base 
 124:Drivers/STM32F4xx_HAL_Driver/Src/stm32f4xx_hal.c ****              duration should be kept 1ms since PPP_TIMEOUT_VALUEs are defined and 
 125:Drivers/STM32F4xx_HAL_Driver/Src/stm32f4xx_hal.c ****              handled in milliseconds basis.
 126:Drivers/STM32F4xx_HAL_Driver/Src/stm32f4xx_hal.c ****         (++) Time base configuration function (HAL_InitTick ()) is called automatically 
 127:Drivers/STM32F4xx_HAL_Driver/Src/stm32f4xx_hal.c ****              at the beginning of the program after reset by HAL_Init() or at any time 
 128:Drivers/STM32F4xx_HAL_Driver/Src/stm32f4xx_hal.c ****              when clock is configured, by HAL_RCC_ClockConfig(). 
 129:Drivers/STM32F4xx_HAL_Driver/Src/stm32f4xx_hal.c ****         (++) Source of time base is configured  to generate interrupts at regular 
 130:Drivers/STM32F4xx_HAL_Driver/Src/stm32f4xx_hal.c ****              time intervals. Care must be taken if HAL_Delay() is called from a 
 131:Drivers/STM32F4xx_HAL_Driver/Src/stm32f4xx_hal.c ****              peripheral ISR process, the Tick interrupt line must have higher priority 
 132:Drivers/STM32F4xx_HAL_Driver/Src/stm32f4xx_hal.c ****             (numerically lower) than the peripheral interrupt. Otherwise the caller 
 133:Drivers/STM32F4xx_HAL_Driver/Src/stm32f4xx_hal.c ****             ISR process will be blocked. 
 134:Drivers/STM32F4xx_HAL_Driver/Src/stm32f4xx_hal.c ****        (++) functions affecting time base configurations are declared as __weak  
 135:Drivers/STM32F4xx_HAL_Driver/Src/stm32f4xx_hal.c ****              to make  override possible  in case of other  implementations in user file.
 136:Drivers/STM32F4xx_HAL_Driver/Src/stm32f4xx_hal.c **** @endverbatim
 137:Drivers/STM32F4xx_HAL_Driver/Src/stm32f4xx_hal.c ****   * @{
 138:Drivers/STM32F4xx_HAL_Driver/Src/stm32f4xx_hal.c ****   */
 139:Drivers/STM32F4xx_HAL_Driver/Src/stm32f4xx_hal.c **** 
 140:Drivers/STM32F4xx_HAL_Driver/Src/stm32f4xx_hal.c **** /**
 141:Drivers/STM32F4xx_HAL_Driver/Src/stm32f4xx_hal.c ****   * @brief  This function is used to initialize the HAL Library; it must be the first 
 142:Drivers/STM32F4xx_HAL_Driver/Src/stm32f4xx_hal.c ****   *         instruction to be executed in the main program (before to call any other
 143:Drivers/STM32F4xx_HAL_Driver/Src/stm32f4xx_hal.c ****   *         HAL function), it performs the following:
 144:Drivers/STM32F4xx_HAL_Driver/Src/stm32f4xx_hal.c ****   *           Configure the Flash prefetch, instruction and Data caches.
 145:Drivers/STM32F4xx_HAL_Driver/Src/stm32f4xx_hal.c ****   *           Configures the SysTick to generate an interrupt each 1 millisecond,
ARM GAS  C:\Users\82057\AppData\Local\Temp\ccKTeiMU.s 			page 4


 146:Drivers/STM32F4xx_HAL_Driver/Src/stm32f4xx_hal.c ****   *           which is clocked by the HSI (at this stage, the clock is not yet
 147:Drivers/STM32F4xx_HAL_Driver/Src/stm32f4xx_hal.c ****   *           configured and thus the system is running from the internal HSI at 16 MHz).
 148:Drivers/STM32F4xx_HAL_Driver/Src/stm32f4xx_hal.c ****   *           Set NVIC Group Priority to 4.
 149:Drivers/STM32F4xx_HAL_Driver/Src/stm32f4xx_hal.c ****   *           Calls the HAL_MspInit() callback function defined in user file 
 150:Drivers/STM32F4xx_HAL_Driver/Src/stm32f4xx_hal.c ****   *           "stm32f4xx_hal_msp.c" to do the global low level hardware initialization 
 151:Drivers/STM32F4xx_HAL_Driver/Src/stm32f4xx_hal.c ****   *            
 152:Drivers/STM32F4xx_HAL_Driver/Src/stm32f4xx_hal.c ****   * @note   SysTick is used as time base for the HAL_Delay() function, the application
 153:Drivers/STM32F4xx_HAL_Driver/Src/stm32f4xx_hal.c ****   *         need to ensure that the SysTick time base is always set to 1 millisecond
 154:Drivers/STM32F4xx_HAL_Driver/Src/stm32f4xx_hal.c ****   *         to have correct HAL operation.
 155:Drivers/STM32F4xx_HAL_Driver/Src/stm32f4xx_hal.c ****   * @retval HAL status
 156:Drivers/STM32F4xx_HAL_Driver/Src/stm32f4xx_hal.c ****   */
 157:Drivers/STM32F4xx_HAL_Driver/Src/stm32f4xx_hal.c **** HAL_StatusTypeDef HAL_Init(void)
 158:Drivers/STM32F4xx_HAL_Driver/Src/stm32f4xx_hal.c **** {
 159:Drivers/STM32F4xx_HAL_Driver/Src/stm32f4xx_hal.c ****   /* Configure Flash prefetch, Instruction cache, Data cache */ 
 160:Drivers/STM32F4xx_HAL_Driver/Src/stm32f4xx_hal.c **** #if (INSTRUCTION_CACHE_ENABLE != 0U)
 161:Drivers/STM32F4xx_HAL_Driver/Src/stm32f4xx_hal.c ****   __HAL_FLASH_INSTRUCTION_CACHE_ENABLE();
 162:Drivers/STM32F4xx_HAL_Driver/Src/stm32f4xx_hal.c **** #endif /* INSTRUCTION_CACHE_ENABLE */
 163:Drivers/STM32F4xx_HAL_Driver/Src/stm32f4xx_hal.c **** 
 164:Drivers/STM32F4xx_HAL_Driver/Src/stm32f4xx_hal.c **** #if (DATA_CACHE_ENABLE != 0U)
 165:Drivers/STM32F4xx_HAL_Driver/Src/stm32f4xx_hal.c ****   __HAL_FLASH_DATA_CACHE_ENABLE();
 166:Drivers/STM32F4xx_HAL_Driver/Src/stm32f4xx_hal.c **** #endif /* DATA_CACHE_ENABLE */
 167:Drivers/STM32F4xx_HAL_Driver/Src/stm32f4xx_hal.c **** 
 168:Drivers/STM32F4xx_HAL_Driver/Src/stm32f4xx_hal.c **** #if (PREFETCH_ENABLE != 0U)
 169:Drivers/STM32F4xx_HAL_Driver/Src/stm32f4xx_hal.c ****   __HAL_FLASH_PREFETCH_BUFFER_ENABLE();
 170:Drivers/STM32F4xx_HAL_Driver/Src/stm32f4xx_hal.c **** #endif /* PREFETCH_ENABLE */
 171:Drivers/STM32F4xx_HAL_Driver/Src/stm32f4xx_hal.c **** 
 172:Drivers/STM32F4xx_HAL_Driver/Src/stm32f4xx_hal.c ****   /* Set Interrupt Group Priority */
 173:Drivers/STM32F4xx_HAL_Driver/Src/stm32f4xx_hal.c ****   HAL_NVIC_SetPriorityGrouping(NVIC_PRIORITYGROUP_4);
 174:Drivers/STM32F4xx_HAL_Driver/Src/stm32f4xx_hal.c **** 
 175:Drivers/STM32F4xx_HAL_Driver/Src/stm32f4xx_hal.c ****   /* Use systick as time base source and configure 1ms tick (default clock after Reset is HSI) */
 176:Drivers/STM32F4xx_HAL_Driver/Src/stm32f4xx_hal.c ****   HAL_InitTick(TICK_INT_PRIORITY);
 177:Drivers/STM32F4xx_HAL_Driver/Src/stm32f4xx_hal.c **** 
 178:Drivers/STM32F4xx_HAL_Driver/Src/stm32f4xx_hal.c ****   /* Init the low level hardware */
 179:Drivers/STM32F4xx_HAL_Driver/Src/stm32f4xx_hal.c ****   HAL_MspInit();
 180:Drivers/STM32F4xx_HAL_Driver/Src/stm32f4xx_hal.c **** 
 181:Drivers/STM32F4xx_HAL_Driver/Src/stm32f4xx_hal.c ****   /* Return function status */
 182:Drivers/STM32F4xx_HAL_Driver/Src/stm32f4xx_hal.c ****   return HAL_OK;
 183:Drivers/STM32F4xx_HAL_Driver/Src/stm32f4xx_hal.c **** }
 184:Drivers/STM32F4xx_HAL_Driver/Src/stm32f4xx_hal.c **** 
 185:Drivers/STM32F4xx_HAL_Driver/Src/stm32f4xx_hal.c **** /**
 186:Drivers/STM32F4xx_HAL_Driver/Src/stm32f4xx_hal.c ****   * @brief  This function de-Initializes common part of the HAL and stops the systick.
 187:Drivers/STM32F4xx_HAL_Driver/Src/stm32f4xx_hal.c ****   *         This function is optional.   
 188:Drivers/STM32F4xx_HAL_Driver/Src/stm32f4xx_hal.c ****   * @retval HAL status
 189:Drivers/STM32F4xx_HAL_Driver/Src/stm32f4xx_hal.c ****   */
 190:Drivers/STM32F4xx_HAL_Driver/Src/stm32f4xx_hal.c **** HAL_StatusTypeDef HAL_DeInit(void)
 191:Drivers/STM32F4xx_HAL_Driver/Src/stm32f4xx_hal.c **** {
 192:Drivers/STM32F4xx_HAL_Driver/Src/stm32f4xx_hal.c ****   /* Reset of all peripherals */
 193:Drivers/STM32F4xx_HAL_Driver/Src/stm32f4xx_hal.c ****   __HAL_RCC_APB1_FORCE_RESET();
 194:Drivers/STM32F4xx_HAL_Driver/Src/stm32f4xx_hal.c ****   __HAL_RCC_APB1_RELEASE_RESET();
 195:Drivers/STM32F4xx_HAL_Driver/Src/stm32f4xx_hal.c **** 
 196:Drivers/STM32F4xx_HAL_Driver/Src/stm32f4xx_hal.c ****   __HAL_RCC_APB2_FORCE_RESET();
 197:Drivers/STM32F4xx_HAL_Driver/Src/stm32f4xx_hal.c ****   __HAL_RCC_APB2_RELEASE_RESET();
 198:Drivers/STM32F4xx_HAL_Driver/Src/stm32f4xx_hal.c **** 
 199:Drivers/STM32F4xx_HAL_Driver/Src/stm32f4xx_hal.c ****   __HAL_RCC_AHB1_FORCE_RESET();
 200:Drivers/STM32F4xx_HAL_Driver/Src/stm32f4xx_hal.c ****   __HAL_RCC_AHB1_RELEASE_RESET();
 201:Drivers/STM32F4xx_HAL_Driver/Src/stm32f4xx_hal.c **** 
 202:Drivers/STM32F4xx_HAL_Driver/Src/stm32f4xx_hal.c ****   __HAL_RCC_AHB2_FORCE_RESET();
ARM GAS  C:\Users\82057\AppData\Local\Temp\ccKTeiMU.s 			page 5


 203:Drivers/STM32F4xx_HAL_Driver/Src/stm32f4xx_hal.c ****   __HAL_RCC_AHB2_RELEASE_RESET();
 204:Drivers/STM32F4xx_HAL_Driver/Src/stm32f4xx_hal.c **** 
 205:Drivers/STM32F4xx_HAL_Driver/Src/stm32f4xx_hal.c ****   __HAL_RCC_AHB3_FORCE_RESET();
 206:Drivers/STM32F4xx_HAL_Driver/Src/stm32f4xx_hal.c ****   __HAL_RCC_AHB3_RELEASE_RESET();
 207:Drivers/STM32F4xx_HAL_Driver/Src/stm32f4xx_hal.c **** 
 208:Drivers/STM32F4xx_HAL_Driver/Src/stm32f4xx_hal.c ****   /* De-Init the low level hardware */
 209:Drivers/STM32F4xx_HAL_Driver/Src/stm32f4xx_hal.c ****   HAL_MspDeInit();
 210:Drivers/STM32F4xx_HAL_Driver/Src/stm32f4xx_hal.c ****     
 211:Drivers/STM32F4xx_HAL_Driver/Src/stm32f4xx_hal.c ****   /* Return function status */
 212:Drivers/STM32F4xx_HAL_Driver/Src/stm32f4xx_hal.c ****   return HAL_OK;
 213:Drivers/STM32F4xx_HAL_Driver/Src/stm32f4xx_hal.c **** }
 214:Drivers/STM32F4xx_HAL_Driver/Src/stm32f4xx_hal.c **** 
 215:Drivers/STM32F4xx_HAL_Driver/Src/stm32f4xx_hal.c **** /**
 216:Drivers/STM32F4xx_HAL_Driver/Src/stm32f4xx_hal.c ****   * @brief  Initialize the MSP.
 217:Drivers/STM32F4xx_HAL_Driver/Src/stm32f4xx_hal.c ****   * @retval None
 218:Drivers/STM32F4xx_HAL_Driver/Src/stm32f4xx_hal.c ****   */
 219:Drivers/STM32F4xx_HAL_Driver/Src/stm32f4xx_hal.c **** __weak void HAL_MspInit(void)
 220:Drivers/STM32F4xx_HAL_Driver/Src/stm32f4xx_hal.c **** {
  28              		.loc 1 220 0
  29              		.cfi_startproc
  30              		@ args = 0, pretend = 0, frame = 0
  31              		@ frame_needed = 0, uses_anonymous_args = 0
  32              		@ link register save eliminated.
 221:Drivers/STM32F4xx_HAL_Driver/Src/stm32f4xx_hal.c ****   /* NOTE : This function should not be modified, when the callback is needed,
 222:Drivers/STM32F4xx_HAL_Driver/Src/stm32f4xx_hal.c ****             the HAL_MspInit could be implemented in the user file
 223:Drivers/STM32F4xx_HAL_Driver/Src/stm32f4xx_hal.c ****    */
 224:Drivers/STM32F4xx_HAL_Driver/Src/stm32f4xx_hal.c **** }
  33              		.loc 1 224 0
  34 0000 7047     		bx	lr
  35              		.cfi_endproc
  36              	.LFE136:
  38              		.section	.text.HAL_MspDeInit,"ax",%progbits
  39              		.align	1
  40              		.weak	HAL_MspDeInit
  41              		.syntax unified
  42              		.thumb
  43              		.thumb_func
  44              		.fpu fpv4-sp-d16
  46              	HAL_MspDeInit:
  47              	.LFB137:
 225:Drivers/STM32F4xx_HAL_Driver/Src/stm32f4xx_hal.c **** 
 226:Drivers/STM32F4xx_HAL_Driver/Src/stm32f4xx_hal.c **** /**
 227:Drivers/STM32F4xx_HAL_Driver/Src/stm32f4xx_hal.c ****   * @brief  DeInitializes the MSP.
 228:Drivers/STM32F4xx_HAL_Driver/Src/stm32f4xx_hal.c ****   * @retval None
 229:Drivers/STM32F4xx_HAL_Driver/Src/stm32f4xx_hal.c ****   */
 230:Drivers/STM32F4xx_HAL_Driver/Src/stm32f4xx_hal.c **** __weak void HAL_MspDeInit(void)
 231:Drivers/STM32F4xx_HAL_Driver/Src/stm32f4xx_hal.c **** {
  48              		.loc 1 231 0
  49              		.cfi_startproc
  50              		@ args = 0, pretend = 0, frame = 0
  51              		@ frame_needed = 0, uses_anonymous_args = 0
  52              		@ link register save eliminated.
 232:Drivers/STM32F4xx_HAL_Driver/Src/stm32f4xx_hal.c ****   /* NOTE : This function should not be modified, when the callback is needed,
 233:Drivers/STM32F4xx_HAL_Driver/Src/stm32f4xx_hal.c ****             the HAL_MspDeInit could be implemented in the user file
 234:Drivers/STM32F4xx_HAL_Driver/Src/stm32f4xx_hal.c ****    */ 
 235:Drivers/STM32F4xx_HAL_Driver/Src/stm32f4xx_hal.c **** }
  53              		.loc 1 235 0
ARM GAS  C:\Users\82057\AppData\Local\Temp\ccKTeiMU.s 			page 6


  54 0000 7047     		bx	lr
  55              		.cfi_endproc
  56              	.LFE137:
  58              		.section	.text.HAL_DeInit,"ax",%progbits
  59              		.align	1
  60              		.global	HAL_DeInit
  61              		.syntax unified
  62              		.thumb
  63              		.thumb_func
  64              		.fpu fpv4-sp-d16
  66              	HAL_DeInit:
  67              	.LFB135:
 191:Drivers/STM32F4xx_HAL_Driver/Src/stm32f4xx_hal.c ****   /* Reset of all peripherals */
  68              		.loc 1 191 0
  69              		.cfi_startproc
  70              		@ args = 0, pretend = 0, frame = 0
  71              		@ frame_needed = 0, uses_anonymous_args = 0
  72 0000 10B5     		push	{r4, lr}
  73              	.LCFI0:
  74              		.cfi_def_cfa_offset 8
  75              		.cfi_offset 4, -8
  76              		.cfi_offset 14, -4
 193:Drivers/STM32F4xx_HAL_Driver/Src/stm32f4xx_hal.c ****   __HAL_RCC_APB1_RELEASE_RESET();
  77              		.loc 1 193 0
  78 0002 0A4B     		ldr	r3, .L5
  79 0004 0A4A     		ldr	r2, .L5+4
  80 0006 1A62     		str	r2, [r3, #32]
 194:Drivers/STM32F4xx_HAL_Driver/Src/stm32f4xx_hal.c **** 
  81              		.loc 1 194 0
  82 0008 0024     		movs	r4, #0
  83 000a 1C62     		str	r4, [r3, #32]
 196:Drivers/STM32F4xx_HAL_Driver/Src/stm32f4xx_hal.c ****   __HAL_RCC_APB2_RELEASE_RESET();
  84              		.loc 1 196 0
  85 000c 094A     		ldr	r2, .L5+8
  86 000e 5A62     		str	r2, [r3, #36]
 197:Drivers/STM32F4xx_HAL_Driver/Src/stm32f4xx_hal.c **** 
  87              		.loc 1 197 0
  88 0010 5C62     		str	r4, [r3, #36]
 199:Drivers/STM32F4xx_HAL_Driver/Src/stm32f4xx_hal.c ****   __HAL_RCC_AHB1_RELEASE_RESET();
  89              		.loc 1 199 0
  90 0012 094A     		ldr	r2, .L5+12
  91 0014 1A61     		str	r2, [r3, #16]
 200:Drivers/STM32F4xx_HAL_Driver/Src/stm32f4xx_hal.c **** 
  92              		.loc 1 200 0
  93 0016 1C61     		str	r4, [r3, #16]
 202:Drivers/STM32F4xx_HAL_Driver/Src/stm32f4xx_hal.c ****   __HAL_RCC_AHB2_RELEASE_RESET();
  94              		.loc 1 202 0
  95 0018 C122     		movs	r2, #193
  96 001a 5A61     		str	r2, [r3, #20]
 203:Drivers/STM32F4xx_HAL_Driver/Src/stm32f4xx_hal.c **** 
  97              		.loc 1 203 0
  98 001c 5C61     		str	r4, [r3, #20]
 205:Drivers/STM32F4xx_HAL_Driver/Src/stm32f4xx_hal.c ****   __HAL_RCC_AHB3_RELEASE_RESET();
  99              		.loc 1 205 0
 100 001e 0122     		movs	r2, #1
 101 0020 9A61     		str	r2, [r3, #24]
 206:Drivers/STM32F4xx_HAL_Driver/Src/stm32f4xx_hal.c **** 
ARM GAS  C:\Users\82057\AppData\Local\Temp\ccKTeiMU.s 			page 7


 102              		.loc 1 206 0
 103 0022 9C61     		str	r4, [r3, #24]
 209:Drivers/STM32F4xx_HAL_Driver/Src/stm32f4xx_hal.c ****     
 104              		.loc 1 209 0
 105 0024 FFF7FEFF 		bl	HAL_MspDeInit
 106              	.LVL0:
 213:Drivers/STM32F4xx_HAL_Driver/Src/stm32f4xx_hal.c **** 
 107              		.loc 1 213 0
 108 0028 2046     		mov	r0, r4
 109 002a 10BD     		pop	{r4, pc}
 110              	.L6:
 111              		.align	2
 112              	.L5:
 113 002c 00380240 		.word	1073887232
 114 0030 FFC9FEF6 		.word	-151074305
 115 0034 33797704 		.word	74938675
 116 0038 FF116020 		.word	543166975
 117              		.cfi_endproc
 118              	.LFE135:
 120              		.section	.text.HAL_InitTick,"ax",%progbits
 121              		.align	1
 122              		.weak	HAL_InitTick
 123              		.syntax unified
 124              		.thumb
 125              		.thumb_func
 126              		.fpu fpv4-sp-d16
 128              	HAL_InitTick:
 129              	.LFB138:
 236:Drivers/STM32F4xx_HAL_Driver/Src/stm32f4xx_hal.c **** 
 237:Drivers/STM32F4xx_HAL_Driver/Src/stm32f4xx_hal.c **** /**
 238:Drivers/STM32F4xx_HAL_Driver/Src/stm32f4xx_hal.c ****   * @brief This function configures the source of the time base.
 239:Drivers/STM32F4xx_HAL_Driver/Src/stm32f4xx_hal.c ****   *        The time source is configured  to have 1ms time base with a dedicated 
 240:Drivers/STM32F4xx_HAL_Driver/Src/stm32f4xx_hal.c ****   *        Tick interrupt priority.
 241:Drivers/STM32F4xx_HAL_Driver/Src/stm32f4xx_hal.c ****   * @note This function is called  automatically at the beginning of program after
 242:Drivers/STM32F4xx_HAL_Driver/Src/stm32f4xx_hal.c ****   *       reset by HAL_Init() or at any time when clock is reconfigured  by HAL_RCC_ClockConfig().
 243:Drivers/STM32F4xx_HAL_Driver/Src/stm32f4xx_hal.c ****   * @note In the default implementation, SysTick timer is the source of time base. 
 244:Drivers/STM32F4xx_HAL_Driver/Src/stm32f4xx_hal.c ****   *       It is used to generate interrupts at regular time intervals. 
 245:Drivers/STM32F4xx_HAL_Driver/Src/stm32f4xx_hal.c ****   *       Care must be taken if HAL_Delay() is called from a peripheral ISR process, 
 246:Drivers/STM32F4xx_HAL_Driver/Src/stm32f4xx_hal.c ****   *       The SysTick interrupt must have higher priority (numerically lower)
 247:Drivers/STM32F4xx_HAL_Driver/Src/stm32f4xx_hal.c ****   *       than the peripheral interrupt. Otherwise the caller ISR process will be blocked.
 248:Drivers/STM32F4xx_HAL_Driver/Src/stm32f4xx_hal.c ****   *       The function is declared as __weak  to be overwritten  in case of other
 249:Drivers/STM32F4xx_HAL_Driver/Src/stm32f4xx_hal.c ****   *       implementation  in user file.
 250:Drivers/STM32F4xx_HAL_Driver/Src/stm32f4xx_hal.c ****   * @param TickPriority Tick interrupt priority.
 251:Drivers/STM32F4xx_HAL_Driver/Src/stm32f4xx_hal.c ****   * @retval HAL status
 252:Drivers/STM32F4xx_HAL_Driver/Src/stm32f4xx_hal.c ****   */
 253:Drivers/STM32F4xx_HAL_Driver/Src/stm32f4xx_hal.c **** __weak HAL_StatusTypeDef HAL_InitTick(uint32_t TickPriority)
 254:Drivers/STM32F4xx_HAL_Driver/Src/stm32f4xx_hal.c **** {
 130              		.loc 1 254 0
 131              		.cfi_startproc
 132              		@ args = 0, pretend = 0, frame = 0
 133              		@ frame_needed = 0, uses_anonymous_args = 0
 134              	.LVL1:
 135 0000 10B5     		push	{r4, lr}
 136              	.LCFI1:
 137              		.cfi_def_cfa_offset 8
 138              		.cfi_offset 4, -8
 139              		.cfi_offset 14, -4
ARM GAS  C:\Users\82057\AppData\Local\Temp\ccKTeiMU.s 			page 8


 140 0002 0446     		mov	r4, r0
 255:Drivers/STM32F4xx_HAL_Driver/Src/stm32f4xx_hal.c ****   /* Configure the SysTick to have interrupt in 1ms time basis*/
 256:Drivers/STM32F4xx_HAL_Driver/Src/stm32f4xx_hal.c ****   if (HAL_SYSTICK_Config(SystemCoreClock / (1000U / uwTickFreq)) > 0U)
 141              		.loc 1 256 0
 142 0004 0E4B     		ldr	r3, .L13
 143 0006 1878     		ldrb	r0, [r3]	@ zero_extendqisi2
 144              	.LVL2:
 145 0008 4FF47A73 		mov	r3, #1000
 146 000c B3FBF0F3 		udiv	r3, r3, r0
 147 0010 0C4A     		ldr	r2, .L13+4
 148 0012 1068     		ldr	r0, [r2]
 149 0014 B0FBF3F0 		udiv	r0, r0, r3
 150 0018 FFF7FEFF 		bl	HAL_SYSTICK_Config
 151              	.LVL3:
 152 001c 68B9     		cbnz	r0, .L9
 257:Drivers/STM32F4xx_HAL_Driver/Src/stm32f4xx_hal.c ****   {
 258:Drivers/STM32F4xx_HAL_Driver/Src/stm32f4xx_hal.c ****     return HAL_ERROR;
 259:Drivers/STM32F4xx_HAL_Driver/Src/stm32f4xx_hal.c ****   }
 260:Drivers/STM32F4xx_HAL_Driver/Src/stm32f4xx_hal.c **** 
 261:Drivers/STM32F4xx_HAL_Driver/Src/stm32f4xx_hal.c ****   /* Configure the SysTick IRQ priority */
 262:Drivers/STM32F4xx_HAL_Driver/Src/stm32f4xx_hal.c ****   if (TickPriority < (1UL << __NVIC_PRIO_BITS))
 153              		.loc 1 262 0
 154 001e 0F2C     		cmp	r4, #15
 155 0020 01D9     		bls	.L12
 263:Drivers/STM32F4xx_HAL_Driver/Src/stm32f4xx_hal.c ****   {
 264:Drivers/STM32F4xx_HAL_Driver/Src/stm32f4xx_hal.c ****     HAL_NVIC_SetPriority(SysTick_IRQn, TickPriority, 0U);
 265:Drivers/STM32F4xx_HAL_Driver/Src/stm32f4xx_hal.c ****     uwTickPrio = TickPriority;
 266:Drivers/STM32F4xx_HAL_Driver/Src/stm32f4xx_hal.c ****   }
 267:Drivers/STM32F4xx_HAL_Driver/Src/stm32f4xx_hal.c ****   else
 268:Drivers/STM32F4xx_HAL_Driver/Src/stm32f4xx_hal.c ****   {
 269:Drivers/STM32F4xx_HAL_Driver/Src/stm32f4xx_hal.c ****     return HAL_ERROR;
 156              		.loc 1 269 0
 157 0022 0120     		movs	r0, #1
 158 0024 0AE0     		b	.L8
 159              	.L12:
 264:Drivers/STM32F4xx_HAL_Driver/Src/stm32f4xx_hal.c ****     uwTickPrio = TickPriority;
 160              		.loc 1 264 0
 161 0026 0022     		movs	r2, #0
 162 0028 2146     		mov	r1, r4
 163 002a 4FF0FF30 		mov	r0, #-1
 164 002e FFF7FEFF 		bl	HAL_NVIC_SetPriority
 165              	.LVL4:
 265:Drivers/STM32F4xx_HAL_Driver/Src/stm32f4xx_hal.c ****   }
 166              		.loc 1 265 0
 167 0032 054B     		ldr	r3, .L13+8
 168 0034 1C60     		str	r4, [r3]
 270:Drivers/STM32F4xx_HAL_Driver/Src/stm32f4xx_hal.c ****   }
 271:Drivers/STM32F4xx_HAL_Driver/Src/stm32f4xx_hal.c **** 
 272:Drivers/STM32F4xx_HAL_Driver/Src/stm32f4xx_hal.c ****   /* Return function status */
 273:Drivers/STM32F4xx_HAL_Driver/Src/stm32f4xx_hal.c ****   return HAL_OK;
 169              		.loc 1 273 0
 170 0036 0020     		movs	r0, #0
 171 0038 00E0     		b	.L8
 172              	.L9:
 258:Drivers/STM32F4xx_HAL_Driver/Src/stm32f4xx_hal.c ****   }
 173              		.loc 1 258 0
 174 003a 0120     		movs	r0, #1
ARM GAS  C:\Users\82057\AppData\Local\Temp\ccKTeiMU.s 			page 9


 175              	.L8:
 274:Drivers/STM32F4xx_HAL_Driver/Src/stm32f4xx_hal.c **** }
 176              		.loc 1 274 0
 177 003c 10BD     		pop	{r4, pc}
 178              	.LVL5:
 179              	.L14:
 180 003e 00BF     		.align	2
 181              	.L13:
 182 0040 00000000 		.word	.LANCHOR0
 183 0044 00000000 		.word	SystemCoreClock
 184 0048 00000000 		.word	.LANCHOR1
 185              		.cfi_endproc
 186              	.LFE138:
 188              		.section	.text.HAL_Init,"ax",%progbits
 189              		.align	1
 190              		.global	HAL_Init
 191              		.syntax unified
 192              		.thumb
 193              		.thumb_func
 194              		.fpu fpv4-sp-d16
 196              	HAL_Init:
 197              	.LFB134:
 158:Drivers/STM32F4xx_HAL_Driver/Src/stm32f4xx_hal.c ****   /* Configure Flash prefetch, Instruction cache, Data cache */ 
 198              		.loc 1 158 0
 199              		.cfi_startproc
 200              		@ args = 0, pretend = 0, frame = 0
 201              		@ frame_needed = 0, uses_anonymous_args = 0
 202 0000 08B5     		push	{r3, lr}
 203              	.LCFI2:
 204              		.cfi_def_cfa_offset 8
 205              		.cfi_offset 3, -8
 206              		.cfi_offset 14, -4
 161:Drivers/STM32F4xx_HAL_Driver/Src/stm32f4xx_hal.c **** #endif /* INSTRUCTION_CACHE_ENABLE */
 207              		.loc 1 161 0
 208 0002 0B4B     		ldr	r3, .L17
 209 0004 1A68     		ldr	r2, [r3]
 210 0006 42F40072 		orr	r2, r2, #512
 211 000a 1A60     		str	r2, [r3]
 165:Drivers/STM32F4xx_HAL_Driver/Src/stm32f4xx_hal.c **** #endif /* DATA_CACHE_ENABLE */
 212              		.loc 1 165 0
 213 000c 1A68     		ldr	r2, [r3]
 214 000e 42F48062 		orr	r2, r2, #1024
 215 0012 1A60     		str	r2, [r3]
 169:Drivers/STM32F4xx_HAL_Driver/Src/stm32f4xx_hal.c **** #endif /* PREFETCH_ENABLE */
 216              		.loc 1 169 0
 217 0014 1A68     		ldr	r2, [r3]
 218 0016 42F48072 		orr	r2, r2, #256
 219 001a 1A60     		str	r2, [r3]
 173:Drivers/STM32F4xx_HAL_Driver/Src/stm32f4xx_hal.c **** 
 220              		.loc 1 173 0
 221 001c 0320     		movs	r0, #3
 222 001e FFF7FEFF 		bl	HAL_NVIC_SetPriorityGrouping
 223              	.LVL6:
 176:Drivers/STM32F4xx_HAL_Driver/Src/stm32f4xx_hal.c **** 
 224              		.loc 1 176 0
 225 0022 0F20     		movs	r0, #15
 226 0024 FFF7FEFF 		bl	HAL_InitTick
ARM GAS  C:\Users\82057\AppData\Local\Temp\ccKTeiMU.s 			page 10


 227              	.LVL7:
 179:Drivers/STM32F4xx_HAL_Driver/Src/stm32f4xx_hal.c **** 
 228              		.loc 1 179 0
 229 0028 FFF7FEFF 		bl	HAL_MspInit
 230              	.LVL8:
 183:Drivers/STM32F4xx_HAL_Driver/Src/stm32f4xx_hal.c **** 
 231              		.loc 1 183 0
 232 002c 0020     		movs	r0, #0
 233 002e 08BD     		pop	{r3, pc}
 234              	.L18:
 235              		.align	2
 236              	.L17:
 237 0030 003C0240 		.word	1073888256
 238              		.cfi_endproc
 239              	.LFE134:
 241              		.section	.text.HAL_IncTick,"ax",%progbits
 242              		.align	1
 243              		.weak	HAL_IncTick
 244              		.syntax unified
 245              		.thumb
 246              		.thumb_func
 247              		.fpu fpv4-sp-d16
 249              	HAL_IncTick:
 250              	.LFB139:
 275:Drivers/STM32F4xx_HAL_Driver/Src/stm32f4xx_hal.c **** 
 276:Drivers/STM32F4xx_HAL_Driver/Src/stm32f4xx_hal.c **** /**
 277:Drivers/STM32F4xx_HAL_Driver/Src/stm32f4xx_hal.c ****   * @}
 278:Drivers/STM32F4xx_HAL_Driver/Src/stm32f4xx_hal.c ****   */
 279:Drivers/STM32F4xx_HAL_Driver/Src/stm32f4xx_hal.c **** 
 280:Drivers/STM32F4xx_HAL_Driver/Src/stm32f4xx_hal.c **** /** @defgroup HAL_Exported_Functions_Group2 HAL Control functions 
 281:Drivers/STM32F4xx_HAL_Driver/Src/stm32f4xx_hal.c ****  *  @brief    HAL Control functions
 282:Drivers/STM32F4xx_HAL_Driver/Src/stm32f4xx_hal.c ****  *
 283:Drivers/STM32F4xx_HAL_Driver/Src/stm32f4xx_hal.c **** @verbatim
 284:Drivers/STM32F4xx_HAL_Driver/Src/stm32f4xx_hal.c ****  ===============================================================================
 285:Drivers/STM32F4xx_HAL_Driver/Src/stm32f4xx_hal.c ****                       ##### HAL Control functions #####
 286:Drivers/STM32F4xx_HAL_Driver/Src/stm32f4xx_hal.c ****  ===============================================================================
 287:Drivers/STM32F4xx_HAL_Driver/Src/stm32f4xx_hal.c ****     [..]  This section provides functions allowing to:
 288:Drivers/STM32F4xx_HAL_Driver/Src/stm32f4xx_hal.c ****       (+) Provide a tick value in millisecond
 289:Drivers/STM32F4xx_HAL_Driver/Src/stm32f4xx_hal.c ****       (+) Provide a blocking delay in millisecond
 290:Drivers/STM32F4xx_HAL_Driver/Src/stm32f4xx_hal.c ****       (+) Suspend the time base source interrupt
 291:Drivers/STM32F4xx_HAL_Driver/Src/stm32f4xx_hal.c ****       (+) Resume the time base source interrupt
 292:Drivers/STM32F4xx_HAL_Driver/Src/stm32f4xx_hal.c ****       (+) Get the HAL API driver version
 293:Drivers/STM32F4xx_HAL_Driver/Src/stm32f4xx_hal.c ****       (+) Get the device identifier
 294:Drivers/STM32F4xx_HAL_Driver/Src/stm32f4xx_hal.c ****       (+) Get the device revision identifier
 295:Drivers/STM32F4xx_HAL_Driver/Src/stm32f4xx_hal.c ****       (+) Enable/Disable Debug module during SLEEP mode
 296:Drivers/STM32F4xx_HAL_Driver/Src/stm32f4xx_hal.c ****       (+) Enable/Disable Debug module during STOP mode
 297:Drivers/STM32F4xx_HAL_Driver/Src/stm32f4xx_hal.c ****       (+) Enable/Disable Debug module during STANDBY mode
 298:Drivers/STM32F4xx_HAL_Driver/Src/stm32f4xx_hal.c **** 
 299:Drivers/STM32F4xx_HAL_Driver/Src/stm32f4xx_hal.c **** @endverbatim
 300:Drivers/STM32F4xx_HAL_Driver/Src/stm32f4xx_hal.c ****   * @{
 301:Drivers/STM32F4xx_HAL_Driver/Src/stm32f4xx_hal.c ****   */
 302:Drivers/STM32F4xx_HAL_Driver/Src/stm32f4xx_hal.c **** 
 303:Drivers/STM32F4xx_HAL_Driver/Src/stm32f4xx_hal.c **** /**
 304:Drivers/STM32F4xx_HAL_Driver/Src/stm32f4xx_hal.c ****   * @brief This function is called to increment  a global variable "uwTick"
 305:Drivers/STM32F4xx_HAL_Driver/Src/stm32f4xx_hal.c ****   *        used as application time base.
 306:Drivers/STM32F4xx_HAL_Driver/Src/stm32f4xx_hal.c ****   * @note In the default implementation, this variable is incremented each 1ms
 307:Drivers/STM32F4xx_HAL_Driver/Src/stm32f4xx_hal.c ****   *       in SysTick ISR.
ARM GAS  C:\Users\82057\AppData\Local\Temp\ccKTeiMU.s 			page 11


 308:Drivers/STM32F4xx_HAL_Driver/Src/stm32f4xx_hal.c ****  * @note This function is declared as __weak to be overwritten in case of other 
 309:Drivers/STM32F4xx_HAL_Driver/Src/stm32f4xx_hal.c ****   *      implementations in user file.
 310:Drivers/STM32F4xx_HAL_Driver/Src/stm32f4xx_hal.c ****   * @retval None
 311:Drivers/STM32F4xx_HAL_Driver/Src/stm32f4xx_hal.c ****   */
 312:Drivers/STM32F4xx_HAL_Driver/Src/stm32f4xx_hal.c **** __weak void HAL_IncTick(void)
 313:Drivers/STM32F4xx_HAL_Driver/Src/stm32f4xx_hal.c **** {
 251              		.loc 1 313 0
 252              		.cfi_startproc
 253              		@ args = 0, pretend = 0, frame = 0
 254              		@ frame_needed = 0, uses_anonymous_args = 0
 255              		@ link register save eliminated.
 314:Drivers/STM32F4xx_HAL_Driver/Src/stm32f4xx_hal.c ****   uwTick += uwTickFreq;
 256              		.loc 1 314 0
 257 0000 034A     		ldr	r2, .L20
 258 0002 1168     		ldr	r1, [r2]
 259 0004 034B     		ldr	r3, .L20+4
 260 0006 1B78     		ldrb	r3, [r3]	@ zero_extendqisi2
 261 0008 0B44     		add	r3, r3, r1
 262 000a 1360     		str	r3, [r2]
 315:Drivers/STM32F4xx_HAL_Driver/Src/stm32f4xx_hal.c **** }
 263              		.loc 1 315 0
 264 000c 7047     		bx	lr
 265              	.L21:
 266 000e 00BF     		.align	2
 267              	.L20:
 268 0010 00000000 		.word	uwTick
 269 0014 00000000 		.word	.LANCHOR0
 270              		.cfi_endproc
 271              	.LFE139:
 273              		.section	.text.HAL_GetTick,"ax",%progbits
 274              		.align	1
 275              		.weak	HAL_GetTick
 276              		.syntax unified
 277              		.thumb
 278              		.thumb_func
 279              		.fpu fpv4-sp-d16
 281              	HAL_GetTick:
 282              	.LFB140:
 316:Drivers/STM32F4xx_HAL_Driver/Src/stm32f4xx_hal.c **** 
 317:Drivers/STM32F4xx_HAL_Driver/Src/stm32f4xx_hal.c **** /**
 318:Drivers/STM32F4xx_HAL_Driver/Src/stm32f4xx_hal.c ****   * @brief Provides a tick value in millisecond.
 319:Drivers/STM32F4xx_HAL_Driver/Src/stm32f4xx_hal.c ****   * @note This function is declared as __weak to be overwritten in case of other 
 320:Drivers/STM32F4xx_HAL_Driver/Src/stm32f4xx_hal.c ****   *       implementations in user file.
 321:Drivers/STM32F4xx_HAL_Driver/Src/stm32f4xx_hal.c ****   * @retval tick value
 322:Drivers/STM32F4xx_HAL_Driver/Src/stm32f4xx_hal.c ****   */
 323:Drivers/STM32F4xx_HAL_Driver/Src/stm32f4xx_hal.c **** __weak uint32_t HAL_GetTick(void)
 324:Drivers/STM32F4xx_HAL_Driver/Src/stm32f4xx_hal.c **** {
 283              		.loc 1 324 0
 284              		.cfi_startproc
 285              		@ args = 0, pretend = 0, frame = 0
 286              		@ frame_needed = 0, uses_anonymous_args = 0
 287              		@ link register save eliminated.
 325:Drivers/STM32F4xx_HAL_Driver/Src/stm32f4xx_hal.c ****   return uwTick;
 288              		.loc 1 325 0
 289 0000 014B     		ldr	r3, .L23
 290 0002 1868     		ldr	r0, [r3]
 326:Drivers/STM32F4xx_HAL_Driver/Src/stm32f4xx_hal.c **** }
ARM GAS  C:\Users\82057\AppData\Local\Temp\ccKTeiMU.s 			page 12


 291              		.loc 1 326 0
 292 0004 7047     		bx	lr
 293              	.L24:
 294 0006 00BF     		.align	2
 295              	.L23:
 296 0008 00000000 		.word	uwTick
 297              		.cfi_endproc
 298              	.LFE140:
 300              		.section	.text.HAL_GetTickPrio,"ax",%progbits
 301              		.align	1
 302              		.global	HAL_GetTickPrio
 303              		.syntax unified
 304              		.thumb
 305              		.thumb_func
 306              		.fpu fpv4-sp-d16
 308              	HAL_GetTickPrio:
 309              	.LFB141:
 327:Drivers/STM32F4xx_HAL_Driver/Src/stm32f4xx_hal.c **** 
 328:Drivers/STM32F4xx_HAL_Driver/Src/stm32f4xx_hal.c **** /**
 329:Drivers/STM32F4xx_HAL_Driver/Src/stm32f4xx_hal.c ****   * @brief This function returns a tick priority.
 330:Drivers/STM32F4xx_HAL_Driver/Src/stm32f4xx_hal.c ****   * @retval tick priority
 331:Drivers/STM32F4xx_HAL_Driver/Src/stm32f4xx_hal.c ****   */
 332:Drivers/STM32F4xx_HAL_Driver/Src/stm32f4xx_hal.c **** uint32_t HAL_GetTickPrio(void)
 333:Drivers/STM32F4xx_HAL_Driver/Src/stm32f4xx_hal.c **** {
 310              		.loc 1 333 0
 311              		.cfi_startproc
 312              		@ args = 0, pretend = 0, frame = 0
 313              		@ frame_needed = 0, uses_anonymous_args = 0
 314              		@ link register save eliminated.
 334:Drivers/STM32F4xx_HAL_Driver/Src/stm32f4xx_hal.c ****   return uwTickPrio;
 335:Drivers/STM32F4xx_HAL_Driver/Src/stm32f4xx_hal.c **** }
 315              		.loc 1 335 0
 316 0000 014B     		ldr	r3, .L26
 317 0002 1868     		ldr	r0, [r3]
 318 0004 7047     		bx	lr
 319              	.L27:
 320 0006 00BF     		.align	2
 321              	.L26:
 322 0008 00000000 		.word	.LANCHOR1
 323              		.cfi_endproc
 324              	.LFE141:
 326              		.section	.text.HAL_SetTickFreq,"ax",%progbits
 327              		.align	1
 328              		.global	HAL_SetTickFreq
 329              		.syntax unified
 330              		.thumb
 331              		.thumb_func
 332              		.fpu fpv4-sp-d16
 334              	HAL_SetTickFreq:
 335              	.LFB142:
 336:Drivers/STM32F4xx_HAL_Driver/Src/stm32f4xx_hal.c **** 
 337:Drivers/STM32F4xx_HAL_Driver/Src/stm32f4xx_hal.c **** /**
 338:Drivers/STM32F4xx_HAL_Driver/Src/stm32f4xx_hal.c ****   * @brief Set new tick Freq.
 339:Drivers/STM32F4xx_HAL_Driver/Src/stm32f4xx_hal.c ****   * @retval Status
 340:Drivers/STM32F4xx_HAL_Driver/Src/stm32f4xx_hal.c ****   */
 341:Drivers/STM32F4xx_HAL_Driver/Src/stm32f4xx_hal.c **** HAL_StatusTypeDef HAL_SetTickFreq(HAL_TickFreqTypeDef Freq)
 342:Drivers/STM32F4xx_HAL_Driver/Src/stm32f4xx_hal.c **** {
ARM GAS  C:\Users\82057\AppData\Local\Temp\ccKTeiMU.s 			page 13


 336              		.loc 1 342 0
 337              		.cfi_startproc
 338              		@ args = 0, pretend = 0, frame = 0
 339              		@ frame_needed = 0, uses_anonymous_args = 0
 340              	.LVL9:
 341 0000 10B5     		push	{r4, lr}
 342              	.LCFI3:
 343              		.cfi_def_cfa_offset 8
 344              		.cfi_offset 4, -8
 345              		.cfi_offset 14, -4
 346              	.LVL10:
 343:Drivers/STM32F4xx_HAL_Driver/Src/stm32f4xx_hal.c ****   HAL_StatusTypeDef status  = HAL_OK;
 344:Drivers/STM32F4xx_HAL_Driver/Src/stm32f4xx_hal.c ****   HAL_TickFreqTypeDef prevTickFreq;
 345:Drivers/STM32F4xx_HAL_Driver/Src/stm32f4xx_hal.c **** 
 346:Drivers/STM32F4xx_HAL_Driver/Src/stm32f4xx_hal.c ****   assert_param(IS_TICKFREQ(Freq));
 347:Drivers/STM32F4xx_HAL_Driver/Src/stm32f4xx_hal.c **** 
 348:Drivers/STM32F4xx_HAL_Driver/Src/stm32f4xx_hal.c ****   if (uwTickFreq != Freq)
 347              		.loc 1 348 0
 348 0002 084B     		ldr	r3, .L32
 349 0004 1C78     		ldrb	r4, [r3]	@ zero_extendqisi2
 350 0006 8442     		cmp	r4, r0
 351 0008 09D0     		beq	.L30
 352              	.LVL11:
 349:Drivers/STM32F4xx_HAL_Driver/Src/stm32f4xx_hal.c ****   {
 350:Drivers/STM32F4xx_HAL_Driver/Src/stm32f4xx_hal.c ****     /* Back up uwTickFreq frequency */
 351:Drivers/STM32F4xx_HAL_Driver/Src/stm32f4xx_hal.c ****     prevTickFreq = uwTickFreq;
 352:Drivers/STM32F4xx_HAL_Driver/Src/stm32f4xx_hal.c **** 
 353:Drivers/STM32F4xx_HAL_Driver/Src/stm32f4xx_hal.c ****     /* Update uwTickFreq global variable used by HAL_InitTick() */
 354:Drivers/STM32F4xx_HAL_Driver/Src/stm32f4xx_hal.c ****     uwTickFreq = Freq;
 353              		.loc 1 354 0
 354 000a 1870     		strb	r0, [r3]
 355:Drivers/STM32F4xx_HAL_Driver/Src/stm32f4xx_hal.c **** 
 356:Drivers/STM32F4xx_HAL_Driver/Src/stm32f4xx_hal.c ****     /* Apply the new tick Freq  */
 357:Drivers/STM32F4xx_HAL_Driver/Src/stm32f4xx_hal.c ****     status = HAL_InitTick(uwTickPrio);
 355              		.loc 1 357 0
 356 000c 064B     		ldr	r3, .L32+4
 357 000e 1868     		ldr	r0, [r3]
 358              	.LVL12:
 359 0010 FFF7FEFF 		bl	HAL_InitTick
 360              	.LVL13:
 358:Drivers/STM32F4xx_HAL_Driver/Src/stm32f4xx_hal.c **** 
 359:Drivers/STM32F4xx_HAL_Driver/Src/stm32f4xx_hal.c ****     if (status != HAL_OK)
 361              		.loc 1 359 0
 362 0014 0346     		mov	r3, r0
 363 0016 18B1     		cbz	r0, .L29
 360:Drivers/STM32F4xx_HAL_Driver/Src/stm32f4xx_hal.c ****     {
 361:Drivers/STM32F4xx_HAL_Driver/Src/stm32f4xx_hal.c ****       /* Restore previous tick frequency */
 362:Drivers/STM32F4xx_HAL_Driver/Src/stm32f4xx_hal.c ****       uwTickFreq = prevTickFreq;
 364              		.loc 1 362 0
 365 0018 024A     		ldr	r2, .L32
 366 001a 1470     		strb	r4, [r2]
 367 001c 00E0     		b	.L29
 368              	.LVL14:
 369              	.L30:
 343:Drivers/STM32F4xx_HAL_Driver/Src/stm32f4xx_hal.c ****   HAL_TickFreqTypeDef prevTickFreq;
 370              		.loc 1 343 0
 371 001e 0023     		movs	r3, #0
ARM GAS  C:\Users\82057\AppData\Local\Temp\ccKTeiMU.s 			page 14


 372              	.LVL15:
 373              	.L29:
 363:Drivers/STM32F4xx_HAL_Driver/Src/stm32f4xx_hal.c ****     }
 364:Drivers/STM32F4xx_HAL_Driver/Src/stm32f4xx_hal.c ****   }
 365:Drivers/STM32F4xx_HAL_Driver/Src/stm32f4xx_hal.c **** 
 366:Drivers/STM32F4xx_HAL_Driver/Src/stm32f4xx_hal.c ****   return status;
 367:Drivers/STM32F4xx_HAL_Driver/Src/stm32f4xx_hal.c **** }
 374              		.loc 1 367 0
 375 0020 1846     		mov	r0, r3
 376 0022 10BD     		pop	{r4, pc}
 377              	.L33:
 378              		.align	2
 379              	.L32:
 380 0024 00000000 		.word	.LANCHOR0
 381 0028 00000000 		.word	.LANCHOR1
 382              		.cfi_endproc
 383              	.LFE142:
 385              		.section	.text.HAL_GetTickFreq,"ax",%progbits
 386              		.align	1
 387              		.global	HAL_GetTickFreq
 388              		.syntax unified
 389              		.thumb
 390              		.thumb_func
 391              		.fpu fpv4-sp-d16
 393              	HAL_GetTickFreq:
 394              	.LFB143:
 368:Drivers/STM32F4xx_HAL_Driver/Src/stm32f4xx_hal.c **** 
 369:Drivers/STM32F4xx_HAL_Driver/Src/stm32f4xx_hal.c **** /**
 370:Drivers/STM32F4xx_HAL_Driver/Src/stm32f4xx_hal.c ****   * @brief Return tick frequency.
 371:Drivers/STM32F4xx_HAL_Driver/Src/stm32f4xx_hal.c ****   * @retval Tick frequency.
 372:Drivers/STM32F4xx_HAL_Driver/Src/stm32f4xx_hal.c ****   *         Value of @ref HAL_TickFreqTypeDef.
 373:Drivers/STM32F4xx_HAL_Driver/Src/stm32f4xx_hal.c ****   */
 374:Drivers/STM32F4xx_HAL_Driver/Src/stm32f4xx_hal.c **** HAL_TickFreqTypeDef HAL_GetTickFreq(void)
 375:Drivers/STM32F4xx_HAL_Driver/Src/stm32f4xx_hal.c **** {
 395              		.loc 1 375 0
 396              		.cfi_startproc
 397              		@ args = 0, pretend = 0, frame = 0
 398              		@ frame_needed = 0, uses_anonymous_args = 0
 399              		@ link register save eliminated.
 376:Drivers/STM32F4xx_HAL_Driver/Src/stm32f4xx_hal.c ****   return uwTickFreq;
 377:Drivers/STM32F4xx_HAL_Driver/Src/stm32f4xx_hal.c **** }
 400              		.loc 1 377 0
 401 0000 014B     		ldr	r3, .L35
 402 0002 1878     		ldrb	r0, [r3]	@ zero_extendqisi2
 403 0004 7047     		bx	lr
 404              	.L36:
 405 0006 00BF     		.align	2
 406              	.L35:
 407 0008 00000000 		.word	.LANCHOR0
 408              		.cfi_endproc
 409              	.LFE143:
 411              		.section	.text.HAL_Delay,"ax",%progbits
 412              		.align	1
 413              		.weak	HAL_Delay
 414              		.syntax unified
 415              		.thumb
 416              		.thumb_func
ARM GAS  C:\Users\82057\AppData\Local\Temp\ccKTeiMU.s 			page 15


 417              		.fpu fpv4-sp-d16
 419              	HAL_Delay:
 420              	.LFB144:
 378:Drivers/STM32F4xx_HAL_Driver/Src/stm32f4xx_hal.c **** 
 379:Drivers/STM32F4xx_HAL_Driver/Src/stm32f4xx_hal.c **** /**
 380:Drivers/STM32F4xx_HAL_Driver/Src/stm32f4xx_hal.c ****   * @brief This function provides minimum delay (in milliseconds) based 
 381:Drivers/STM32F4xx_HAL_Driver/Src/stm32f4xx_hal.c ****   *        on variable incremented.
 382:Drivers/STM32F4xx_HAL_Driver/Src/stm32f4xx_hal.c ****   * @note In the default implementation , SysTick timer is the source of time base.
 383:Drivers/STM32F4xx_HAL_Driver/Src/stm32f4xx_hal.c ****   *       It is used to generate interrupts at regular time intervals where uwTick
 384:Drivers/STM32F4xx_HAL_Driver/Src/stm32f4xx_hal.c ****   *       is incremented.
 385:Drivers/STM32F4xx_HAL_Driver/Src/stm32f4xx_hal.c ****   * @note This function is declared as __weak to be overwritten in case of other
 386:Drivers/STM32F4xx_HAL_Driver/Src/stm32f4xx_hal.c ****   *       implementations in user file.
 387:Drivers/STM32F4xx_HAL_Driver/Src/stm32f4xx_hal.c ****   * @param Delay specifies the delay time length, in milliseconds.
 388:Drivers/STM32F4xx_HAL_Driver/Src/stm32f4xx_hal.c ****   * @retval None
 389:Drivers/STM32F4xx_HAL_Driver/Src/stm32f4xx_hal.c ****   */
 390:Drivers/STM32F4xx_HAL_Driver/Src/stm32f4xx_hal.c **** __weak void HAL_Delay(uint32_t Delay)
 391:Drivers/STM32F4xx_HAL_Driver/Src/stm32f4xx_hal.c **** {
 421              		.loc 1 391 0
 422              		.cfi_startproc
 423              		@ args = 0, pretend = 0, frame = 0
 424              		@ frame_needed = 0, uses_anonymous_args = 0
 425              	.LVL16:
 426 0000 38B5     		push	{r3, r4, r5, lr}
 427              	.LCFI4:
 428              		.cfi_def_cfa_offset 16
 429              		.cfi_offset 3, -16
 430              		.cfi_offset 4, -12
 431              		.cfi_offset 5, -8
 432              		.cfi_offset 14, -4
 433 0002 0446     		mov	r4, r0
 392:Drivers/STM32F4xx_HAL_Driver/Src/stm32f4xx_hal.c ****   uint32_t tickstart = HAL_GetTick();
 434              		.loc 1 392 0
 435 0004 FFF7FEFF 		bl	HAL_GetTick
 436              	.LVL17:
 437 0008 0546     		mov	r5, r0
 438              	.LVL18:
 393:Drivers/STM32F4xx_HAL_Driver/Src/stm32f4xx_hal.c ****   uint32_t wait = Delay;
 394:Drivers/STM32F4xx_HAL_Driver/Src/stm32f4xx_hal.c **** 
 395:Drivers/STM32F4xx_HAL_Driver/Src/stm32f4xx_hal.c ****   /* Add a freq to guarantee minimum wait */
 396:Drivers/STM32F4xx_HAL_Driver/Src/stm32f4xx_hal.c ****   if (wait < HAL_MAX_DELAY)
 439              		.loc 1 396 0
 440 000a B4F1FF3F 		cmp	r4, #-1
 441 000e 02D0     		beq	.L39
 397:Drivers/STM32F4xx_HAL_Driver/Src/stm32f4xx_hal.c ****   {
 398:Drivers/STM32F4xx_HAL_Driver/Src/stm32f4xx_hal.c ****     wait += (uint32_t)(uwTickFreq);
 442              		.loc 1 398 0
 443 0010 044B     		ldr	r3, .L41
 444 0012 1B78     		ldrb	r3, [r3]	@ zero_extendqisi2
 445 0014 1C44     		add	r4, r4, r3
 446              	.LVL19:
 447              	.L39:
 399:Drivers/STM32F4xx_HAL_Driver/Src/stm32f4xx_hal.c ****   }
 400:Drivers/STM32F4xx_HAL_Driver/Src/stm32f4xx_hal.c **** 
 401:Drivers/STM32F4xx_HAL_Driver/Src/stm32f4xx_hal.c ****   while((HAL_GetTick() - tickstart) < wait)
 448              		.loc 1 401 0 discriminator 1
 449 0016 FFF7FEFF 		bl	HAL_GetTick
 450              	.LVL20:
ARM GAS  C:\Users\82057\AppData\Local\Temp\ccKTeiMU.s 			page 16


 451 001a 401B     		subs	r0, r0, r5
 452 001c A042     		cmp	r0, r4
 453 001e FAD3     		bcc	.L39
 402:Drivers/STM32F4xx_HAL_Driver/Src/stm32f4xx_hal.c ****   {
 403:Drivers/STM32F4xx_HAL_Driver/Src/stm32f4xx_hal.c ****   }
 404:Drivers/STM32F4xx_HAL_Driver/Src/stm32f4xx_hal.c **** }
 454              		.loc 1 404 0
 455 0020 38BD     		pop	{r3, r4, r5, pc}
 456              	.LVL21:
 457              	.L42:
 458 0022 00BF     		.align	2
 459              	.L41:
 460 0024 00000000 		.word	.LANCHOR0
 461              		.cfi_endproc
 462              	.LFE144:
 464              		.section	.text.HAL_SuspendTick,"ax",%progbits
 465              		.align	1
 466              		.weak	HAL_SuspendTick
 467              		.syntax unified
 468              		.thumb
 469              		.thumb_func
 470              		.fpu fpv4-sp-d16
 472              	HAL_SuspendTick:
 473              	.LFB145:
 405:Drivers/STM32F4xx_HAL_Driver/Src/stm32f4xx_hal.c **** 
 406:Drivers/STM32F4xx_HAL_Driver/Src/stm32f4xx_hal.c **** /**
 407:Drivers/STM32F4xx_HAL_Driver/Src/stm32f4xx_hal.c ****   * @brief Suspend Tick increment.
 408:Drivers/STM32F4xx_HAL_Driver/Src/stm32f4xx_hal.c ****   * @note In the default implementation , SysTick timer is the source of time base. It is
 409:Drivers/STM32F4xx_HAL_Driver/Src/stm32f4xx_hal.c ****   *       used to generate interrupts at regular time intervals. Once HAL_SuspendTick()
 410:Drivers/STM32F4xx_HAL_Driver/Src/stm32f4xx_hal.c ****   *       is called, the SysTick interrupt will be disabled and so Tick increment 
 411:Drivers/STM32F4xx_HAL_Driver/Src/stm32f4xx_hal.c ****   *       is suspended.
 412:Drivers/STM32F4xx_HAL_Driver/Src/stm32f4xx_hal.c ****   * @note This function is declared as __weak to be overwritten in case of other
 413:Drivers/STM32F4xx_HAL_Driver/Src/stm32f4xx_hal.c ****   *       implementations in user file.
 414:Drivers/STM32F4xx_HAL_Driver/Src/stm32f4xx_hal.c ****   * @retval None
 415:Drivers/STM32F4xx_HAL_Driver/Src/stm32f4xx_hal.c ****   */
 416:Drivers/STM32F4xx_HAL_Driver/Src/stm32f4xx_hal.c **** __weak void HAL_SuspendTick(void)
 417:Drivers/STM32F4xx_HAL_Driver/Src/stm32f4xx_hal.c **** {
 474              		.loc 1 417 0
 475              		.cfi_startproc
 476              		@ args = 0, pretend = 0, frame = 0
 477              		@ frame_needed = 0, uses_anonymous_args = 0
 478              		@ link register save eliminated.
 418:Drivers/STM32F4xx_HAL_Driver/Src/stm32f4xx_hal.c ****   /* Disable SysTick Interrupt */
 419:Drivers/STM32F4xx_HAL_Driver/Src/stm32f4xx_hal.c ****   SysTick->CTRL &= ~SysTick_CTRL_TICKINT_Msk;
 479              		.loc 1 419 0
 480 0000 024A     		ldr	r2, .L44
 481 0002 1368     		ldr	r3, [r2]
 482 0004 23F00203 		bic	r3, r3, #2
 483 0008 1360     		str	r3, [r2]
 420:Drivers/STM32F4xx_HAL_Driver/Src/stm32f4xx_hal.c **** }
 484              		.loc 1 420 0
 485 000a 7047     		bx	lr
 486              	.L45:
 487              		.align	2
 488              	.L44:
 489 000c 10E000E0 		.word	-536813552
 490              		.cfi_endproc
ARM GAS  C:\Users\82057\AppData\Local\Temp\ccKTeiMU.s 			page 17


 491              	.LFE145:
 493              		.section	.text.HAL_ResumeTick,"ax",%progbits
 494              		.align	1
 495              		.weak	HAL_ResumeTick
 496              		.syntax unified
 497              		.thumb
 498              		.thumb_func
 499              		.fpu fpv4-sp-d16
 501              	HAL_ResumeTick:
 502              	.LFB146:
 421:Drivers/STM32F4xx_HAL_Driver/Src/stm32f4xx_hal.c **** 
 422:Drivers/STM32F4xx_HAL_Driver/Src/stm32f4xx_hal.c **** /**
 423:Drivers/STM32F4xx_HAL_Driver/Src/stm32f4xx_hal.c ****   * @brief Resume Tick increment.
 424:Drivers/STM32F4xx_HAL_Driver/Src/stm32f4xx_hal.c ****   * @note In the default implementation , SysTick timer is the source of time base. It is
 425:Drivers/STM32F4xx_HAL_Driver/Src/stm32f4xx_hal.c ****   *       used to generate interrupts at regular time intervals. Once HAL_ResumeTick()
 426:Drivers/STM32F4xx_HAL_Driver/Src/stm32f4xx_hal.c ****   *       is called, the SysTick interrupt will be enabled and so Tick increment 
 427:Drivers/STM32F4xx_HAL_Driver/Src/stm32f4xx_hal.c ****   *       is resumed.
 428:Drivers/STM32F4xx_HAL_Driver/Src/stm32f4xx_hal.c ****   * @note This function is declared as __weak to be overwritten in case of other
 429:Drivers/STM32F4xx_HAL_Driver/Src/stm32f4xx_hal.c ****   *       implementations in user file.
 430:Drivers/STM32F4xx_HAL_Driver/Src/stm32f4xx_hal.c ****   * @retval None
 431:Drivers/STM32F4xx_HAL_Driver/Src/stm32f4xx_hal.c ****   */
 432:Drivers/STM32F4xx_HAL_Driver/Src/stm32f4xx_hal.c **** __weak void HAL_ResumeTick(void)
 433:Drivers/STM32F4xx_HAL_Driver/Src/stm32f4xx_hal.c **** {
 503              		.loc 1 433 0
 504              		.cfi_startproc
 505              		@ args = 0, pretend = 0, frame = 0
 506              		@ frame_needed = 0, uses_anonymous_args = 0
 507              		@ link register save eliminated.
 434:Drivers/STM32F4xx_HAL_Driver/Src/stm32f4xx_hal.c ****   /* Enable SysTick Interrupt */
 435:Drivers/STM32F4xx_HAL_Driver/Src/stm32f4xx_hal.c ****   SysTick->CTRL  |= SysTick_CTRL_TICKINT_Msk;
 508              		.loc 1 435 0
 509 0000 024A     		ldr	r2, .L47
 510 0002 1368     		ldr	r3, [r2]
 511 0004 43F00203 		orr	r3, r3, #2
 512 0008 1360     		str	r3, [r2]
 436:Drivers/STM32F4xx_HAL_Driver/Src/stm32f4xx_hal.c **** }
 513              		.loc 1 436 0
 514 000a 7047     		bx	lr
 515              	.L48:
 516              		.align	2
 517              	.L47:
 518 000c 10E000E0 		.word	-536813552
 519              		.cfi_endproc
 520              	.LFE146:
 522              		.section	.text.HAL_GetHalVersion,"ax",%progbits
 523              		.align	1
 524              		.global	HAL_GetHalVersion
 525              		.syntax unified
 526              		.thumb
 527              		.thumb_func
 528              		.fpu fpv4-sp-d16
 530              	HAL_GetHalVersion:
 531              	.LFB147:
 437:Drivers/STM32F4xx_HAL_Driver/Src/stm32f4xx_hal.c **** 
 438:Drivers/STM32F4xx_HAL_Driver/Src/stm32f4xx_hal.c **** /**
 439:Drivers/STM32F4xx_HAL_Driver/Src/stm32f4xx_hal.c ****   * @brief  Returns the HAL revision
 440:Drivers/STM32F4xx_HAL_Driver/Src/stm32f4xx_hal.c ****   * @retval version : 0xXYZR (8bits for each decimal, R for RC)
ARM GAS  C:\Users\82057\AppData\Local\Temp\ccKTeiMU.s 			page 18


 441:Drivers/STM32F4xx_HAL_Driver/Src/stm32f4xx_hal.c ****   */
 442:Drivers/STM32F4xx_HAL_Driver/Src/stm32f4xx_hal.c **** uint32_t HAL_GetHalVersion(void)
 443:Drivers/STM32F4xx_HAL_Driver/Src/stm32f4xx_hal.c **** {
 532              		.loc 1 443 0
 533              		.cfi_startproc
 534              		@ args = 0, pretend = 0, frame = 0
 535              		@ frame_needed = 0, uses_anonymous_args = 0
 536              		@ link register save eliminated.
 444:Drivers/STM32F4xx_HAL_Driver/Src/stm32f4xx_hal.c ****   return __STM32F4xx_HAL_VERSION;
 445:Drivers/STM32F4xx_HAL_Driver/Src/stm32f4xx_hal.c **** }
 537              		.loc 1 445 0
 538 0000 0048     		ldr	r0, .L50
 539 0002 7047     		bx	lr
 540              	.L51:
 541              		.align	2
 542              	.L50:
 543 0004 00020801 		.word	17302016
 544              		.cfi_endproc
 545              	.LFE147:
 547              		.section	.text.HAL_GetREVID,"ax",%progbits
 548              		.align	1
 549              		.global	HAL_GetREVID
 550              		.syntax unified
 551              		.thumb
 552              		.thumb_func
 553              		.fpu fpv4-sp-d16
 555              	HAL_GetREVID:
 556              	.LFB148:
 446:Drivers/STM32F4xx_HAL_Driver/Src/stm32f4xx_hal.c **** 
 447:Drivers/STM32F4xx_HAL_Driver/Src/stm32f4xx_hal.c **** /**
 448:Drivers/STM32F4xx_HAL_Driver/Src/stm32f4xx_hal.c ****   * @brief  Returns the device revision identifier.
 449:Drivers/STM32F4xx_HAL_Driver/Src/stm32f4xx_hal.c ****   * @retval Device revision identifier
 450:Drivers/STM32F4xx_HAL_Driver/Src/stm32f4xx_hal.c ****   */
 451:Drivers/STM32F4xx_HAL_Driver/Src/stm32f4xx_hal.c **** uint32_t HAL_GetREVID(void)
 452:Drivers/STM32F4xx_HAL_Driver/Src/stm32f4xx_hal.c **** {
 557              		.loc 1 452 0
 558              		.cfi_startproc
 559              		@ args = 0, pretend = 0, frame = 0
 560              		@ frame_needed = 0, uses_anonymous_args = 0
 561              		@ link register save eliminated.
 453:Drivers/STM32F4xx_HAL_Driver/Src/stm32f4xx_hal.c ****   return((DBGMCU->IDCODE) >> 16U);
 562              		.loc 1 453 0
 563 0000 014B     		ldr	r3, .L53
 564 0002 1868     		ldr	r0, [r3]
 454:Drivers/STM32F4xx_HAL_Driver/Src/stm32f4xx_hal.c **** }
 565              		.loc 1 454 0
 566 0004 000C     		lsrs	r0, r0, #16
 567 0006 7047     		bx	lr
 568              	.L54:
 569              		.align	2
 570              	.L53:
 571 0008 002004E0 		.word	-536600576
 572              		.cfi_endproc
 573              	.LFE148:
 575              		.section	.text.HAL_GetDEVID,"ax",%progbits
 576              		.align	1
 577              		.global	HAL_GetDEVID
ARM GAS  C:\Users\82057\AppData\Local\Temp\ccKTeiMU.s 			page 19


 578              		.syntax unified
 579              		.thumb
 580              		.thumb_func
 581              		.fpu fpv4-sp-d16
 583              	HAL_GetDEVID:
 584              	.LFB149:
 455:Drivers/STM32F4xx_HAL_Driver/Src/stm32f4xx_hal.c **** 
 456:Drivers/STM32F4xx_HAL_Driver/Src/stm32f4xx_hal.c **** /**
 457:Drivers/STM32F4xx_HAL_Driver/Src/stm32f4xx_hal.c ****   * @brief  Returns the device identifier.
 458:Drivers/STM32F4xx_HAL_Driver/Src/stm32f4xx_hal.c ****   * @retval Device identifier
 459:Drivers/STM32F4xx_HAL_Driver/Src/stm32f4xx_hal.c ****   */
 460:Drivers/STM32F4xx_HAL_Driver/Src/stm32f4xx_hal.c **** uint32_t HAL_GetDEVID(void)
 461:Drivers/STM32F4xx_HAL_Driver/Src/stm32f4xx_hal.c **** {
 585              		.loc 1 461 0
 586              		.cfi_startproc
 587              		@ args = 0, pretend = 0, frame = 0
 588              		@ frame_needed = 0, uses_anonymous_args = 0
 589              		@ link register save eliminated.
 462:Drivers/STM32F4xx_HAL_Driver/Src/stm32f4xx_hal.c ****   return((DBGMCU->IDCODE) & IDCODE_DEVID_MASK);
 590              		.loc 1 462 0
 591 0000 024B     		ldr	r3, .L56
 592 0002 1868     		ldr	r0, [r3]
 463:Drivers/STM32F4xx_HAL_Driver/Src/stm32f4xx_hal.c **** }
 593              		.loc 1 463 0
 594 0004 C0F30B00 		ubfx	r0, r0, #0, #12
 595 0008 7047     		bx	lr
 596              	.L57:
 597 000a 00BF     		.align	2
 598              	.L56:
 599 000c 002004E0 		.word	-536600576
 600              		.cfi_endproc
 601              	.LFE149:
 603              		.section	.text.HAL_DBGMCU_EnableDBGSleepMode,"ax",%progbits
 604              		.align	1
 605              		.global	HAL_DBGMCU_EnableDBGSleepMode
 606              		.syntax unified
 607              		.thumb
 608              		.thumb_func
 609              		.fpu fpv4-sp-d16
 611              	HAL_DBGMCU_EnableDBGSleepMode:
 612              	.LFB150:
 464:Drivers/STM32F4xx_HAL_Driver/Src/stm32f4xx_hal.c **** 
 465:Drivers/STM32F4xx_HAL_Driver/Src/stm32f4xx_hal.c **** /**
 466:Drivers/STM32F4xx_HAL_Driver/Src/stm32f4xx_hal.c ****   * @brief  Enable the Debug Module during SLEEP mode
 467:Drivers/STM32F4xx_HAL_Driver/Src/stm32f4xx_hal.c ****   * @retval None
 468:Drivers/STM32F4xx_HAL_Driver/Src/stm32f4xx_hal.c ****   */
 469:Drivers/STM32F4xx_HAL_Driver/Src/stm32f4xx_hal.c **** void HAL_DBGMCU_EnableDBGSleepMode(void)
 470:Drivers/STM32F4xx_HAL_Driver/Src/stm32f4xx_hal.c **** {
 613              		.loc 1 470 0
 614              		.cfi_startproc
 615              		@ args = 0, pretend = 0, frame = 0
 616              		@ frame_needed = 0, uses_anonymous_args = 0
 617              		@ link register save eliminated.
 471:Drivers/STM32F4xx_HAL_Driver/Src/stm32f4xx_hal.c ****   SET_BIT(DBGMCU->CR, DBGMCU_CR_DBG_SLEEP);
 618              		.loc 1 471 0
 619 0000 024A     		ldr	r2, .L59
 620 0002 5368     		ldr	r3, [r2, #4]
ARM GAS  C:\Users\82057\AppData\Local\Temp\ccKTeiMU.s 			page 20


 621 0004 43F00103 		orr	r3, r3, #1
 622 0008 5360     		str	r3, [r2, #4]
 472:Drivers/STM32F4xx_HAL_Driver/Src/stm32f4xx_hal.c **** }
 623              		.loc 1 472 0
 624 000a 7047     		bx	lr
 625              	.L60:
 626              		.align	2
 627              	.L59:
 628 000c 002004E0 		.word	-536600576
 629              		.cfi_endproc
 630              	.LFE150:
 632              		.section	.text.HAL_DBGMCU_DisableDBGSleepMode,"ax",%progbits
 633              		.align	1
 634              		.global	HAL_DBGMCU_DisableDBGSleepMode
 635              		.syntax unified
 636              		.thumb
 637              		.thumb_func
 638              		.fpu fpv4-sp-d16
 640              	HAL_DBGMCU_DisableDBGSleepMode:
 641              	.LFB151:
 473:Drivers/STM32F4xx_HAL_Driver/Src/stm32f4xx_hal.c **** 
 474:Drivers/STM32F4xx_HAL_Driver/Src/stm32f4xx_hal.c **** /**
 475:Drivers/STM32F4xx_HAL_Driver/Src/stm32f4xx_hal.c ****   * @brief  Disable the Debug Module during SLEEP mode
 476:Drivers/STM32F4xx_HAL_Driver/Src/stm32f4xx_hal.c ****   * @retval None
 477:Drivers/STM32F4xx_HAL_Driver/Src/stm32f4xx_hal.c ****   */
 478:Drivers/STM32F4xx_HAL_Driver/Src/stm32f4xx_hal.c **** void HAL_DBGMCU_DisableDBGSleepMode(void)
 479:Drivers/STM32F4xx_HAL_Driver/Src/stm32f4xx_hal.c **** {
 642              		.loc 1 479 0
 643              		.cfi_startproc
 644              		@ args = 0, pretend = 0, frame = 0
 645              		@ frame_needed = 0, uses_anonymous_args = 0
 646              		@ link register save eliminated.
 480:Drivers/STM32F4xx_HAL_Driver/Src/stm32f4xx_hal.c ****   CLEAR_BIT(DBGMCU->CR, DBGMCU_CR_DBG_SLEEP);
 647              		.loc 1 480 0
 648 0000 024A     		ldr	r2, .L62
 649 0002 5368     		ldr	r3, [r2, #4]
 650 0004 23F00103 		bic	r3, r3, #1
 651 0008 5360     		str	r3, [r2, #4]
 481:Drivers/STM32F4xx_HAL_Driver/Src/stm32f4xx_hal.c **** }
 652              		.loc 1 481 0
 653 000a 7047     		bx	lr
 654              	.L63:
 655              		.align	2
 656              	.L62:
 657 000c 002004E0 		.word	-536600576
 658              		.cfi_endproc
 659              	.LFE151:
 661              		.section	.text.HAL_DBGMCU_EnableDBGStopMode,"ax",%progbits
 662              		.align	1
 663              		.global	HAL_DBGMCU_EnableDBGStopMode
 664              		.syntax unified
 665              		.thumb
 666              		.thumb_func
 667              		.fpu fpv4-sp-d16
 669              	HAL_DBGMCU_EnableDBGStopMode:
 670              	.LFB152:
 482:Drivers/STM32F4xx_HAL_Driver/Src/stm32f4xx_hal.c **** 
ARM GAS  C:\Users\82057\AppData\Local\Temp\ccKTeiMU.s 			page 21


 483:Drivers/STM32F4xx_HAL_Driver/Src/stm32f4xx_hal.c **** /**
 484:Drivers/STM32F4xx_HAL_Driver/Src/stm32f4xx_hal.c ****   * @brief  Enable the Debug Module during STOP mode
 485:Drivers/STM32F4xx_HAL_Driver/Src/stm32f4xx_hal.c ****   * @retval None
 486:Drivers/STM32F4xx_HAL_Driver/Src/stm32f4xx_hal.c ****   */
 487:Drivers/STM32F4xx_HAL_Driver/Src/stm32f4xx_hal.c **** void HAL_DBGMCU_EnableDBGStopMode(void)
 488:Drivers/STM32F4xx_HAL_Driver/Src/stm32f4xx_hal.c **** {
 671              		.loc 1 488 0
 672              		.cfi_startproc
 673              		@ args = 0, pretend = 0, frame = 0
 674              		@ frame_needed = 0, uses_anonymous_args = 0
 675              		@ link register save eliminated.
 489:Drivers/STM32F4xx_HAL_Driver/Src/stm32f4xx_hal.c ****   SET_BIT(DBGMCU->CR, DBGMCU_CR_DBG_STOP);
 676              		.loc 1 489 0
 677 0000 024A     		ldr	r2, .L65
 678 0002 5368     		ldr	r3, [r2, #4]
 679 0004 43F00203 		orr	r3, r3, #2
 680 0008 5360     		str	r3, [r2, #4]
 490:Drivers/STM32F4xx_HAL_Driver/Src/stm32f4xx_hal.c **** }
 681              		.loc 1 490 0
 682 000a 7047     		bx	lr
 683              	.L66:
 684              		.align	2
 685              	.L65:
 686 000c 002004E0 		.word	-536600576
 687              		.cfi_endproc
 688              	.LFE152:
 690              		.section	.text.HAL_DBGMCU_DisableDBGStopMode,"ax",%progbits
 691              		.align	1
 692              		.global	HAL_DBGMCU_DisableDBGStopMode
 693              		.syntax unified
 694              		.thumb
 695              		.thumb_func
 696              		.fpu fpv4-sp-d16
 698              	HAL_DBGMCU_DisableDBGStopMode:
 699              	.LFB153:
 491:Drivers/STM32F4xx_HAL_Driver/Src/stm32f4xx_hal.c **** 
 492:Drivers/STM32F4xx_HAL_Driver/Src/stm32f4xx_hal.c **** /**
 493:Drivers/STM32F4xx_HAL_Driver/Src/stm32f4xx_hal.c ****   * @brief  Disable the Debug Module during STOP mode
 494:Drivers/STM32F4xx_HAL_Driver/Src/stm32f4xx_hal.c ****   * @retval None
 495:Drivers/STM32F4xx_HAL_Driver/Src/stm32f4xx_hal.c ****   */
 496:Drivers/STM32F4xx_HAL_Driver/Src/stm32f4xx_hal.c **** void HAL_DBGMCU_DisableDBGStopMode(void)
 497:Drivers/STM32F4xx_HAL_Driver/Src/stm32f4xx_hal.c **** {
 700              		.loc 1 497 0
 701              		.cfi_startproc
 702              		@ args = 0, pretend = 0, frame = 0
 703              		@ frame_needed = 0, uses_anonymous_args = 0
 704              		@ link register save eliminated.
 498:Drivers/STM32F4xx_HAL_Driver/Src/stm32f4xx_hal.c ****   CLEAR_BIT(DBGMCU->CR, DBGMCU_CR_DBG_STOP);
 705              		.loc 1 498 0
 706 0000 024A     		ldr	r2, .L68
 707 0002 5368     		ldr	r3, [r2, #4]
 708 0004 23F00203 		bic	r3, r3, #2
 709 0008 5360     		str	r3, [r2, #4]
 499:Drivers/STM32F4xx_HAL_Driver/Src/stm32f4xx_hal.c **** }
 710              		.loc 1 499 0
 711 000a 7047     		bx	lr
 712              	.L69:
ARM GAS  C:\Users\82057\AppData\Local\Temp\ccKTeiMU.s 			page 22


 713              		.align	2
 714              	.L68:
 715 000c 002004E0 		.word	-536600576
 716              		.cfi_endproc
 717              	.LFE153:
 719              		.section	.text.HAL_DBGMCU_EnableDBGStandbyMode,"ax",%progbits
 720              		.align	1
 721              		.global	HAL_DBGMCU_EnableDBGStandbyMode
 722              		.syntax unified
 723              		.thumb
 724              		.thumb_func
 725              		.fpu fpv4-sp-d16
 727              	HAL_DBGMCU_EnableDBGStandbyMode:
 728              	.LFB154:
 500:Drivers/STM32F4xx_HAL_Driver/Src/stm32f4xx_hal.c **** 
 501:Drivers/STM32F4xx_HAL_Driver/Src/stm32f4xx_hal.c **** /**
 502:Drivers/STM32F4xx_HAL_Driver/Src/stm32f4xx_hal.c ****   * @brief  Enable the Debug Module during STANDBY mode
 503:Drivers/STM32F4xx_HAL_Driver/Src/stm32f4xx_hal.c ****   * @retval None
 504:Drivers/STM32F4xx_HAL_Driver/Src/stm32f4xx_hal.c ****   */
 505:Drivers/STM32F4xx_HAL_Driver/Src/stm32f4xx_hal.c **** void HAL_DBGMCU_EnableDBGStandbyMode(void)
 506:Drivers/STM32F4xx_HAL_Driver/Src/stm32f4xx_hal.c **** {
 729              		.loc 1 506 0
 730              		.cfi_startproc
 731              		@ args = 0, pretend = 0, frame = 0
 732              		@ frame_needed = 0, uses_anonymous_args = 0
 733              		@ link register save eliminated.
 507:Drivers/STM32F4xx_HAL_Driver/Src/stm32f4xx_hal.c ****   SET_BIT(DBGMCU->CR, DBGMCU_CR_DBG_STANDBY);
 734              		.loc 1 507 0
 735 0000 024A     		ldr	r2, .L71
 736 0002 5368     		ldr	r3, [r2, #4]
 737 0004 43F00403 		orr	r3, r3, #4
 738 0008 5360     		str	r3, [r2, #4]
 508:Drivers/STM32F4xx_HAL_Driver/Src/stm32f4xx_hal.c **** }
 739              		.loc 1 508 0
 740 000a 7047     		bx	lr
 741              	.L72:
 742              		.align	2
 743              	.L71:
 744 000c 002004E0 		.word	-536600576
 745              		.cfi_endproc
 746              	.LFE154:
 748              		.section	.text.HAL_DBGMCU_DisableDBGStandbyMode,"ax",%progbits
 749              		.align	1
 750              		.global	HAL_DBGMCU_DisableDBGStandbyMode
 751              		.syntax unified
 752              		.thumb
 753              		.thumb_func
 754              		.fpu fpv4-sp-d16
 756              	HAL_DBGMCU_DisableDBGStandbyMode:
 757              	.LFB155:
 509:Drivers/STM32F4xx_HAL_Driver/Src/stm32f4xx_hal.c **** 
 510:Drivers/STM32F4xx_HAL_Driver/Src/stm32f4xx_hal.c **** /**
 511:Drivers/STM32F4xx_HAL_Driver/Src/stm32f4xx_hal.c ****   * @brief  Disable the Debug Module during STANDBY mode
 512:Drivers/STM32F4xx_HAL_Driver/Src/stm32f4xx_hal.c ****   * @retval None
 513:Drivers/STM32F4xx_HAL_Driver/Src/stm32f4xx_hal.c ****   */
 514:Drivers/STM32F4xx_HAL_Driver/Src/stm32f4xx_hal.c **** void HAL_DBGMCU_DisableDBGStandbyMode(void)
 515:Drivers/STM32F4xx_HAL_Driver/Src/stm32f4xx_hal.c **** {
ARM GAS  C:\Users\82057\AppData\Local\Temp\ccKTeiMU.s 			page 23


 758              		.loc 1 515 0
 759              		.cfi_startproc
 760              		@ args = 0, pretend = 0, frame = 0
 761              		@ frame_needed = 0, uses_anonymous_args = 0
 762              		@ link register save eliminated.
 516:Drivers/STM32F4xx_HAL_Driver/Src/stm32f4xx_hal.c ****   CLEAR_BIT(DBGMCU->CR, DBGMCU_CR_DBG_STANDBY);
 763              		.loc 1 516 0
 764 0000 024A     		ldr	r2, .L74
 765 0002 5368     		ldr	r3, [r2, #4]
 766 0004 23F00403 		bic	r3, r3, #4
 767 0008 5360     		str	r3, [r2, #4]
 517:Drivers/STM32F4xx_HAL_Driver/Src/stm32f4xx_hal.c **** }
 768              		.loc 1 517 0
 769 000a 7047     		bx	lr
 770              	.L75:
 771              		.align	2
 772              	.L74:
 773 000c 002004E0 		.word	-536600576
 774              		.cfi_endproc
 775              	.LFE155:
 777              		.section	.text.HAL_EnableCompensationCell,"ax",%progbits
 778              		.align	1
 779              		.global	HAL_EnableCompensationCell
 780              		.syntax unified
 781              		.thumb
 782              		.thumb_func
 783              		.fpu fpv4-sp-d16
 785              	HAL_EnableCompensationCell:
 786              	.LFB156:
 518:Drivers/STM32F4xx_HAL_Driver/Src/stm32f4xx_hal.c **** 
 519:Drivers/STM32F4xx_HAL_Driver/Src/stm32f4xx_hal.c **** /**
 520:Drivers/STM32F4xx_HAL_Driver/Src/stm32f4xx_hal.c ****   * @brief  Enables the I/O Compensation Cell.
 521:Drivers/STM32F4xx_HAL_Driver/Src/stm32f4xx_hal.c ****   * @note   The I/O compensation cell can be used only when the device supply
 522:Drivers/STM32F4xx_HAL_Driver/Src/stm32f4xx_hal.c ****   *         voltage ranges from 2.4 to 3.6 V.  
 523:Drivers/STM32F4xx_HAL_Driver/Src/stm32f4xx_hal.c ****   * @retval None
 524:Drivers/STM32F4xx_HAL_Driver/Src/stm32f4xx_hal.c ****   */
 525:Drivers/STM32F4xx_HAL_Driver/Src/stm32f4xx_hal.c **** void HAL_EnableCompensationCell(void)
 526:Drivers/STM32F4xx_HAL_Driver/Src/stm32f4xx_hal.c **** {
 787              		.loc 1 526 0
 788              		.cfi_startproc
 789              		@ args = 0, pretend = 0, frame = 0
 790              		@ frame_needed = 0, uses_anonymous_args = 0
 791              		@ link register save eliminated.
 527:Drivers/STM32F4xx_HAL_Driver/Src/stm32f4xx_hal.c ****   *(__IO uint32_t *)CMPCR_CMP_PD_BB = (uint32_t)ENABLE;
 792              		.loc 1 527 0
 793 0000 014B     		ldr	r3, .L77
 794 0002 0122     		movs	r2, #1
 795 0004 1A60     		str	r2, [r3]
 528:Drivers/STM32F4xx_HAL_Driver/Src/stm32f4xx_hal.c **** }
 796              		.loc 1 528 0
 797 0006 7047     		bx	lr
 798              	.L78:
 799              		.align	2
 800              	.L77:
 801 0008 00042742 		.word	1109853184
 802              		.cfi_endproc
 803              	.LFE156:
ARM GAS  C:\Users\82057\AppData\Local\Temp\ccKTeiMU.s 			page 24


 805              		.section	.text.HAL_DisableCompensationCell,"ax",%progbits
 806              		.align	1
 807              		.global	HAL_DisableCompensationCell
 808              		.syntax unified
 809              		.thumb
 810              		.thumb_func
 811              		.fpu fpv4-sp-d16
 813              	HAL_DisableCompensationCell:
 814              	.LFB157:
 529:Drivers/STM32F4xx_HAL_Driver/Src/stm32f4xx_hal.c **** 
 530:Drivers/STM32F4xx_HAL_Driver/Src/stm32f4xx_hal.c **** /**
 531:Drivers/STM32F4xx_HAL_Driver/Src/stm32f4xx_hal.c ****   * @brief  Power-down the I/O Compensation Cell.
 532:Drivers/STM32F4xx_HAL_Driver/Src/stm32f4xx_hal.c ****   * @note   The I/O compensation cell can be used only when the device supply
 533:Drivers/STM32F4xx_HAL_Driver/Src/stm32f4xx_hal.c ****   *         voltage ranges from 2.4 to 3.6 V.  
 534:Drivers/STM32F4xx_HAL_Driver/Src/stm32f4xx_hal.c ****   * @retval None
 535:Drivers/STM32F4xx_HAL_Driver/Src/stm32f4xx_hal.c ****   */
 536:Drivers/STM32F4xx_HAL_Driver/Src/stm32f4xx_hal.c **** void HAL_DisableCompensationCell(void)
 537:Drivers/STM32F4xx_HAL_Driver/Src/stm32f4xx_hal.c **** {
 815              		.loc 1 537 0
 816              		.cfi_startproc
 817              		@ args = 0, pretend = 0, frame = 0
 818              		@ frame_needed = 0, uses_anonymous_args = 0
 819              		@ link register save eliminated.
 538:Drivers/STM32F4xx_HAL_Driver/Src/stm32f4xx_hal.c ****   *(__IO uint32_t *)CMPCR_CMP_PD_BB = (uint32_t)DISABLE;
 820              		.loc 1 538 0
 821 0000 014B     		ldr	r3, .L80
 822 0002 0022     		movs	r2, #0
 823 0004 1A60     		str	r2, [r3]
 539:Drivers/STM32F4xx_HAL_Driver/Src/stm32f4xx_hal.c **** }
 824              		.loc 1 539 0
 825 0006 7047     		bx	lr
 826              	.L81:
 827              		.align	2
 828              	.L80:
 829 0008 00042742 		.word	1109853184
 830              		.cfi_endproc
 831              	.LFE157:
 833              		.section	.text.HAL_GetUIDw0,"ax",%progbits
 834              		.align	1
 835              		.global	HAL_GetUIDw0
 836              		.syntax unified
 837              		.thumb
 838              		.thumb_func
 839              		.fpu fpv4-sp-d16
 841              	HAL_GetUIDw0:
 842              	.LFB158:
 540:Drivers/STM32F4xx_HAL_Driver/Src/stm32f4xx_hal.c **** 
 541:Drivers/STM32F4xx_HAL_Driver/Src/stm32f4xx_hal.c **** /**
 542:Drivers/STM32F4xx_HAL_Driver/Src/stm32f4xx_hal.c ****   * @brief  Returns first word of the unique device identifier (UID based on 96 bits)
 543:Drivers/STM32F4xx_HAL_Driver/Src/stm32f4xx_hal.c ****   * @retval Device identifier
 544:Drivers/STM32F4xx_HAL_Driver/Src/stm32f4xx_hal.c ****   */
 545:Drivers/STM32F4xx_HAL_Driver/Src/stm32f4xx_hal.c **** uint32_t HAL_GetUIDw0(void)
 546:Drivers/STM32F4xx_HAL_Driver/Src/stm32f4xx_hal.c **** {
 843              		.loc 1 546 0
 844              		.cfi_startproc
 845              		@ args = 0, pretend = 0, frame = 0
 846              		@ frame_needed = 0, uses_anonymous_args = 0
ARM GAS  C:\Users\82057\AppData\Local\Temp\ccKTeiMU.s 			page 25


 847              		@ link register save eliminated.
 547:Drivers/STM32F4xx_HAL_Driver/Src/stm32f4xx_hal.c ****   return (READ_REG(*((uint32_t *)UID_BASE)));
 548:Drivers/STM32F4xx_HAL_Driver/Src/stm32f4xx_hal.c **** }
 848              		.loc 1 548 0
 849 0000 014B     		ldr	r3, .L83
 850 0002 1868     		ldr	r0, [r3]
 851 0004 7047     		bx	lr
 852              	.L84:
 853 0006 00BF     		.align	2
 854              	.L83:
 855 0008 107AFF1F 		.word	536836624
 856              		.cfi_endproc
 857              	.LFE158:
 859              		.section	.text.HAL_GetUIDw1,"ax",%progbits
 860              		.align	1
 861              		.global	HAL_GetUIDw1
 862              		.syntax unified
 863              		.thumb
 864              		.thumb_func
 865              		.fpu fpv4-sp-d16
 867              	HAL_GetUIDw1:
 868              	.LFB159:
 549:Drivers/STM32F4xx_HAL_Driver/Src/stm32f4xx_hal.c **** 
 550:Drivers/STM32F4xx_HAL_Driver/Src/stm32f4xx_hal.c **** /**
 551:Drivers/STM32F4xx_HAL_Driver/Src/stm32f4xx_hal.c ****   * @brief  Returns second word of the unique device identifier (UID based on 96 bits)
 552:Drivers/STM32F4xx_HAL_Driver/Src/stm32f4xx_hal.c ****   * @retval Device identifier
 553:Drivers/STM32F4xx_HAL_Driver/Src/stm32f4xx_hal.c ****   */
 554:Drivers/STM32F4xx_HAL_Driver/Src/stm32f4xx_hal.c **** uint32_t HAL_GetUIDw1(void)
 555:Drivers/STM32F4xx_HAL_Driver/Src/stm32f4xx_hal.c **** {
 869              		.loc 1 555 0
 870              		.cfi_startproc
 871              		@ args = 0, pretend = 0, frame = 0
 872              		@ frame_needed = 0, uses_anonymous_args = 0
 873              		@ link register save eliminated.
 556:Drivers/STM32F4xx_HAL_Driver/Src/stm32f4xx_hal.c ****   return (READ_REG(*((uint32_t *)(UID_BASE + 4U))));
 557:Drivers/STM32F4xx_HAL_Driver/Src/stm32f4xx_hal.c **** }
 874              		.loc 1 557 0
 875 0000 014B     		ldr	r3, .L86
 876 0002 1868     		ldr	r0, [r3]
 877 0004 7047     		bx	lr
 878              	.L87:
 879 0006 00BF     		.align	2
 880              	.L86:
 881 0008 147AFF1F 		.word	536836628
 882              		.cfi_endproc
 883              	.LFE159:
 885              		.section	.text.HAL_GetUIDw2,"ax",%progbits
 886              		.align	1
 887              		.global	HAL_GetUIDw2
 888              		.syntax unified
 889              		.thumb
 890              		.thumb_func
 891              		.fpu fpv4-sp-d16
 893              	HAL_GetUIDw2:
 894              	.LFB160:
 558:Drivers/STM32F4xx_HAL_Driver/Src/stm32f4xx_hal.c **** 
 559:Drivers/STM32F4xx_HAL_Driver/Src/stm32f4xx_hal.c **** /**
ARM GAS  C:\Users\82057\AppData\Local\Temp\ccKTeiMU.s 			page 26


 560:Drivers/STM32F4xx_HAL_Driver/Src/stm32f4xx_hal.c ****   * @brief  Returns third word of the unique device identifier (UID based on 96 bits)
 561:Drivers/STM32F4xx_HAL_Driver/Src/stm32f4xx_hal.c ****   * @retval Device identifier
 562:Drivers/STM32F4xx_HAL_Driver/Src/stm32f4xx_hal.c ****   */
 563:Drivers/STM32F4xx_HAL_Driver/Src/stm32f4xx_hal.c **** uint32_t HAL_GetUIDw2(void)
 564:Drivers/STM32F4xx_HAL_Driver/Src/stm32f4xx_hal.c **** {
 895              		.loc 1 564 0
 896              		.cfi_startproc
 897              		@ args = 0, pretend = 0, frame = 0
 898              		@ frame_needed = 0, uses_anonymous_args = 0
 899              		@ link register save eliminated.
 565:Drivers/STM32F4xx_HAL_Driver/Src/stm32f4xx_hal.c ****   return (READ_REG(*((uint32_t *)(UID_BASE + 8U))));
 566:Drivers/STM32F4xx_HAL_Driver/Src/stm32f4xx_hal.c **** }
 900              		.loc 1 566 0
 901 0000 014B     		ldr	r3, .L89
 902 0002 1868     		ldr	r0, [r3]
 903 0004 7047     		bx	lr
 904              	.L90:
 905 0006 00BF     		.align	2
 906              	.L89:
 907 0008 187AFF1F 		.word	536836632
 908              		.cfi_endproc
 909              	.LFE160:
 911              		.global	uwTickFreq
 912              		.global	uwTickPrio
 913              		.comm	uwTick,4,4
 914              		.section	.data.uwTickFreq,"aw",%progbits
 915              		.set	.LANCHOR0,. + 0
 918              	uwTickFreq:
 919 0000 01       		.byte	1
 920              		.section	.data.uwTickPrio,"aw",%progbits
 921              		.align	2
 922              		.set	.LANCHOR1,. + 0
 925              	uwTickPrio:
 926 0000 10000000 		.word	16
 927              		.text
 928              	.Letext0:
 929              		.file 2 "c:\\program files (x86)\\gnu tools arm embedded\\7 2018-q2-update\\arm-none-eabi\\include
 930              		.file 3 "c:\\program files (x86)\\gnu tools arm embedded\\7 2018-q2-update\\arm-none-eabi\\include
 931              		.file 4 "Drivers/CMSIS/Include/core_cm4.h"
 932              		.file 5 "Drivers/CMSIS/Device/ST/STM32F4xx/Include/system_stm32f4xx.h"
 933              		.file 6 "Drivers/CMSIS/Device/ST/STM32F4xx/Include/stm32f405xx.h"
 934              		.file 7 "Drivers/CMSIS/Device/ST/STM32F4xx/Include/stm32f4xx.h"
 935              		.file 8 "Drivers/STM32F4xx_HAL_Driver/Inc/stm32f4xx_hal_def.h"
 936              		.file 9 "Drivers/STM32F4xx_HAL_Driver/Inc/stm32f4xx_hal.h"
 937              		.file 10 "Drivers/STM32F4xx_HAL_Driver/Inc/stm32f4xx_hal_cortex.h"
ARM GAS  C:\Users\82057\AppData\Local\Temp\ccKTeiMU.s 			page 27


DEFINED SYMBOLS
                            *ABS*:00000000 stm32f4xx_hal.c
C:\Users\82057\AppData\Local\Temp\ccKTeiMU.s:18     .text.HAL_MspInit:00000000 $t
C:\Users\82057\AppData\Local\Temp\ccKTeiMU.s:25     .text.HAL_MspInit:00000000 HAL_MspInit
C:\Users\82057\AppData\Local\Temp\ccKTeiMU.s:39     .text.HAL_MspDeInit:00000000 $t
C:\Users\82057\AppData\Local\Temp\ccKTeiMU.s:46     .text.HAL_MspDeInit:00000000 HAL_MspDeInit
C:\Users\82057\AppData\Local\Temp\ccKTeiMU.s:59     .text.HAL_DeInit:00000000 $t
C:\Users\82057\AppData\Local\Temp\ccKTeiMU.s:66     .text.HAL_DeInit:00000000 HAL_DeInit
C:\Users\82057\AppData\Local\Temp\ccKTeiMU.s:113    .text.HAL_DeInit:0000002c $d
C:\Users\82057\AppData\Local\Temp\ccKTeiMU.s:121    .text.HAL_InitTick:00000000 $t
C:\Users\82057\AppData\Local\Temp\ccKTeiMU.s:128    .text.HAL_InitTick:00000000 HAL_InitTick
C:\Users\82057\AppData\Local\Temp\ccKTeiMU.s:182    .text.HAL_InitTick:00000040 $d
C:\Users\82057\AppData\Local\Temp\ccKTeiMU.s:189    .text.HAL_Init:00000000 $t
C:\Users\82057\AppData\Local\Temp\ccKTeiMU.s:196    .text.HAL_Init:00000000 HAL_Init
C:\Users\82057\AppData\Local\Temp\ccKTeiMU.s:237    .text.HAL_Init:00000030 $d
C:\Users\82057\AppData\Local\Temp\ccKTeiMU.s:242    .text.HAL_IncTick:00000000 $t
C:\Users\82057\AppData\Local\Temp\ccKTeiMU.s:249    .text.HAL_IncTick:00000000 HAL_IncTick
C:\Users\82057\AppData\Local\Temp\ccKTeiMU.s:268    .text.HAL_IncTick:00000010 $d
                            *COM*:00000004 uwTick
C:\Users\82057\AppData\Local\Temp\ccKTeiMU.s:274    .text.HAL_GetTick:00000000 $t
C:\Users\82057\AppData\Local\Temp\ccKTeiMU.s:281    .text.HAL_GetTick:00000000 HAL_GetTick
C:\Users\82057\AppData\Local\Temp\ccKTeiMU.s:296    .text.HAL_GetTick:00000008 $d
C:\Users\82057\AppData\Local\Temp\ccKTeiMU.s:301    .text.HAL_GetTickPrio:00000000 $t
C:\Users\82057\AppData\Local\Temp\ccKTeiMU.s:308    .text.HAL_GetTickPrio:00000000 HAL_GetTickPrio
C:\Users\82057\AppData\Local\Temp\ccKTeiMU.s:322    .text.HAL_GetTickPrio:00000008 $d
C:\Users\82057\AppData\Local\Temp\ccKTeiMU.s:327    .text.HAL_SetTickFreq:00000000 $t
C:\Users\82057\AppData\Local\Temp\ccKTeiMU.s:334    .text.HAL_SetTickFreq:00000000 HAL_SetTickFreq
C:\Users\82057\AppData\Local\Temp\ccKTeiMU.s:380    .text.HAL_SetTickFreq:00000024 $d
C:\Users\82057\AppData\Local\Temp\ccKTeiMU.s:386    .text.HAL_GetTickFreq:00000000 $t
C:\Users\82057\AppData\Local\Temp\ccKTeiMU.s:393    .text.HAL_GetTickFreq:00000000 HAL_GetTickFreq
C:\Users\82057\AppData\Local\Temp\ccKTeiMU.s:407    .text.HAL_GetTickFreq:00000008 $d
C:\Users\82057\AppData\Local\Temp\ccKTeiMU.s:412    .text.HAL_Delay:00000000 $t
C:\Users\82057\AppData\Local\Temp\ccKTeiMU.s:419    .text.HAL_Delay:00000000 HAL_Delay
C:\Users\82057\AppData\Local\Temp\ccKTeiMU.s:460    .text.HAL_Delay:00000024 $d
C:\Users\82057\AppData\Local\Temp\ccKTeiMU.s:465    .text.HAL_SuspendTick:00000000 $t
C:\Users\82057\AppData\Local\Temp\ccKTeiMU.s:472    .text.HAL_SuspendTick:00000000 HAL_SuspendTick
C:\Users\82057\AppData\Local\Temp\ccKTeiMU.s:489    .text.HAL_SuspendTick:0000000c $d
C:\Users\82057\AppData\Local\Temp\ccKTeiMU.s:494    .text.HAL_ResumeTick:00000000 $t
C:\Users\82057\AppData\Local\Temp\ccKTeiMU.s:501    .text.HAL_ResumeTick:00000000 HAL_ResumeTick
C:\Users\82057\AppData\Local\Temp\ccKTeiMU.s:518    .text.HAL_ResumeTick:0000000c $d
C:\Users\82057\AppData\Local\Temp\ccKTeiMU.s:523    .text.HAL_GetHalVersion:00000000 $t
C:\Users\82057\AppData\Local\Temp\ccKTeiMU.s:530    .text.HAL_GetHalVersion:00000000 HAL_GetHalVersion
C:\Users\82057\AppData\Local\Temp\ccKTeiMU.s:543    .text.HAL_GetHalVersion:00000004 $d
C:\Users\82057\AppData\Local\Temp\ccKTeiMU.s:548    .text.HAL_GetREVID:00000000 $t
C:\Users\82057\AppData\Local\Temp\ccKTeiMU.s:555    .text.HAL_GetREVID:00000000 HAL_GetREVID
C:\Users\82057\AppData\Local\Temp\ccKTeiMU.s:571    .text.HAL_GetREVID:00000008 $d
C:\Users\82057\AppData\Local\Temp\ccKTeiMU.s:576    .text.HAL_GetDEVID:00000000 $t
C:\Users\82057\AppData\Local\Temp\ccKTeiMU.s:583    .text.HAL_GetDEVID:00000000 HAL_GetDEVID
C:\Users\82057\AppData\Local\Temp\ccKTeiMU.s:599    .text.HAL_GetDEVID:0000000c $d
C:\Users\82057\AppData\Local\Temp\ccKTeiMU.s:604    .text.HAL_DBGMCU_EnableDBGSleepMode:00000000 $t
C:\Users\82057\AppData\Local\Temp\ccKTeiMU.s:611    .text.HAL_DBGMCU_EnableDBGSleepMode:00000000 HAL_DBGMCU_EnableDBGSleepMode
C:\Users\82057\AppData\Local\Temp\ccKTeiMU.s:628    .text.HAL_DBGMCU_EnableDBGSleepMode:0000000c $d
C:\Users\82057\AppData\Local\Temp\ccKTeiMU.s:633    .text.HAL_DBGMCU_DisableDBGSleepMode:00000000 $t
C:\Users\82057\AppData\Local\Temp\ccKTeiMU.s:640    .text.HAL_DBGMCU_DisableDBGSleepMode:00000000 HAL_DBGMCU_DisableDBGSleepMode
C:\Users\82057\AppData\Local\Temp\ccKTeiMU.s:657    .text.HAL_DBGMCU_DisableDBGSleepMode:0000000c $d
C:\Users\82057\AppData\Local\Temp\ccKTeiMU.s:662    .text.HAL_DBGMCU_EnableDBGStopMode:00000000 $t
C:\Users\82057\AppData\Local\Temp\ccKTeiMU.s:669    .text.HAL_DBGMCU_EnableDBGStopMode:00000000 HAL_DBGMCU_EnableDBGStopMode
ARM GAS  C:\Users\82057\AppData\Local\Temp\ccKTeiMU.s 			page 28


C:\Users\82057\AppData\Local\Temp\ccKTeiMU.s:686    .text.HAL_DBGMCU_EnableDBGStopMode:0000000c $d
C:\Users\82057\AppData\Local\Temp\ccKTeiMU.s:691    .text.HAL_DBGMCU_DisableDBGStopMode:00000000 $t
C:\Users\82057\AppData\Local\Temp\ccKTeiMU.s:698    .text.HAL_DBGMCU_DisableDBGStopMode:00000000 HAL_DBGMCU_DisableDBGStopMode
C:\Users\82057\AppData\Local\Temp\ccKTeiMU.s:715    .text.HAL_DBGMCU_DisableDBGStopMode:0000000c $d
C:\Users\82057\AppData\Local\Temp\ccKTeiMU.s:720    .text.HAL_DBGMCU_EnableDBGStandbyMode:00000000 $t
C:\Users\82057\AppData\Local\Temp\ccKTeiMU.s:727    .text.HAL_DBGMCU_EnableDBGStandbyMode:00000000 HAL_DBGMCU_EnableDBGStandbyMode
C:\Users\82057\AppData\Local\Temp\ccKTeiMU.s:744    .text.HAL_DBGMCU_EnableDBGStandbyMode:0000000c $d
C:\Users\82057\AppData\Local\Temp\ccKTeiMU.s:749    .text.HAL_DBGMCU_DisableDBGStandbyMode:00000000 $t
C:\Users\82057\AppData\Local\Temp\ccKTeiMU.s:756    .text.HAL_DBGMCU_DisableDBGStandbyMode:00000000 HAL_DBGMCU_DisableDBGStandbyMode
C:\Users\82057\AppData\Local\Temp\ccKTeiMU.s:773    .text.HAL_DBGMCU_DisableDBGStandbyMode:0000000c $d
C:\Users\82057\AppData\Local\Temp\ccKTeiMU.s:778    .text.HAL_EnableCompensationCell:00000000 $t
C:\Users\82057\AppData\Local\Temp\ccKTeiMU.s:785    .text.HAL_EnableCompensationCell:00000000 HAL_EnableCompensationCell
C:\Users\82057\AppData\Local\Temp\ccKTeiMU.s:801    .text.HAL_EnableCompensationCell:00000008 $d
C:\Users\82057\AppData\Local\Temp\ccKTeiMU.s:806    .text.HAL_DisableCompensationCell:00000000 $t
C:\Users\82057\AppData\Local\Temp\ccKTeiMU.s:813    .text.HAL_DisableCompensationCell:00000000 HAL_DisableCompensationCell
C:\Users\82057\AppData\Local\Temp\ccKTeiMU.s:829    .text.HAL_DisableCompensationCell:00000008 $d
C:\Users\82057\AppData\Local\Temp\ccKTeiMU.s:834    .text.HAL_GetUIDw0:00000000 $t
C:\Users\82057\AppData\Local\Temp\ccKTeiMU.s:841    .text.HAL_GetUIDw0:00000000 HAL_GetUIDw0
C:\Users\82057\AppData\Local\Temp\ccKTeiMU.s:855    .text.HAL_GetUIDw0:00000008 $d
C:\Users\82057\AppData\Local\Temp\ccKTeiMU.s:860    .text.HAL_GetUIDw1:00000000 $t
C:\Users\82057\AppData\Local\Temp\ccKTeiMU.s:867    .text.HAL_GetUIDw1:00000000 HAL_GetUIDw1
C:\Users\82057\AppData\Local\Temp\ccKTeiMU.s:881    .text.HAL_GetUIDw1:00000008 $d
C:\Users\82057\AppData\Local\Temp\ccKTeiMU.s:886    .text.HAL_GetUIDw2:00000000 $t
C:\Users\82057\AppData\Local\Temp\ccKTeiMU.s:893    .text.HAL_GetUIDw2:00000000 HAL_GetUIDw2
C:\Users\82057\AppData\Local\Temp\ccKTeiMU.s:907    .text.HAL_GetUIDw2:00000008 $d
C:\Users\82057\AppData\Local\Temp\ccKTeiMU.s:918    .data.uwTickFreq:00000000 uwTickFreq
C:\Users\82057\AppData\Local\Temp\ccKTeiMU.s:925    .data.uwTickPrio:00000000 uwTickPrio
C:\Users\82057\AppData\Local\Temp\ccKTeiMU.s:921    .data.uwTickPrio:00000000 $d

UNDEFINED SYMBOLS
HAL_SYSTICK_Config
HAL_NVIC_SetPriority
SystemCoreClock
HAL_NVIC_SetPriorityGrouping
