ARM GAS  C:\Users\82057\AppData\Local\Temp\cc2w4r7E.s 			page 1


   1              		.cpu cortex-m4
   2              		.eabi_attribute 27, 1
   3              		.eabi_attribute 28, 1
   4              		.eabi_attribute 20, 1
   5              		.eabi_attribute 21, 1
   6              		.eabi_attribute 23, 3
   7              		.eabi_attribute 24, 1
   8              		.eabi_attribute 25, 1
   9              		.eabi_attribute 26, 1
  10              		.eabi_attribute 30, 1
  11              		.eabi_attribute 34, 1
  12              		.eabi_attribute 18, 4
  13              		.file	"system_stm32f4xx.c"
  14              		.text
  15              	.Ltext0:
  16              		.cfi_sections	.debug_frame
  17              		.section	.text.SystemInit,"ax",%progbits
  18              		.align	1
  19              		.global	SystemInit
  20              		.syntax unified
  21              		.thumb
  22              		.thumb_func
  23              		.fpu fpv4-sp-d16
  25              	SystemInit:
  26              	.LFB134:
  27              		.file 1 "Src/system_stm32f4xx.c"
   1:Src/system_stm32f4xx.c **** /**
   2:Src/system_stm32f4xx.c ****   ******************************************************************************
   3:Src/system_stm32f4xx.c ****   * @file    system_stm32f4xx.c
   4:Src/system_stm32f4xx.c ****   * @author  MCD Application Team
   5:Src/system_stm32f4xx.c ****   * @brief   CMSIS Cortex-M4 Device Peripheral Access Layer System Source File.
   6:Src/system_stm32f4xx.c ****   *
   7:Src/system_stm32f4xx.c ****   *   This file provides two functions and one global variable to be called from 
   8:Src/system_stm32f4xx.c ****   *   user application:
   9:Src/system_stm32f4xx.c ****   *      - SystemInit(): This function is called at startup just after reset and 
  10:Src/system_stm32f4xx.c ****   *                      before branch to main program. This call is made inside
  11:Src/system_stm32f4xx.c ****   *                      the "startup_stm32f4xx.s" file.
  12:Src/system_stm32f4xx.c ****   *
  13:Src/system_stm32f4xx.c ****   *      - SystemCoreClock variable: Contains the core clock (HCLK), it can be used
  14:Src/system_stm32f4xx.c ****   *                                  by the user application to setup the SysTick 
  15:Src/system_stm32f4xx.c ****   *                                  timer or configure other parameters.
  16:Src/system_stm32f4xx.c ****   *                                     
  17:Src/system_stm32f4xx.c ****   *      - SystemCoreClockUpdate(): Updates the variable SystemCoreClock and must
  18:Src/system_stm32f4xx.c ****   *                                 be called whenever the core clock is changed
  19:Src/system_stm32f4xx.c ****   *                                 during program execution.
  20:Src/system_stm32f4xx.c ****   *
  21:Src/system_stm32f4xx.c ****   *
  22:Src/system_stm32f4xx.c ****   ******************************************************************************
  23:Src/system_stm32f4xx.c ****   * @attention
  24:Src/system_stm32f4xx.c ****   *
  25:Src/system_stm32f4xx.c ****   * Copyright (c) 2017 STMicroelectronics.
  26:Src/system_stm32f4xx.c ****   * All rights reserved.
  27:Src/system_stm32f4xx.c ****   *
  28:Src/system_stm32f4xx.c ****   * This software is licensed under terms that can be found in the LICENSE file
  29:Src/system_stm32f4xx.c ****   * in the root directory of this software component.
  30:Src/system_stm32f4xx.c ****   * If no LICENSE file comes with this software, it is provided AS-IS.
  31:Src/system_stm32f4xx.c ****   *
ARM GAS  C:\Users\82057\AppData\Local\Temp\cc2w4r7E.s 			page 2


  32:Src/system_stm32f4xx.c ****   ******************************************************************************
  33:Src/system_stm32f4xx.c ****   */
  34:Src/system_stm32f4xx.c **** 
  35:Src/system_stm32f4xx.c **** /** @addtogroup CMSIS
  36:Src/system_stm32f4xx.c ****   * @{
  37:Src/system_stm32f4xx.c ****   */
  38:Src/system_stm32f4xx.c **** 
  39:Src/system_stm32f4xx.c **** /** @addtogroup stm32f4xx_system
  40:Src/system_stm32f4xx.c ****   * @{
  41:Src/system_stm32f4xx.c ****   */  
  42:Src/system_stm32f4xx.c ****   
  43:Src/system_stm32f4xx.c **** /** @addtogroup STM32F4xx_System_Private_Includes
  44:Src/system_stm32f4xx.c ****   * @{
  45:Src/system_stm32f4xx.c ****   */
  46:Src/system_stm32f4xx.c **** 
  47:Src/system_stm32f4xx.c **** 
  48:Src/system_stm32f4xx.c **** #include "stm32f4xx.h"
  49:Src/system_stm32f4xx.c **** 
  50:Src/system_stm32f4xx.c **** #if !defined  (HSE_VALUE) 
  51:Src/system_stm32f4xx.c ****   #define HSE_VALUE    ((uint32_t)25000000) /*!< Default value of the External oscillator in Hz */
  52:Src/system_stm32f4xx.c **** #endif /* HSE_VALUE */
  53:Src/system_stm32f4xx.c **** 
  54:Src/system_stm32f4xx.c **** #if !defined  (HSI_VALUE)
  55:Src/system_stm32f4xx.c ****   #define HSI_VALUE    ((uint32_t)16000000) /*!< Value of the Internal oscillator in Hz*/
  56:Src/system_stm32f4xx.c **** #endif /* HSI_VALUE */
  57:Src/system_stm32f4xx.c **** 
  58:Src/system_stm32f4xx.c **** /**
  59:Src/system_stm32f4xx.c ****   * @}
  60:Src/system_stm32f4xx.c ****   */
  61:Src/system_stm32f4xx.c **** 
  62:Src/system_stm32f4xx.c **** /** @addtogroup STM32F4xx_System_Private_TypesDefinitions
  63:Src/system_stm32f4xx.c ****   * @{
  64:Src/system_stm32f4xx.c ****   */
  65:Src/system_stm32f4xx.c **** 
  66:Src/system_stm32f4xx.c **** /**
  67:Src/system_stm32f4xx.c ****   * @}
  68:Src/system_stm32f4xx.c ****   */
  69:Src/system_stm32f4xx.c **** 
  70:Src/system_stm32f4xx.c **** /** @addtogroup STM32F4xx_System_Private_Defines
  71:Src/system_stm32f4xx.c ****   * @{
  72:Src/system_stm32f4xx.c ****   */
  73:Src/system_stm32f4xx.c **** 
  74:Src/system_stm32f4xx.c **** /************************* Miscellaneous Configuration ************************/
  75:Src/system_stm32f4xx.c **** /*!< Uncomment the following line if you need to use external SRAM or SDRAM as data memory  */
  76:Src/system_stm32f4xx.c **** #if defined(STM32F405xx) || defined(STM32F415xx) || defined(STM32F407xx) || defined(STM32F417xx)\
  77:Src/system_stm32f4xx.c ****  || defined(STM32F427xx) || defined(STM32F437xx) || defined(STM32F429xx) || defined(STM32F439xx)\
  78:Src/system_stm32f4xx.c ****  || defined(STM32F469xx) || defined(STM32F479xx) || defined(STM32F412Zx) || defined(STM32F412Vx)
  79:Src/system_stm32f4xx.c **** /* #define DATA_IN_ExtSRAM */
  80:Src/system_stm32f4xx.c **** #endif /* STM32F40xxx || STM32F41xxx || STM32F42xxx || STM32F43xxx || STM32F469xx || STM32F479xx ||
  81:Src/system_stm32f4xx.c ****           STM32F412Zx || STM32F412Vx */
  82:Src/system_stm32f4xx.c ****  
  83:Src/system_stm32f4xx.c **** #if defined(STM32F427xx) || defined(STM32F437xx) || defined(STM32F429xx) || defined(STM32F439xx)\
  84:Src/system_stm32f4xx.c ****  || defined(STM32F446xx) || defined(STM32F469xx) || defined(STM32F479xx)
  85:Src/system_stm32f4xx.c **** /* #define DATA_IN_ExtSDRAM */
  86:Src/system_stm32f4xx.c **** #endif /* STM32F427xx || STM32F437xx || STM32F429xx || STM32F439xx || STM32F446xx || STM32F469xx ||
  87:Src/system_stm32f4xx.c ****           STM32F479xx */
  88:Src/system_stm32f4xx.c **** 
ARM GAS  C:\Users\82057\AppData\Local\Temp\cc2w4r7E.s 			page 3


  89:Src/system_stm32f4xx.c **** /* Note: Following vector table addresses must be defined in line with linker
  90:Src/system_stm32f4xx.c ****          configuration. */
  91:Src/system_stm32f4xx.c **** /*!< Uncomment the following line if you need to relocate the vector table
  92:Src/system_stm32f4xx.c ****      anywhere in Flash or Sram, else the vector table is kept at the automatic
  93:Src/system_stm32f4xx.c ****      remap of boot address selected */
  94:Src/system_stm32f4xx.c **** /* #define USER_VECT_TAB_ADDRESS */
  95:Src/system_stm32f4xx.c **** 
  96:Src/system_stm32f4xx.c **** #if defined(USER_VECT_TAB_ADDRESS)
  97:Src/system_stm32f4xx.c **** /*!< Uncomment the following line if you need to relocate your vector Table
  98:Src/system_stm32f4xx.c ****      in Sram else user remap will be done in Flash. */
  99:Src/system_stm32f4xx.c **** /* #define VECT_TAB_SRAM */
 100:Src/system_stm32f4xx.c **** #if defined(VECT_TAB_SRAM)
 101:Src/system_stm32f4xx.c **** #define VECT_TAB_BASE_ADDRESS   SRAM_BASE       /*!< Vector Table base address field.
 102:Src/system_stm32f4xx.c ****                                                      This value must be a multiple of 0x200. */
 103:Src/system_stm32f4xx.c **** #define VECT_TAB_OFFSET         0x00000000U     /*!< Vector Table base offset field.
 104:Src/system_stm32f4xx.c ****                                                      This value must be a multiple of 0x200. */
 105:Src/system_stm32f4xx.c **** #else
 106:Src/system_stm32f4xx.c **** #define VECT_TAB_BASE_ADDRESS   FLASH_BASE      /*!< Vector Table base address field.
 107:Src/system_stm32f4xx.c ****                                                      This value must be a multiple of 0x200. */
 108:Src/system_stm32f4xx.c **** #define VECT_TAB_OFFSET         0x00000000U     /*!< Vector Table base offset field.
 109:Src/system_stm32f4xx.c ****                                                      This value must be a multiple of 0x200. */
 110:Src/system_stm32f4xx.c **** #endif /* VECT_TAB_SRAM */
 111:Src/system_stm32f4xx.c **** #endif /* USER_VECT_TAB_ADDRESS */
 112:Src/system_stm32f4xx.c **** /******************************************************************************/
 113:Src/system_stm32f4xx.c **** 
 114:Src/system_stm32f4xx.c **** /**
 115:Src/system_stm32f4xx.c ****   * @}
 116:Src/system_stm32f4xx.c ****   */
 117:Src/system_stm32f4xx.c **** 
 118:Src/system_stm32f4xx.c **** /** @addtogroup STM32F4xx_System_Private_Macros
 119:Src/system_stm32f4xx.c ****   * @{
 120:Src/system_stm32f4xx.c ****   */
 121:Src/system_stm32f4xx.c **** 
 122:Src/system_stm32f4xx.c **** /**
 123:Src/system_stm32f4xx.c ****   * @}
 124:Src/system_stm32f4xx.c ****   */
 125:Src/system_stm32f4xx.c **** 
 126:Src/system_stm32f4xx.c **** /** @addtogroup STM32F4xx_System_Private_Variables
 127:Src/system_stm32f4xx.c ****   * @{
 128:Src/system_stm32f4xx.c ****   */
 129:Src/system_stm32f4xx.c ****   /* This variable is updated in three ways:
 130:Src/system_stm32f4xx.c ****       1) by calling CMSIS function SystemCoreClockUpdate()
 131:Src/system_stm32f4xx.c ****       2) by calling HAL API function HAL_RCC_GetHCLKFreq()
 132:Src/system_stm32f4xx.c ****       3) each time HAL_RCC_ClockConfig() is called to configure the system clock frequency 
 133:Src/system_stm32f4xx.c ****          Note: If you use this function to configure the system clock; then there
 134:Src/system_stm32f4xx.c ****                is no need to call the 2 first functions listed above, since SystemCoreClock
 135:Src/system_stm32f4xx.c ****                variable is updated automatically.
 136:Src/system_stm32f4xx.c ****   */
 137:Src/system_stm32f4xx.c **** uint32_t SystemCoreClock = 16000000;
 138:Src/system_stm32f4xx.c **** const uint8_t AHBPrescTable[16] = {0, 0, 0, 0, 0, 0, 0, 0, 1, 2, 3, 4, 6, 7, 8, 9};
 139:Src/system_stm32f4xx.c **** const uint8_t APBPrescTable[8]  = {0, 0, 0, 0, 1, 2, 3, 4};
 140:Src/system_stm32f4xx.c **** /**
 141:Src/system_stm32f4xx.c ****   * @}
 142:Src/system_stm32f4xx.c ****   */
 143:Src/system_stm32f4xx.c **** 
 144:Src/system_stm32f4xx.c **** /** @addtogroup STM32F4xx_System_Private_FunctionPrototypes
 145:Src/system_stm32f4xx.c ****   * @{
ARM GAS  C:\Users\82057\AppData\Local\Temp\cc2w4r7E.s 			page 4


 146:Src/system_stm32f4xx.c ****   */
 147:Src/system_stm32f4xx.c **** 
 148:Src/system_stm32f4xx.c **** #if defined (DATA_IN_ExtSRAM) || defined (DATA_IN_ExtSDRAM)
 149:Src/system_stm32f4xx.c ****   static void SystemInit_ExtMemCtl(void); 
 150:Src/system_stm32f4xx.c **** #endif /* DATA_IN_ExtSRAM || DATA_IN_ExtSDRAM */
 151:Src/system_stm32f4xx.c **** 
 152:Src/system_stm32f4xx.c **** /**
 153:Src/system_stm32f4xx.c ****   * @}
 154:Src/system_stm32f4xx.c ****   */
 155:Src/system_stm32f4xx.c **** 
 156:Src/system_stm32f4xx.c **** /** @addtogroup STM32F4xx_System_Private_Functions
 157:Src/system_stm32f4xx.c ****   * @{
 158:Src/system_stm32f4xx.c ****   */
 159:Src/system_stm32f4xx.c **** 
 160:Src/system_stm32f4xx.c **** /**
 161:Src/system_stm32f4xx.c ****   * @brief  Setup the microcontroller system
 162:Src/system_stm32f4xx.c ****   *         Initialize the FPU setting, vector table location and External memory 
 163:Src/system_stm32f4xx.c ****   *         configuration.
 164:Src/system_stm32f4xx.c ****   * @param  None
 165:Src/system_stm32f4xx.c ****   * @retval None
 166:Src/system_stm32f4xx.c ****   */
 167:Src/system_stm32f4xx.c **** void SystemInit(void)
 168:Src/system_stm32f4xx.c **** {
  28              		.loc 1 168 0
  29              		.cfi_startproc
  30              		@ args = 0, pretend = 0, frame = 0
  31              		@ frame_needed = 0, uses_anonymous_args = 0
  32              		@ link register save eliminated.
 169:Src/system_stm32f4xx.c ****   /* FPU settings ------------------------------------------------------------*/
 170:Src/system_stm32f4xx.c ****   #if (__FPU_PRESENT == 1) && (__FPU_USED == 1)
 171:Src/system_stm32f4xx.c ****     SCB->CPACR |= ((3UL << 10*2)|(3UL << 11*2));  /* set CP10 and CP11 Full Access */
  33              		.loc 1 171 0
  34 0000 034A     		ldr	r2, .L2
  35 0002 D2F88830 		ldr	r3, [r2, #136]
  36 0006 43F47003 		orr	r3, r3, #15728640
  37 000a C2F88830 		str	r3, [r2, #136]
 172:Src/system_stm32f4xx.c ****   #endif
 173:Src/system_stm32f4xx.c **** 
 174:Src/system_stm32f4xx.c **** #if defined (DATA_IN_ExtSRAM) || defined (DATA_IN_ExtSDRAM)
 175:Src/system_stm32f4xx.c ****   SystemInit_ExtMemCtl(); 
 176:Src/system_stm32f4xx.c **** #endif /* DATA_IN_ExtSRAM || DATA_IN_ExtSDRAM */
 177:Src/system_stm32f4xx.c **** 
 178:Src/system_stm32f4xx.c ****   /* Configure the Vector Table location -------------------------------------*/
 179:Src/system_stm32f4xx.c **** #if defined(USER_VECT_TAB_ADDRESS)
 180:Src/system_stm32f4xx.c ****   SCB->VTOR = VECT_TAB_BASE_ADDRESS | VECT_TAB_OFFSET; /* Vector Table Relocation in Internal SRAM 
 181:Src/system_stm32f4xx.c **** #endif /* USER_VECT_TAB_ADDRESS */
 182:Src/system_stm32f4xx.c **** }
  38              		.loc 1 182 0
  39 000e 7047     		bx	lr
  40              	.L3:
  41              		.align	2
  42              	.L2:
  43 0010 00ED00E0 		.word	-536810240
  44              		.cfi_endproc
  45              	.LFE134:
  47              		.section	.text.SystemCoreClockUpdate,"ax",%progbits
  48              		.align	1
ARM GAS  C:\Users\82057\AppData\Local\Temp\cc2w4r7E.s 			page 5


  49              		.global	SystemCoreClockUpdate
  50              		.syntax unified
  51              		.thumb
  52              		.thumb_func
  53              		.fpu fpv4-sp-d16
  55              	SystemCoreClockUpdate:
  56              	.LFB135:
 183:Src/system_stm32f4xx.c **** 
 184:Src/system_stm32f4xx.c **** /**
 185:Src/system_stm32f4xx.c ****    * @brief  Update SystemCoreClock variable according to Clock Register Values.
 186:Src/system_stm32f4xx.c ****   *         The SystemCoreClock variable contains the core clock (HCLK), it can
 187:Src/system_stm32f4xx.c ****   *         be used by the user application to setup the SysTick timer or configure
 188:Src/system_stm32f4xx.c ****   *         other parameters.
 189:Src/system_stm32f4xx.c ****   *           
 190:Src/system_stm32f4xx.c ****   * @note   Each time the core clock (HCLK) changes, this function must be called
 191:Src/system_stm32f4xx.c ****   *         to update SystemCoreClock variable value. Otherwise, any configuration
 192:Src/system_stm32f4xx.c ****   *         based on this variable will be incorrect.         
 193:Src/system_stm32f4xx.c ****   *     
 194:Src/system_stm32f4xx.c ****   * @note   - The system frequency computed by this function is not the real 
 195:Src/system_stm32f4xx.c ****   *           frequency in the chip. It is calculated based on the predefined 
 196:Src/system_stm32f4xx.c ****   *           constant and the selected clock source:
 197:Src/system_stm32f4xx.c ****   *             
 198:Src/system_stm32f4xx.c ****   *           - If SYSCLK source is HSI, SystemCoreClock will contain the HSI_VALUE(*)
 199:Src/system_stm32f4xx.c ****   *                                              
 200:Src/system_stm32f4xx.c ****   *           - If SYSCLK source is HSE, SystemCoreClock will contain the HSE_VALUE(**)
 201:Src/system_stm32f4xx.c ****   *                          
 202:Src/system_stm32f4xx.c ****   *           - If SYSCLK source is PLL, SystemCoreClock will contain the HSE_VALUE(**) 
 203:Src/system_stm32f4xx.c ****   *             or HSI_VALUE(*) multiplied/divided by the PLL factors.
 204:Src/system_stm32f4xx.c ****   *         
 205:Src/system_stm32f4xx.c ****   *         (*) HSI_VALUE is a constant defined in stm32f4xx_hal_conf.h file (default value
 206:Src/system_stm32f4xx.c ****   *             16 MHz) but the real value may vary depending on the variations
 207:Src/system_stm32f4xx.c ****   *             in voltage and temperature.   
 208:Src/system_stm32f4xx.c ****   *    
 209:Src/system_stm32f4xx.c ****   *         (**) HSE_VALUE is a constant defined in stm32f4xx_hal_conf.h file (its value
 210:Src/system_stm32f4xx.c ****   *              depends on the application requirements), user has to ensure that HSE_VALUE
 211:Src/system_stm32f4xx.c ****   *              is same as the real frequency of the crystal used. Otherwise, this function
 212:Src/system_stm32f4xx.c ****   *              may have wrong result.
 213:Src/system_stm32f4xx.c ****   *                
 214:Src/system_stm32f4xx.c ****   *         - The result of this function could be not correct when using fractional
 215:Src/system_stm32f4xx.c ****   *           value for HSE crystal.
 216:Src/system_stm32f4xx.c ****   *     
 217:Src/system_stm32f4xx.c ****   * @param  None
 218:Src/system_stm32f4xx.c ****   * @retval None
 219:Src/system_stm32f4xx.c ****   */
 220:Src/system_stm32f4xx.c **** void SystemCoreClockUpdate(void)
 221:Src/system_stm32f4xx.c **** {
  57              		.loc 1 221 0
  58              		.cfi_startproc
  59              		@ args = 0, pretend = 0, frame = 0
  60              		@ frame_needed = 0, uses_anonymous_args = 0
  61              		@ link register save eliminated.
  62              	.LVL0:
 222:Src/system_stm32f4xx.c ****   uint32_t tmp = 0, pllvco = 0, pllp = 2, pllsource = 0, pllm = 2;
 223:Src/system_stm32f4xx.c ****   
 224:Src/system_stm32f4xx.c ****   /* Get SYSCLK source -------------------------------------------------------*/
 225:Src/system_stm32f4xx.c ****   tmp = RCC->CFGR & RCC_CFGR_SWS;
  63              		.loc 1 225 0
ARM GAS  C:\Users\82057\AppData\Local\Temp\cc2w4r7E.s 			page 6


  64 0000 224B     		ldr	r3, .L14
  65 0002 9B68     		ldr	r3, [r3, #8]
  66 0004 03F00C03 		and	r3, r3, #12
  67              	.LVL1:
 226:Src/system_stm32f4xx.c **** 
 227:Src/system_stm32f4xx.c ****   switch (tmp)
  68              		.loc 1 227 0
  69 0008 042B     		cmp	r3, #4
  70 000a 14D0     		beq	.L6
  71 000c 082B     		cmp	r3, #8
  72 000e 16D0     		beq	.L7
  73 0010 1BB1     		cbz	r3, .L13
 228:Src/system_stm32f4xx.c ****   {
 229:Src/system_stm32f4xx.c ****     case 0x00:  /* HSI used as system clock source */
 230:Src/system_stm32f4xx.c ****       SystemCoreClock = HSI_VALUE;
 231:Src/system_stm32f4xx.c ****       break;
 232:Src/system_stm32f4xx.c ****     case 0x04:  /* HSE used as system clock source */
 233:Src/system_stm32f4xx.c ****       SystemCoreClock = HSE_VALUE;
 234:Src/system_stm32f4xx.c ****       break;
 235:Src/system_stm32f4xx.c ****     case 0x08:  /* PLL used as system clock source */
 236:Src/system_stm32f4xx.c **** 
 237:Src/system_stm32f4xx.c ****       /* PLL_VCO = (HSE_VALUE or HSI_VALUE / PLL_M) * PLL_N
 238:Src/system_stm32f4xx.c ****          SYSCLK = PLL_VCO / PLL_P
 239:Src/system_stm32f4xx.c ****          */    
 240:Src/system_stm32f4xx.c ****       pllsource = (RCC->PLLCFGR & RCC_PLLCFGR_PLLSRC) >> 22;
 241:Src/system_stm32f4xx.c ****       pllm = RCC->PLLCFGR & RCC_PLLCFGR_PLLM;
 242:Src/system_stm32f4xx.c ****       
 243:Src/system_stm32f4xx.c ****       if (pllsource != 0)
 244:Src/system_stm32f4xx.c ****       {
 245:Src/system_stm32f4xx.c ****         /* HSE used as PLL clock source */
 246:Src/system_stm32f4xx.c ****         pllvco = (HSE_VALUE / pllm) * ((RCC->PLLCFGR & RCC_PLLCFGR_PLLN) >> 6);
 247:Src/system_stm32f4xx.c ****       }
 248:Src/system_stm32f4xx.c ****       else
 249:Src/system_stm32f4xx.c ****       {
 250:Src/system_stm32f4xx.c ****         /* HSI used as PLL clock source */
 251:Src/system_stm32f4xx.c ****         pllvco = (HSI_VALUE / pllm) * ((RCC->PLLCFGR & RCC_PLLCFGR_PLLN) >> 6);
 252:Src/system_stm32f4xx.c ****       }
 253:Src/system_stm32f4xx.c **** 
 254:Src/system_stm32f4xx.c ****       pllp = (((RCC->PLLCFGR & RCC_PLLCFGR_PLLP) >>16) + 1 ) *2;
 255:Src/system_stm32f4xx.c ****       SystemCoreClock = pllvco/pllp;
 256:Src/system_stm32f4xx.c ****       break;
 257:Src/system_stm32f4xx.c ****     default:
 258:Src/system_stm32f4xx.c ****       SystemCoreClock = HSI_VALUE;
  74              		.loc 1 258 0
  75 0012 1F4B     		ldr	r3, .L14+4
  76              	.LVL2:
  77 0014 1F4A     		ldr	r2, .L14+8
  78 0016 1A60     		str	r2, [r3]
 259:Src/system_stm32f4xx.c ****       break;
  79              		.loc 1 259 0
  80 0018 02E0     		b	.L9
  81              	.LVL3:
  82              	.L13:
 230:Src/system_stm32f4xx.c ****       break;
  83              		.loc 1 230 0
  84 001a 1D4B     		ldr	r3, .L14+4
  85              	.LVL4:
ARM GAS  C:\Users\82057\AppData\Local\Temp\cc2w4r7E.s 			page 7


  86 001c 1D4A     		ldr	r2, .L14+8
  87 001e 1A60     		str	r2, [r3]
  88              	.LVL5:
  89              	.L9:
 260:Src/system_stm32f4xx.c ****   }
 261:Src/system_stm32f4xx.c ****   /* Compute HCLK frequency --------------------------------------------------*/
 262:Src/system_stm32f4xx.c ****   /* Get HCLK prescaler */
 263:Src/system_stm32f4xx.c ****   tmp = AHBPrescTable[((RCC->CFGR & RCC_CFGR_HPRE) >> 4)];
  90              		.loc 1 263 0
  91 0020 1A4B     		ldr	r3, .L14
  92 0022 9B68     		ldr	r3, [r3, #8]
  93 0024 C3F30313 		ubfx	r3, r3, #4, #4
  94 0028 1B4A     		ldr	r2, .L14+12
  95 002a D15C     		ldrb	r1, [r2, r3]	@ zero_extendqisi2
  96              	.LVL6:
 264:Src/system_stm32f4xx.c ****   /* HCLK frequency */
 265:Src/system_stm32f4xx.c ****   SystemCoreClock >>= tmp;
  97              		.loc 1 265 0
  98 002c 184A     		ldr	r2, .L14+4
  99 002e 1368     		ldr	r3, [r2]
 100 0030 CB40     		lsrs	r3, r3, r1
 101 0032 1360     		str	r3, [r2]
 266:Src/system_stm32f4xx.c **** }
 102              		.loc 1 266 0
 103 0034 7047     		bx	lr
 104              	.LVL7:
 105              	.L6:
 233:Src/system_stm32f4xx.c ****       break;
 106              		.loc 1 233 0
 107 0036 164B     		ldr	r3, .L14+4
 108              	.LVL8:
 109 0038 184A     		ldr	r2, .L14+16
 110 003a 1A60     		str	r2, [r3]
 234:Src/system_stm32f4xx.c ****     case 0x08:  /* PLL used as system clock source */
 111              		.loc 1 234 0
 112 003c F0E7     		b	.L9
 113              	.LVL9:
 114              	.L7:
 240:Src/system_stm32f4xx.c ****       pllm = RCC->PLLCFGR & RCC_PLLCFGR_PLLM;
 115              		.loc 1 240 0
 116 003e 134B     		ldr	r3, .L14
 117              	.LVL10:
 118 0040 5A68     		ldr	r2, [r3, #4]
 119              	.LVL11:
 241:Src/system_stm32f4xx.c ****       
 120              		.loc 1 241 0
 121 0042 5B68     		ldr	r3, [r3, #4]
 122 0044 03F03F03 		and	r3, r3, #63
 123              	.LVL12:
 243:Src/system_stm32f4xx.c ****       {
 124              		.loc 1 243 0
 125 0048 12F4800F 		tst	r2, #4194304
 126 004c 13D0     		beq	.L10
 246:Src/system_stm32f4xx.c ****       }
 127              		.loc 1 246 0
 128 004e 134A     		ldr	r2, .L14+16
 129              	.LVL13:
ARM GAS  C:\Users\82057\AppData\Local\Temp\cc2w4r7E.s 			page 8


 130 0050 B2FBF3F2 		udiv	r2, r2, r3
 131 0054 0D4B     		ldr	r3, .L14
 132              	.LVL14:
 133 0056 5B68     		ldr	r3, [r3, #4]
 134 0058 C3F38813 		ubfx	r3, r3, #6, #9
 135 005c 03FB02F3 		mul	r3, r3, r2
 136              	.LVL15:
 137              	.L11:
 254:Src/system_stm32f4xx.c ****       SystemCoreClock = pllvco/pllp;
 138              		.loc 1 254 0
 139 0060 0A4A     		ldr	r2, .L14
 140 0062 5268     		ldr	r2, [r2, #4]
 141 0064 C2F30142 		ubfx	r2, r2, #16, #2
 142 0068 0132     		adds	r2, r2, #1
 143 006a 5200     		lsls	r2, r2, #1
 144              	.LVL16:
 255:Src/system_stm32f4xx.c ****       break;
 145              		.loc 1 255 0
 146 006c B3FBF2F3 		udiv	r3, r3, r2
 147              	.LVL17:
 148 0070 074A     		ldr	r2, .L14+4
 149              	.LVL18:
 150 0072 1360     		str	r3, [r2]
 256:Src/system_stm32f4xx.c ****     default:
 151              		.loc 1 256 0
 152 0074 D4E7     		b	.L9
 153              	.LVL19:
 154              	.L10:
 251:Src/system_stm32f4xx.c ****       }
 155              		.loc 1 251 0
 156 0076 074A     		ldr	r2, .L14+8
 157              	.LVL20:
 158 0078 B2FBF3F2 		udiv	r2, r2, r3
 159 007c 034B     		ldr	r3, .L14
 160              	.LVL21:
 161 007e 5B68     		ldr	r3, [r3, #4]
 162 0080 C3F38813 		ubfx	r3, r3, #6, #9
 163 0084 03FB02F3 		mul	r3, r3, r2
 164              	.LVL22:
 165 0088 EAE7     		b	.L11
 166              	.L15:
 167 008a 00BF     		.align	2
 168              	.L14:
 169 008c 00380240 		.word	1073887232
 170 0090 00000000 		.word	.LANCHOR0
 171 0094 0024F400 		.word	16000000
 172 0098 00000000 		.word	.LANCHOR1
 173 009c 00127A00 		.word	8000000
 174              		.cfi_endproc
 175              	.LFE135:
 177              		.global	APBPrescTable
 178              		.global	AHBPrescTable
 179              		.global	SystemCoreClock
 180              		.section	.data.SystemCoreClock,"aw",%progbits
 181              		.align	2
 182              		.set	.LANCHOR0,. + 0
 185              	SystemCoreClock:
ARM GAS  C:\Users\82057\AppData\Local\Temp\cc2w4r7E.s 			page 9


 186 0000 0024F400 		.word	16000000
 187              		.section	.rodata.AHBPrescTable,"a",%progbits
 188              		.align	2
 189              		.set	.LANCHOR1,. + 0
 192              	AHBPrescTable:
 193 0000 00       		.byte	0
 194 0001 00       		.byte	0
 195 0002 00       		.byte	0
 196 0003 00       		.byte	0
 197 0004 00       		.byte	0
 198 0005 00       		.byte	0
 199 0006 00       		.byte	0
 200 0007 00       		.byte	0
 201 0008 01       		.byte	1
 202 0009 02       		.byte	2
 203 000a 03       		.byte	3
 204 000b 04       		.byte	4
 205 000c 06       		.byte	6
 206 000d 07       		.byte	7
 207 000e 08       		.byte	8
 208 000f 09       		.byte	9
 209              		.section	.rodata.APBPrescTable,"a",%progbits
 210              		.align	2
 213              	APBPrescTable:
 214 0000 00       		.byte	0
 215 0001 00       		.byte	0
 216 0002 00       		.byte	0
 217 0003 00       		.byte	0
 218 0004 01       		.byte	1
 219 0005 02       		.byte	2
 220 0006 03       		.byte	3
 221 0007 04       		.byte	4
 222              		.text
 223              	.Letext0:
 224              		.file 2 "c:\\program files (x86)\\gnu tools arm embedded\\7 2018-q2-update\\arm-none-eabi\\include
 225              		.file 3 "c:\\program files (x86)\\gnu tools arm embedded\\7 2018-q2-update\\arm-none-eabi\\include
 226              		.file 4 "Drivers/CMSIS/Include/core_cm4.h"
 227              		.file 5 "Drivers/CMSIS/Device/ST/STM32F4xx/Include/system_stm32f4xx.h"
 228              		.file 6 "Drivers/CMSIS/Device/ST/STM32F4xx/Include/stm32f405xx.h"
 229              		.file 7 "Drivers/STM32F4xx_HAL_Driver/Inc/stm32f4xx_hal.h"
ARM GAS  C:\Users\82057\AppData\Local\Temp\cc2w4r7E.s 			page 10


DEFINED SYMBOLS
                            *ABS*:00000000 system_stm32f4xx.c
C:\Users\82057\AppData\Local\Temp\cc2w4r7E.s:18     .text.SystemInit:00000000 $t
C:\Users\82057\AppData\Local\Temp\cc2w4r7E.s:25     .text.SystemInit:00000000 SystemInit
C:\Users\82057\AppData\Local\Temp\cc2w4r7E.s:43     .text.SystemInit:00000010 $d
C:\Users\82057\AppData\Local\Temp\cc2w4r7E.s:48     .text.SystemCoreClockUpdate:00000000 $t
C:\Users\82057\AppData\Local\Temp\cc2w4r7E.s:55     .text.SystemCoreClockUpdate:00000000 SystemCoreClockUpdate
C:\Users\82057\AppData\Local\Temp\cc2w4r7E.s:169    .text.SystemCoreClockUpdate:0000008c $d
C:\Users\82057\AppData\Local\Temp\cc2w4r7E.s:213    .rodata.APBPrescTable:00000000 APBPrescTable
C:\Users\82057\AppData\Local\Temp\cc2w4r7E.s:192    .rodata.AHBPrescTable:00000000 AHBPrescTable
C:\Users\82057\AppData\Local\Temp\cc2w4r7E.s:185    .data.SystemCoreClock:00000000 SystemCoreClock
C:\Users\82057\AppData\Local\Temp\cc2w4r7E.s:181    .data.SystemCoreClock:00000000 $d
C:\Users\82057\AppData\Local\Temp\cc2w4r7E.s:188    .rodata.AHBPrescTable:00000000 $d
C:\Users\82057\AppData\Local\Temp\cc2w4r7E.s:210    .rodata.APBPrescTable:00000000 $d

NO UNDEFINED SYMBOLS
