ARM GAS  C:\Users\82057\AppData\Local\Temp\ccFVzAeH.s 			page 1


   1              		.cpu cortex-m4
   2              		.eabi_attribute 27, 1
   3              		.eabi_attribute 28, 1
   4              		.eabi_attribute 20, 1
   5              		.eabi_attribute 21, 1
   6              		.eabi_attribute 23, 3
   7              		.eabi_attribute 24, 1
   8              		.eabi_attribute 25, 1
   9              		.eabi_attribute 26, 1
  10              		.eabi_attribute 30, 1
  11              		.eabi_attribute 34, 1
  12              		.eabi_attribute 18, 4
  13              		.file	"usbd_desc.c"
  14              		.text
  15              	.Ltext0:
  16              		.cfi_sections	.debug_frame
  17              		.section	.text.USBD_FS_DeviceDescriptor,"ax",%progbits
  18              		.align	1
  19              		.global	USBD_FS_DeviceDescriptor
  20              		.syntax unified
  21              		.thumb
  22              		.thumb_func
  23              		.fpu fpv4-sp-d16
  25              	USBD_FS_DeviceDescriptor:
  26              	.LFB138:
  27              		.file 1 "Src/usbd_desc.c"
   1:Src/usbd_desc.c **** /* USER CODE BEGIN Header */
   2:Src/usbd_desc.c **** /**
   3:Src/usbd_desc.c ****   ******************************************************************************
   4:Src/usbd_desc.c ****   * @file           : usbd_desc.c
   5:Src/usbd_desc.c ****   * @version        : v1.0_Cube
   6:Src/usbd_desc.c ****   * @brief          : This file implements the USB device descriptors.
   7:Src/usbd_desc.c ****   ******************************************************************************
   8:Src/usbd_desc.c ****   * @attention
   9:Src/usbd_desc.c ****   *
  10:Src/usbd_desc.c ****   * Copyright (c) 2024 STMicroelectronics.
  11:Src/usbd_desc.c ****   * All rights reserved.
  12:Src/usbd_desc.c ****   *
  13:Src/usbd_desc.c ****   * This software is licensed under terms that can be found in the LICENSE file
  14:Src/usbd_desc.c ****   * in the root directory of this software component.
  15:Src/usbd_desc.c ****   * If no LICENSE file comes with this software, it is provided AS-IS.
  16:Src/usbd_desc.c ****   *
  17:Src/usbd_desc.c ****   ******************************************************************************
  18:Src/usbd_desc.c ****   */
  19:Src/usbd_desc.c **** /* USER CODE END Header */
  20:Src/usbd_desc.c **** 
  21:Src/usbd_desc.c **** /* Includes ------------------------------------------------------------------*/
  22:Src/usbd_desc.c **** #include "usbd_core.h"
  23:Src/usbd_desc.c **** #include "usbd_desc.h"
  24:Src/usbd_desc.c **** #include "usbd_conf.h"
  25:Src/usbd_desc.c **** 
  26:Src/usbd_desc.c **** /* USER CODE BEGIN INCLUDE */
  27:Src/usbd_desc.c **** 
  28:Src/usbd_desc.c **** /* USER CODE END INCLUDE */
  29:Src/usbd_desc.c **** 
  30:Src/usbd_desc.c **** /* Private typedef -----------------------------------------------------------*/
  31:Src/usbd_desc.c **** /* Private define ------------------------------------------------------------*/
ARM GAS  C:\Users\82057\AppData\Local\Temp\ccFVzAeH.s 			page 2


  32:Src/usbd_desc.c **** /* Private macro -------------------------------------------------------------*/
  33:Src/usbd_desc.c **** 
  34:Src/usbd_desc.c **** /* USER CODE BEGIN PV */
  35:Src/usbd_desc.c **** /* Private variables ---------------------------------------------------------*/
  36:Src/usbd_desc.c **** 
  37:Src/usbd_desc.c **** /* USER CODE END PV */
  38:Src/usbd_desc.c **** 
  39:Src/usbd_desc.c **** /** @addtogroup STM32_USB_OTG_DEVICE_LIBRARY
  40:Src/usbd_desc.c ****   * @{
  41:Src/usbd_desc.c ****   */
  42:Src/usbd_desc.c **** 
  43:Src/usbd_desc.c **** /** @addtogroup USBD_DESC
  44:Src/usbd_desc.c ****   * @{
  45:Src/usbd_desc.c ****   */
  46:Src/usbd_desc.c **** 
  47:Src/usbd_desc.c **** /** @defgroup USBD_DESC_Private_TypesDefinitions USBD_DESC_Private_TypesDefinitions
  48:Src/usbd_desc.c ****   * @brief Private types.
  49:Src/usbd_desc.c ****   * @{
  50:Src/usbd_desc.c ****   */
  51:Src/usbd_desc.c **** 
  52:Src/usbd_desc.c **** /* USER CODE BEGIN PRIVATE_TYPES */
  53:Src/usbd_desc.c **** 
  54:Src/usbd_desc.c **** /* USER CODE END PRIVATE_TYPES */
  55:Src/usbd_desc.c **** 
  56:Src/usbd_desc.c **** /**
  57:Src/usbd_desc.c ****   * @}
  58:Src/usbd_desc.c ****   */
  59:Src/usbd_desc.c **** 
  60:Src/usbd_desc.c **** /** @defgroup USBD_DESC_Private_Defines USBD_DESC_Private_Defines
  61:Src/usbd_desc.c ****   * @brief Private defines.
  62:Src/usbd_desc.c ****   * @{
  63:Src/usbd_desc.c ****   */
  64:Src/usbd_desc.c **** 
  65:Src/usbd_desc.c **** #define USBD_VID     1155
  66:Src/usbd_desc.c **** #define USBD_LANGID_STRING     1033
  67:Src/usbd_desc.c **** #define USBD_MANUFACTURER_STRING     "STMicroelectronics"
  68:Src/usbd_desc.c **** #define USBD_PID_FS     22336
  69:Src/usbd_desc.c **** #define USBD_PRODUCT_STRING_FS     "STM32 Virtual ComPort"
  70:Src/usbd_desc.c **** #define USBD_CONFIGURATION_STRING_FS     "CDC Config"
  71:Src/usbd_desc.c **** #define USBD_INTERFACE_STRING_FS     "CDC Interface"
  72:Src/usbd_desc.c **** 
  73:Src/usbd_desc.c **** #define USB_SIZ_BOS_DESC            0x0C
  74:Src/usbd_desc.c **** 
  75:Src/usbd_desc.c **** /* USER CODE BEGIN PRIVATE_DEFINES */
  76:Src/usbd_desc.c **** 
  77:Src/usbd_desc.c **** /* USER CODE END PRIVATE_DEFINES */
  78:Src/usbd_desc.c **** 
  79:Src/usbd_desc.c **** /**
  80:Src/usbd_desc.c ****   * @}
  81:Src/usbd_desc.c ****   */
  82:Src/usbd_desc.c **** 
  83:Src/usbd_desc.c **** /* USER CODE BEGIN 0 */
  84:Src/usbd_desc.c **** 
  85:Src/usbd_desc.c **** /* USER CODE END 0 */
  86:Src/usbd_desc.c **** 
  87:Src/usbd_desc.c **** /** @defgroup USBD_DESC_Private_Macros USBD_DESC_Private_Macros
  88:Src/usbd_desc.c ****   * @brief Private macros.
ARM GAS  C:\Users\82057\AppData\Local\Temp\ccFVzAeH.s 			page 3


  89:Src/usbd_desc.c ****   * @{
  90:Src/usbd_desc.c ****   */
  91:Src/usbd_desc.c **** 
  92:Src/usbd_desc.c **** /* USER CODE BEGIN PRIVATE_MACRO */
  93:Src/usbd_desc.c **** 
  94:Src/usbd_desc.c **** /* USER CODE END PRIVATE_MACRO */
  95:Src/usbd_desc.c **** 
  96:Src/usbd_desc.c **** /**
  97:Src/usbd_desc.c ****   * @}
  98:Src/usbd_desc.c ****   */
  99:Src/usbd_desc.c **** 
 100:Src/usbd_desc.c **** /** @defgroup USBD_DESC_Private_FunctionPrototypes USBD_DESC_Private_FunctionPrototypes
 101:Src/usbd_desc.c ****   * @brief Private functions declaration.
 102:Src/usbd_desc.c ****   * @{
 103:Src/usbd_desc.c ****   */
 104:Src/usbd_desc.c **** 
 105:Src/usbd_desc.c **** static void Get_SerialNum(void);
 106:Src/usbd_desc.c **** static void IntToUnicode(uint32_t value, uint8_t * pbuf, uint8_t len);
 107:Src/usbd_desc.c **** 
 108:Src/usbd_desc.c **** /**
 109:Src/usbd_desc.c ****   * @}
 110:Src/usbd_desc.c ****   */
 111:Src/usbd_desc.c **** 
 112:Src/usbd_desc.c **** /** @defgroup USBD_DESC_Private_FunctionPrototypes USBD_DESC_Private_FunctionPrototypes
 113:Src/usbd_desc.c ****   * @brief Private functions declaration for FS.
 114:Src/usbd_desc.c ****   * @{
 115:Src/usbd_desc.c ****   */
 116:Src/usbd_desc.c **** 
 117:Src/usbd_desc.c **** uint8_t * USBD_FS_DeviceDescriptor(USBD_SpeedTypeDef speed, uint16_t *length);
 118:Src/usbd_desc.c **** uint8_t * USBD_FS_LangIDStrDescriptor(USBD_SpeedTypeDef speed, uint16_t *length);
 119:Src/usbd_desc.c **** uint8_t * USBD_FS_ManufacturerStrDescriptor(USBD_SpeedTypeDef speed, uint16_t *length);
 120:Src/usbd_desc.c **** uint8_t * USBD_FS_ProductStrDescriptor(USBD_SpeedTypeDef speed, uint16_t *length);
 121:Src/usbd_desc.c **** uint8_t * USBD_FS_SerialStrDescriptor(USBD_SpeedTypeDef speed, uint16_t *length);
 122:Src/usbd_desc.c **** uint8_t * USBD_FS_ConfigStrDescriptor(USBD_SpeedTypeDef speed, uint16_t *length);
 123:Src/usbd_desc.c **** uint8_t * USBD_FS_InterfaceStrDescriptor(USBD_SpeedTypeDef speed, uint16_t *length);
 124:Src/usbd_desc.c **** #if (USBD_LPM_ENABLED == 1)
 125:Src/usbd_desc.c **** uint8_t * USBD_FS_USR_BOSDescriptor(USBD_SpeedTypeDef speed, uint16_t *length);
 126:Src/usbd_desc.c **** #endif /* (USBD_LPM_ENABLED == 1) */
 127:Src/usbd_desc.c **** 
 128:Src/usbd_desc.c **** /**
 129:Src/usbd_desc.c ****   * @}
 130:Src/usbd_desc.c ****   */
 131:Src/usbd_desc.c **** 
 132:Src/usbd_desc.c **** /** @defgroup USBD_DESC_Private_Variables USBD_DESC_Private_Variables
 133:Src/usbd_desc.c ****   * @brief Private variables.
 134:Src/usbd_desc.c ****   * @{
 135:Src/usbd_desc.c ****   */
 136:Src/usbd_desc.c **** 
 137:Src/usbd_desc.c **** USBD_DescriptorsTypeDef FS_Desc =
 138:Src/usbd_desc.c **** {
 139:Src/usbd_desc.c ****   USBD_FS_DeviceDescriptor
 140:Src/usbd_desc.c **** , USBD_FS_LangIDStrDescriptor
 141:Src/usbd_desc.c **** , USBD_FS_ManufacturerStrDescriptor
 142:Src/usbd_desc.c **** , USBD_FS_ProductStrDescriptor
 143:Src/usbd_desc.c **** , USBD_FS_SerialStrDescriptor
 144:Src/usbd_desc.c **** , USBD_FS_ConfigStrDescriptor
 145:Src/usbd_desc.c **** , USBD_FS_InterfaceStrDescriptor
ARM GAS  C:\Users\82057\AppData\Local\Temp\ccFVzAeH.s 			page 4


 146:Src/usbd_desc.c **** #if (USBD_LPM_ENABLED == 1)
 147:Src/usbd_desc.c **** , USBD_FS_USR_BOSDescriptor
 148:Src/usbd_desc.c **** #endif /* (USBD_LPM_ENABLED == 1) */
 149:Src/usbd_desc.c **** };
 150:Src/usbd_desc.c **** 
 151:Src/usbd_desc.c **** #if defined ( __ICCARM__ ) /* IAR Compiler */
 152:Src/usbd_desc.c ****   #pragma data_alignment=4
 153:Src/usbd_desc.c **** #endif /* defined ( __ICCARM__ ) */
 154:Src/usbd_desc.c **** /** USB standard device descriptor. */
 155:Src/usbd_desc.c **** __ALIGN_BEGIN uint8_t USBD_FS_DeviceDesc[USB_LEN_DEV_DESC] __ALIGN_END =
 156:Src/usbd_desc.c **** {
 157:Src/usbd_desc.c ****   0x12,                       /*bLength */
 158:Src/usbd_desc.c ****   USB_DESC_TYPE_DEVICE,       /*bDescriptorType*/
 159:Src/usbd_desc.c **** #if (USBD_LPM_ENABLED == 1)
 160:Src/usbd_desc.c ****   0x01,                       /*bcdUSB */ /* changed to USB version 2.01
 161:Src/usbd_desc.c ****                                              in order to support LPM L1 suspend
 162:Src/usbd_desc.c ****                                              resume test of USBCV3.0*/
 163:Src/usbd_desc.c **** #else
 164:Src/usbd_desc.c ****   0x00,                       /*bcdUSB */
 165:Src/usbd_desc.c **** #endif /* (USBD_LPM_ENABLED == 1) */
 166:Src/usbd_desc.c ****   0x02,
 167:Src/usbd_desc.c ****   0x02,                       /*bDeviceClass*/
 168:Src/usbd_desc.c ****   0x02,                       /*bDeviceSubClass*/
 169:Src/usbd_desc.c ****   0x00,                       /*bDeviceProtocol*/
 170:Src/usbd_desc.c ****   USB_MAX_EP0_SIZE,           /*bMaxPacketSize*/
 171:Src/usbd_desc.c ****   LOBYTE(USBD_VID),           /*idVendor*/
 172:Src/usbd_desc.c ****   HIBYTE(USBD_VID),           /*idVendor*/
 173:Src/usbd_desc.c ****   LOBYTE(USBD_PID_FS),        /*idProduct*/
 174:Src/usbd_desc.c ****   HIBYTE(USBD_PID_FS),        /*idProduct*/
 175:Src/usbd_desc.c ****   0x00,                       /*bcdDevice rel. 2.00*/
 176:Src/usbd_desc.c ****   0x02,
 177:Src/usbd_desc.c ****   USBD_IDX_MFC_STR,           /*Index of manufacturer  string*/
 178:Src/usbd_desc.c ****   USBD_IDX_PRODUCT_STR,       /*Index of product string*/
 179:Src/usbd_desc.c ****   USBD_IDX_SERIAL_STR,        /*Index of serial number string*/
 180:Src/usbd_desc.c ****   USBD_MAX_NUM_CONFIGURATION  /*bNumConfigurations*/
 181:Src/usbd_desc.c **** };
 182:Src/usbd_desc.c **** 
 183:Src/usbd_desc.c **** /* USB_DeviceDescriptor */
 184:Src/usbd_desc.c **** /** BOS descriptor. */
 185:Src/usbd_desc.c **** #if (USBD_LPM_ENABLED == 1)
 186:Src/usbd_desc.c **** #if defined ( __ICCARM__ ) /* IAR Compiler */
 187:Src/usbd_desc.c ****   #pragma data_alignment=4
 188:Src/usbd_desc.c **** #endif /* defined ( __ICCARM__ ) */
 189:Src/usbd_desc.c **** __ALIGN_BEGIN uint8_t USBD_FS_BOSDesc[USB_SIZ_BOS_DESC] __ALIGN_END =
 190:Src/usbd_desc.c **** {
 191:Src/usbd_desc.c ****   0x5,
 192:Src/usbd_desc.c ****   USB_DESC_TYPE_BOS,
 193:Src/usbd_desc.c ****   0xC,
 194:Src/usbd_desc.c ****   0x0,
 195:Src/usbd_desc.c ****   0x1,  /* 1 device capability*/
 196:Src/usbd_desc.c ****         /* device capability*/
 197:Src/usbd_desc.c ****   0x7,
 198:Src/usbd_desc.c ****   USB_DEVICE_CAPABITY_TYPE,
 199:Src/usbd_desc.c ****   0x2,
 200:Src/usbd_desc.c ****   0x2,  /* LPM capability bit set*/
 201:Src/usbd_desc.c ****   0x0,
 202:Src/usbd_desc.c ****   0x0,
ARM GAS  C:\Users\82057\AppData\Local\Temp\ccFVzAeH.s 			page 5


 203:Src/usbd_desc.c ****   0x0
 204:Src/usbd_desc.c **** };
 205:Src/usbd_desc.c **** #endif /* (USBD_LPM_ENABLED == 1) */
 206:Src/usbd_desc.c **** 
 207:Src/usbd_desc.c **** /**
 208:Src/usbd_desc.c ****   * @}
 209:Src/usbd_desc.c ****   */
 210:Src/usbd_desc.c **** 
 211:Src/usbd_desc.c **** /** @defgroup USBD_DESC_Private_Variables USBD_DESC_Private_Variables
 212:Src/usbd_desc.c ****   * @brief Private variables.
 213:Src/usbd_desc.c ****   * @{
 214:Src/usbd_desc.c ****   */
 215:Src/usbd_desc.c **** 
 216:Src/usbd_desc.c **** #if defined ( __ICCARM__ ) /* IAR Compiler */
 217:Src/usbd_desc.c ****   #pragma data_alignment=4
 218:Src/usbd_desc.c **** #endif /* defined ( __ICCARM__ ) */
 219:Src/usbd_desc.c **** 
 220:Src/usbd_desc.c **** /** USB lang identifier descriptor. */
 221:Src/usbd_desc.c **** __ALIGN_BEGIN uint8_t USBD_LangIDDesc[USB_LEN_LANGID_STR_DESC] __ALIGN_END =
 222:Src/usbd_desc.c **** {
 223:Src/usbd_desc.c ****      USB_LEN_LANGID_STR_DESC,
 224:Src/usbd_desc.c ****      USB_DESC_TYPE_STRING,
 225:Src/usbd_desc.c ****      LOBYTE(USBD_LANGID_STRING),
 226:Src/usbd_desc.c ****      HIBYTE(USBD_LANGID_STRING)
 227:Src/usbd_desc.c **** };
 228:Src/usbd_desc.c **** 
 229:Src/usbd_desc.c **** #if defined ( __ICCARM__ ) /* IAR Compiler */
 230:Src/usbd_desc.c ****   #pragma data_alignment=4
 231:Src/usbd_desc.c **** #endif /* defined ( __ICCARM__ ) */
 232:Src/usbd_desc.c **** /* Internal string descriptor. */
 233:Src/usbd_desc.c **** __ALIGN_BEGIN uint8_t USBD_StrDesc[USBD_MAX_STR_DESC_SIZ] __ALIGN_END;
 234:Src/usbd_desc.c **** 
 235:Src/usbd_desc.c **** #if defined ( __ICCARM__ ) /*!< IAR Compiler */
 236:Src/usbd_desc.c ****   #pragma data_alignment=4
 237:Src/usbd_desc.c **** #endif
 238:Src/usbd_desc.c **** __ALIGN_BEGIN uint8_t USBD_StringSerial[USB_SIZ_STRING_SERIAL] __ALIGN_END = {
 239:Src/usbd_desc.c ****   USB_SIZ_STRING_SERIAL,
 240:Src/usbd_desc.c ****   USB_DESC_TYPE_STRING,
 241:Src/usbd_desc.c **** };
 242:Src/usbd_desc.c **** 
 243:Src/usbd_desc.c **** /**
 244:Src/usbd_desc.c ****   * @}
 245:Src/usbd_desc.c ****   */
 246:Src/usbd_desc.c **** 
 247:Src/usbd_desc.c **** /** @defgroup USBD_DESC_Private_Functions USBD_DESC_Private_Functions
 248:Src/usbd_desc.c ****   * @brief Private functions.
 249:Src/usbd_desc.c ****   * @{
 250:Src/usbd_desc.c ****   */
 251:Src/usbd_desc.c **** 
 252:Src/usbd_desc.c **** /**
 253:Src/usbd_desc.c ****   * @brief  Return the device descriptor
 254:Src/usbd_desc.c ****   * @param  speed : Current device speed
 255:Src/usbd_desc.c ****   * @param  length : Pointer to data length variable
 256:Src/usbd_desc.c ****   * @retval Pointer to descriptor buffer
 257:Src/usbd_desc.c ****   */
 258:Src/usbd_desc.c **** uint8_t * USBD_FS_DeviceDescriptor(USBD_SpeedTypeDef speed, uint16_t *length)
 259:Src/usbd_desc.c **** {
ARM GAS  C:\Users\82057\AppData\Local\Temp\ccFVzAeH.s 			page 6


  28              		.loc 1 259 0
  29              		.cfi_startproc
  30              		@ args = 0, pretend = 0, frame = 0
  31              		@ frame_needed = 0, uses_anonymous_args = 0
  32              		@ link register save eliminated.
  33              	.LVL0:
 260:Src/usbd_desc.c ****   UNUSED(speed);
 261:Src/usbd_desc.c ****   *length = sizeof(USBD_FS_DeviceDesc);
  34              		.loc 1 261 0
  35 0000 1223     		movs	r3, #18
  36 0002 0B80     		strh	r3, [r1]	@ movhi
 262:Src/usbd_desc.c ****   return USBD_FS_DeviceDesc;
 263:Src/usbd_desc.c **** }
  37              		.loc 1 263 0
  38 0004 0048     		ldr	r0, .L2
  39              	.LVL1:
  40 0006 7047     		bx	lr
  41              	.L3:
  42              		.align	2
  43              	.L2:
  44 0008 00000000 		.word	.LANCHOR0
  45              		.cfi_endproc
  46              	.LFE138:
  48              		.section	.text.USBD_FS_LangIDStrDescriptor,"ax",%progbits
  49              		.align	1
  50              		.global	USBD_FS_LangIDStrDescriptor
  51              		.syntax unified
  52              		.thumb
  53              		.thumb_func
  54              		.fpu fpv4-sp-d16
  56              	USBD_FS_LangIDStrDescriptor:
  57              	.LFB139:
 264:Src/usbd_desc.c **** 
 265:Src/usbd_desc.c **** /**
 266:Src/usbd_desc.c ****   * @brief  Return the LangID string descriptor
 267:Src/usbd_desc.c ****   * @param  speed : Current device speed
 268:Src/usbd_desc.c ****   * @param  length : Pointer to data length variable
 269:Src/usbd_desc.c ****   * @retval Pointer to descriptor buffer
 270:Src/usbd_desc.c ****   */
 271:Src/usbd_desc.c **** uint8_t * USBD_FS_LangIDStrDescriptor(USBD_SpeedTypeDef speed, uint16_t *length)
 272:Src/usbd_desc.c **** {
  58              		.loc 1 272 0
  59              		.cfi_startproc
  60              		@ args = 0, pretend = 0, frame = 0
  61              		@ frame_needed = 0, uses_anonymous_args = 0
  62              		@ link register save eliminated.
  63              	.LVL2:
 273:Src/usbd_desc.c ****   UNUSED(speed);
 274:Src/usbd_desc.c ****   *length = sizeof(USBD_LangIDDesc);
  64              		.loc 1 274 0
  65 0000 0423     		movs	r3, #4
  66 0002 0B80     		strh	r3, [r1]	@ movhi
 275:Src/usbd_desc.c ****   return USBD_LangIDDesc;
 276:Src/usbd_desc.c **** }
  67              		.loc 1 276 0
  68 0004 0048     		ldr	r0, .L5
  69              	.LVL3:
ARM GAS  C:\Users\82057\AppData\Local\Temp\ccFVzAeH.s 			page 7


  70 0006 7047     		bx	lr
  71              	.L6:
  72              		.align	2
  73              	.L5:
  74 0008 00000000 		.word	.LANCHOR1
  75              		.cfi_endproc
  76              	.LFE139:
  78              		.section	.text.IntToUnicode,"ax",%progbits
  79              		.align	1
  80              		.syntax unified
  81              		.thumb
  82              		.thumb_func
  83              		.fpu fpv4-sp-d16
  85              	IntToUnicode:
  86              	.LFB146:
 277:Src/usbd_desc.c **** 
 278:Src/usbd_desc.c **** /**
 279:Src/usbd_desc.c ****   * @brief  Return the product string descriptor
 280:Src/usbd_desc.c ****   * @param  speed : Current device speed
 281:Src/usbd_desc.c ****   * @param  length : Pointer to data length variable
 282:Src/usbd_desc.c ****   * @retval Pointer to descriptor buffer
 283:Src/usbd_desc.c ****   */
 284:Src/usbd_desc.c **** uint8_t * USBD_FS_ProductStrDescriptor(USBD_SpeedTypeDef speed, uint16_t *length)
 285:Src/usbd_desc.c **** {
 286:Src/usbd_desc.c ****   if(speed == 0)
 287:Src/usbd_desc.c ****   {
 288:Src/usbd_desc.c ****     USBD_GetString((uint8_t *)USBD_PRODUCT_STRING_FS, USBD_StrDesc, length);
 289:Src/usbd_desc.c ****   }
 290:Src/usbd_desc.c ****   else
 291:Src/usbd_desc.c ****   {
 292:Src/usbd_desc.c ****     USBD_GetString((uint8_t *)USBD_PRODUCT_STRING_FS, USBD_StrDesc, length);
 293:Src/usbd_desc.c ****   }
 294:Src/usbd_desc.c ****   return USBD_StrDesc;
 295:Src/usbd_desc.c **** }
 296:Src/usbd_desc.c **** 
 297:Src/usbd_desc.c **** /**
 298:Src/usbd_desc.c ****   * @brief  Return the manufacturer string descriptor
 299:Src/usbd_desc.c ****   * @param  speed : Current device speed
 300:Src/usbd_desc.c ****   * @param  length : Pointer to data length variable
 301:Src/usbd_desc.c ****   * @retval Pointer to descriptor buffer
 302:Src/usbd_desc.c ****   */
 303:Src/usbd_desc.c **** uint8_t * USBD_FS_ManufacturerStrDescriptor(USBD_SpeedTypeDef speed, uint16_t *length)
 304:Src/usbd_desc.c **** {
 305:Src/usbd_desc.c ****   UNUSED(speed);
 306:Src/usbd_desc.c ****   USBD_GetString((uint8_t *)USBD_MANUFACTURER_STRING, USBD_StrDesc, length);
 307:Src/usbd_desc.c ****   return USBD_StrDesc;
 308:Src/usbd_desc.c **** }
 309:Src/usbd_desc.c **** 
 310:Src/usbd_desc.c **** /**
 311:Src/usbd_desc.c ****   * @brief  Return the serial number string descriptor
 312:Src/usbd_desc.c ****   * @param  speed : Current device speed
 313:Src/usbd_desc.c ****   * @param  length : Pointer to data length variable
 314:Src/usbd_desc.c ****   * @retval Pointer to descriptor buffer
 315:Src/usbd_desc.c ****   */
 316:Src/usbd_desc.c **** uint8_t * USBD_FS_SerialStrDescriptor(USBD_SpeedTypeDef speed, uint16_t *length)
 317:Src/usbd_desc.c **** {
 318:Src/usbd_desc.c ****   UNUSED(speed);
ARM GAS  C:\Users\82057\AppData\Local\Temp\ccFVzAeH.s 			page 8


 319:Src/usbd_desc.c ****   *length = USB_SIZ_STRING_SERIAL;
 320:Src/usbd_desc.c **** 
 321:Src/usbd_desc.c ****   /* Update the serial number string descriptor with the data from the unique
 322:Src/usbd_desc.c ****    * ID */
 323:Src/usbd_desc.c ****   Get_SerialNum();
 324:Src/usbd_desc.c ****   /* USER CODE BEGIN USBD_FS_SerialStrDescriptor */
 325:Src/usbd_desc.c **** 
 326:Src/usbd_desc.c ****   /* USER CODE END USBD_FS_SerialStrDescriptor */
 327:Src/usbd_desc.c ****   return (uint8_t *) USBD_StringSerial;
 328:Src/usbd_desc.c **** }
 329:Src/usbd_desc.c **** 
 330:Src/usbd_desc.c **** /**
 331:Src/usbd_desc.c ****   * @brief  Return the configuration string descriptor
 332:Src/usbd_desc.c ****   * @param  speed : Current device speed
 333:Src/usbd_desc.c ****   * @param  length : Pointer to data length variable
 334:Src/usbd_desc.c ****   * @retval Pointer to descriptor buffer
 335:Src/usbd_desc.c ****   */
 336:Src/usbd_desc.c **** uint8_t * USBD_FS_ConfigStrDescriptor(USBD_SpeedTypeDef speed, uint16_t *length)
 337:Src/usbd_desc.c **** {
 338:Src/usbd_desc.c ****   if(speed == USBD_SPEED_HIGH)
 339:Src/usbd_desc.c ****   {
 340:Src/usbd_desc.c ****     USBD_GetString((uint8_t *)USBD_CONFIGURATION_STRING_FS, USBD_StrDesc, length);
 341:Src/usbd_desc.c ****   }
 342:Src/usbd_desc.c ****   else
 343:Src/usbd_desc.c ****   {
 344:Src/usbd_desc.c ****     USBD_GetString((uint8_t *)USBD_CONFIGURATION_STRING_FS, USBD_StrDesc, length);
 345:Src/usbd_desc.c ****   }
 346:Src/usbd_desc.c ****   return USBD_StrDesc;
 347:Src/usbd_desc.c **** }
 348:Src/usbd_desc.c **** 
 349:Src/usbd_desc.c **** /**
 350:Src/usbd_desc.c ****   * @brief  Return the interface string descriptor
 351:Src/usbd_desc.c ****   * @param  speed : Current device speed
 352:Src/usbd_desc.c ****   * @param  length : Pointer to data length variable
 353:Src/usbd_desc.c ****   * @retval Pointer to descriptor buffer
 354:Src/usbd_desc.c ****   */
 355:Src/usbd_desc.c **** uint8_t * USBD_FS_InterfaceStrDescriptor(USBD_SpeedTypeDef speed, uint16_t *length)
 356:Src/usbd_desc.c **** {
 357:Src/usbd_desc.c ****   if(speed == 0)
 358:Src/usbd_desc.c ****   {
 359:Src/usbd_desc.c ****     USBD_GetString((uint8_t *)USBD_INTERFACE_STRING_FS, USBD_StrDesc, length);
 360:Src/usbd_desc.c ****   }
 361:Src/usbd_desc.c ****   else
 362:Src/usbd_desc.c ****   {
 363:Src/usbd_desc.c ****     USBD_GetString((uint8_t *)USBD_INTERFACE_STRING_FS, USBD_StrDesc, length);
 364:Src/usbd_desc.c ****   }
 365:Src/usbd_desc.c ****   return USBD_StrDesc;
 366:Src/usbd_desc.c **** }
 367:Src/usbd_desc.c **** 
 368:Src/usbd_desc.c **** #if (USBD_LPM_ENABLED == 1)
 369:Src/usbd_desc.c **** /**
 370:Src/usbd_desc.c ****   * @brief  Return the BOS descriptor
 371:Src/usbd_desc.c ****   * @param  speed : Current device speed
 372:Src/usbd_desc.c ****   * @param  length : Pointer to data length variable
 373:Src/usbd_desc.c ****   * @retval Pointer to descriptor buffer
 374:Src/usbd_desc.c ****   */
 375:Src/usbd_desc.c **** uint8_t * USBD_FS_USR_BOSDescriptor(USBD_SpeedTypeDef speed, uint16_t *length)
ARM GAS  C:\Users\82057\AppData\Local\Temp\ccFVzAeH.s 			page 9


 376:Src/usbd_desc.c **** {
 377:Src/usbd_desc.c ****   UNUSED(speed);
 378:Src/usbd_desc.c ****   *length = sizeof(USBD_FS_BOSDesc);
 379:Src/usbd_desc.c ****   return (uint8_t*)USBD_FS_BOSDesc;
 380:Src/usbd_desc.c **** }
 381:Src/usbd_desc.c **** #endif /* (USBD_LPM_ENABLED == 1) */
 382:Src/usbd_desc.c **** 
 383:Src/usbd_desc.c **** /**
 384:Src/usbd_desc.c ****   * @brief  Create the serial number string descriptor
 385:Src/usbd_desc.c ****   * @param  None
 386:Src/usbd_desc.c ****   * @retval None
 387:Src/usbd_desc.c ****   */
 388:Src/usbd_desc.c **** static void Get_SerialNum(void)
 389:Src/usbd_desc.c **** {
 390:Src/usbd_desc.c ****   uint32_t deviceserial0;
 391:Src/usbd_desc.c ****   uint32_t deviceserial1;
 392:Src/usbd_desc.c ****   uint32_t deviceserial2;
 393:Src/usbd_desc.c **** 
 394:Src/usbd_desc.c ****   deviceserial0 += deviceserial2;
 395:Src/usbd_desc.c **** 
 396:Src/usbd_desc.c ****   if (deviceserial0 != 0)
 397:Src/usbd_desc.c ****   {
 398:Src/usbd_desc.c ****     IntToUnicode(deviceserial0, &USBD_StringSerial[2], 8);
 399:Src/usbd_desc.c ****     IntToUnicode(deviceserial1, &USBD_StringSerial[18], 4);
 400:Src/usbd_desc.c ****   }
 401:Src/usbd_desc.c **** }
 402:Src/usbd_desc.c **** 
 403:Src/usbd_desc.c **** /**
 404:Src/usbd_desc.c ****   * @brief  Convert Hex 32Bits value into char
 405:Src/usbd_desc.c ****   * @param  value: value to convert
 406:Src/usbd_desc.c ****   * @param  pbuf: pointer to the buffer
 407:Src/usbd_desc.c ****   * @param  len: buffer length
 408:Src/usbd_desc.c ****   * @retval None
 409:Src/usbd_desc.c ****   */
 410:Src/usbd_desc.c **** static void IntToUnicode(uint32_t value, uint8_t * pbuf, uint8_t len)
 411:Src/usbd_desc.c **** {
  87              		.loc 1 411 0
  88              		.cfi_startproc
  89              		@ args = 0, pretend = 0, frame = 0
  90              		@ frame_needed = 0, uses_anonymous_args = 0
  91              		@ link register save eliminated.
  92              	.LVL4:
 412:Src/usbd_desc.c ****   uint8_t idx = 0;
 413:Src/usbd_desc.c **** 
 414:Src/usbd_desc.c ****   for (idx = 0; idx < len; idx++)
  93              		.loc 1 414 0
  94 0000 0023     		movs	r3, #0
  95              	.LVL5:
  96 0002 9342     		cmp	r3, r2
  97 0004 16D2     		bcs	.L15
 411:Src/usbd_desc.c ****   uint8_t idx = 0;
  98              		.loc 1 411 0
  99 0006 30B4     		push	{r4, r5}
 100              	.LCFI0:
 101              		.cfi_def_cfa_offset 8
 102              		.cfi_offset 4, -8
 103              		.cfi_offset 5, -4
ARM GAS  C:\Users\82057\AppData\Local\Temp\ccFVzAeH.s 			page 10


 104 0008 0BE0     		b	.L11
 105              	.L9:
 415:Src/usbd_desc.c ****   {
 416:Src/usbd_desc.c ****     if (((value >> 28)) < 0xA)
 417:Src/usbd_desc.c ****     {
 418:Src/usbd_desc.c ****       pbuf[2 * idx] = (value >> 28) + '0';
 419:Src/usbd_desc.c ****     }
 420:Src/usbd_desc.c ****     else
 421:Src/usbd_desc.c ****     {
 422:Src/usbd_desc.c ****       pbuf[2 * idx] = (value >> 28) + 'A' - 10;
 106              		.loc 1 422 0
 107 000a 3734     		adds	r4, r4, #55
 108 000c 01F81340 		strb	r4, [r1, r3, lsl #1]
 109              	.L10:
 423:Src/usbd_desc.c ****     }
 424:Src/usbd_desc.c **** 
 425:Src/usbd_desc.c ****     value = value << 4;
 110              		.loc 1 425 0 discriminator 2
 111 0010 0001     		lsls	r0, r0, #4
 112              	.LVL6:
 426:Src/usbd_desc.c **** 
 427:Src/usbd_desc.c ****     pbuf[2 * idx + 1] = 0;
 113              		.loc 1 427 0 discriminator 2
 114 0012 5C00     		lsls	r4, r3, #1
 115 0014 0134     		adds	r4, r4, #1
 116 0016 0025     		movs	r5, #0
 117 0018 0D55     		strb	r5, [r1, r4]
 414:Src/usbd_desc.c ****   {
 118              		.loc 1 414 0 discriminator 2
 119 001a 0133     		adds	r3, r3, #1
 120              	.LVL7:
 121 001c DBB2     		uxtb	r3, r3
 122              	.LVL8:
 123 001e 9342     		cmp	r3, r2
 124 0020 06D2     		bcs	.L16
 125              	.L11:
 416:Src/usbd_desc.c ****     {
 126              		.loc 1 416 0
 127 0022 040F     		lsrs	r4, r0, #28
 128 0024 092C     		cmp	r4, #9
 129 0026 F0D8     		bhi	.L9
 418:Src/usbd_desc.c ****     }
 130              		.loc 1 418 0
 131 0028 3034     		adds	r4, r4, #48
 132 002a 01F81340 		strb	r4, [r1, r3, lsl #1]
 133 002e EFE7     		b	.L10
 134              	.L16:
 428:Src/usbd_desc.c ****   }
 429:Src/usbd_desc.c **** }
 135              		.loc 1 429 0
 136 0030 30BC     		pop	{r4, r5}
 137              	.LCFI1:
 138              		.cfi_restore 5
 139              		.cfi_restore 4
 140              		.cfi_def_cfa_offset 0
 141 0032 7047     		bx	lr
 142              	.L15:
ARM GAS  C:\Users\82057\AppData\Local\Temp\ccFVzAeH.s 			page 11


 143 0034 7047     		bx	lr
 144              		.cfi_endproc
 145              	.LFE146:
 147              		.section	.text.Get_SerialNum,"ax",%progbits
 148              		.align	1
 149              		.syntax unified
 150              		.thumb
 151              		.thumb_func
 152              		.fpu fpv4-sp-d16
 154              	Get_SerialNum:
 155              	.LFB145:
 389:Src/usbd_desc.c ****   uint32_t deviceserial0;
 156              		.loc 1 389 0
 157              		.cfi_startproc
 158              		@ args = 0, pretend = 0, frame = 0
 159              		@ frame_needed = 0, uses_anonymous_args = 0
 394:Src/usbd_desc.c **** 
 160              		.loc 1 394 0
 161 0000 0020     		movs	r0, #0
 162              	.LVL9:
 396:Src/usbd_desc.c ****   {
 163              		.loc 1 396 0
 164 0002 00B9     		cbnz	r0, .L23
 165 0004 7047     		bx	lr
 166              	.L23:
 389:Src/usbd_desc.c ****   uint32_t deviceserial0;
 167              		.loc 1 389 0
 168 0006 10B5     		push	{r4, lr}
 169              	.LCFI2:
 170              		.cfi_def_cfa_offset 8
 171              		.cfi_offset 4, -8
 172              		.cfi_offset 14, -4
 398:Src/usbd_desc.c ****     IntToUnicode(deviceserial1, &USBD_StringSerial[18], 4);
 173              		.loc 1 398 0
 174 0008 054C     		ldr	r4, .L24
 175 000a 0822     		movs	r2, #8
 176 000c A11C     		adds	r1, r4, #2
 177 000e FFF7FEFF 		bl	IntToUnicode
 178              	.LVL10:
 399:Src/usbd_desc.c ****   }
 179              		.loc 1 399 0
 180 0012 0422     		movs	r2, #4
 181 0014 04F11201 		add	r1, r4, #18
 182 0018 0020     		movs	r0, #0
 183              	.LVL11:
 184 001a FFF7FEFF 		bl	IntToUnicode
 185              	.LVL12:
 401:Src/usbd_desc.c **** 
 186              		.loc 1 401 0
 187 001e 10BD     		pop	{r4, pc}
 188              	.L25:
 189              		.align	2
 190              	.L24:
 191 0020 00000000 		.word	.LANCHOR2
 192              		.cfi_endproc
 193              	.LFE145:
 195              		.section	.text.USBD_FS_SerialStrDescriptor,"ax",%progbits
ARM GAS  C:\Users\82057\AppData\Local\Temp\ccFVzAeH.s 			page 12


 196              		.align	1
 197              		.global	USBD_FS_SerialStrDescriptor
 198              		.syntax unified
 199              		.thumb
 200              		.thumb_func
 201              		.fpu fpv4-sp-d16
 203              	USBD_FS_SerialStrDescriptor:
 204              	.LFB142:
 317:Src/usbd_desc.c ****   UNUSED(speed);
 205              		.loc 1 317 0
 206              		.cfi_startproc
 207              		@ args = 0, pretend = 0, frame = 0
 208              		@ frame_needed = 0, uses_anonymous_args = 0
 209              	.LVL13:
 210 0000 08B5     		push	{r3, lr}
 211              	.LCFI3:
 212              		.cfi_def_cfa_offset 8
 213              		.cfi_offset 3, -8
 214              		.cfi_offset 14, -4
 319:Src/usbd_desc.c **** 
 215              		.loc 1 319 0
 216 0002 1A23     		movs	r3, #26
 217 0004 0B80     		strh	r3, [r1]	@ movhi
 323:Src/usbd_desc.c ****   /* USER CODE BEGIN USBD_FS_SerialStrDescriptor */
 218              		.loc 1 323 0
 219 0006 FFF7FEFF 		bl	Get_SerialNum
 220              	.LVL14:
 328:Src/usbd_desc.c **** 
 221              		.loc 1 328 0
 222 000a 0148     		ldr	r0, .L28
 223 000c 08BD     		pop	{r3, pc}
 224              	.L29:
 225 000e 00BF     		.align	2
 226              	.L28:
 227 0010 00000000 		.word	.LANCHOR2
 228              		.cfi_endproc
 229              	.LFE142:
 231              		.section	.text.USBD_FS_ProductStrDescriptor,"ax",%progbits
 232              		.align	1
 233              		.global	USBD_FS_ProductStrDescriptor
 234              		.syntax unified
 235              		.thumb
 236              		.thumb_func
 237              		.fpu fpv4-sp-d16
 239              	USBD_FS_ProductStrDescriptor:
 240              	.LFB140:
 285:Src/usbd_desc.c ****   if(speed == 0)
 241              		.loc 1 285 0
 242              		.cfi_startproc
 243              		@ args = 0, pretend = 0, frame = 0
 244              		@ frame_needed = 0, uses_anonymous_args = 0
 245              	.LVL15:
 246 0000 08B5     		push	{r3, lr}
 247              	.LCFI4:
 248              		.cfi_def_cfa_offset 8
 249              		.cfi_offset 3, -8
 250              		.cfi_offset 14, -4
ARM GAS  C:\Users\82057\AppData\Local\Temp\ccFVzAeH.s 			page 13


 251 0002 0A46     		mov	r2, r1
 286:Src/usbd_desc.c ****   {
 252              		.loc 1 286 0
 253 0004 28B1     		cbz	r0, .L34
 292:Src/usbd_desc.c ****   }
 254              		.loc 1 292 0
 255 0006 0549     		ldr	r1, .L35
 256              	.LVL16:
 257 0008 0548     		ldr	r0, .L35+4
 258              	.LVL17:
 259 000a FFF7FEFF 		bl	USBD_GetString
 260              	.LVL18:
 261              	.L32:
 295:Src/usbd_desc.c **** 
 262              		.loc 1 295 0
 263 000e 0348     		ldr	r0, .L35
 264 0010 08BD     		pop	{r3, pc}
 265              	.LVL19:
 266              	.L34:
 288:Src/usbd_desc.c ****   }
 267              		.loc 1 288 0
 268 0012 0249     		ldr	r1, .L35
 269              	.LVL20:
 270 0014 0248     		ldr	r0, .L35+4
 271              	.LVL21:
 272 0016 FFF7FEFF 		bl	USBD_GetString
 273              	.LVL22:
 274 001a F8E7     		b	.L32
 275              	.L36:
 276              		.align	2
 277              	.L35:
 278 001c 00000000 		.word	USBD_StrDesc
 279 0020 00000000 		.word	.LC0
 280              		.cfi_endproc
 281              	.LFE140:
 283              		.section	.text.USBD_FS_ManufacturerStrDescriptor,"ax",%progbits
 284              		.align	1
 285              		.global	USBD_FS_ManufacturerStrDescriptor
 286              		.syntax unified
 287              		.thumb
 288              		.thumb_func
 289              		.fpu fpv4-sp-d16
 291              	USBD_FS_ManufacturerStrDescriptor:
 292              	.LFB141:
 304:Src/usbd_desc.c ****   UNUSED(speed);
 293              		.loc 1 304 0
 294              		.cfi_startproc
 295              		@ args = 0, pretend = 0, frame = 0
 296              		@ frame_needed = 0, uses_anonymous_args = 0
 297              	.LVL23:
 298 0000 10B5     		push	{r4, lr}
 299              	.LCFI5:
 300              		.cfi_def_cfa_offset 8
 301              		.cfi_offset 4, -8
 302              		.cfi_offset 14, -4
 306:Src/usbd_desc.c ****   return USBD_StrDesc;
 303              		.loc 1 306 0
ARM GAS  C:\Users\82057\AppData\Local\Temp\ccFVzAeH.s 			page 14


 304 0002 044C     		ldr	r4, .L39
 305 0004 0A46     		mov	r2, r1
 306 0006 2146     		mov	r1, r4
 307              	.LVL24:
 308 0008 0348     		ldr	r0, .L39+4
 309              	.LVL25:
 310 000a FFF7FEFF 		bl	USBD_GetString
 311              	.LVL26:
 308:Src/usbd_desc.c **** 
 312              		.loc 1 308 0
 313 000e 2046     		mov	r0, r4
 314 0010 10BD     		pop	{r4, pc}
 315              	.L40:
 316 0012 00BF     		.align	2
 317              	.L39:
 318 0014 00000000 		.word	USBD_StrDesc
 319 0018 00000000 		.word	.LC1
 320              		.cfi_endproc
 321              	.LFE141:
 323              		.section	.text.USBD_FS_ConfigStrDescriptor,"ax",%progbits
 324              		.align	1
 325              		.global	USBD_FS_ConfigStrDescriptor
 326              		.syntax unified
 327              		.thumb
 328              		.thumb_func
 329              		.fpu fpv4-sp-d16
 331              	USBD_FS_ConfigStrDescriptor:
 332              	.LFB143:
 337:Src/usbd_desc.c ****   if(speed == USBD_SPEED_HIGH)
 333              		.loc 1 337 0
 334              		.cfi_startproc
 335              		@ args = 0, pretend = 0, frame = 0
 336              		@ frame_needed = 0, uses_anonymous_args = 0
 337              	.LVL27:
 338 0000 08B5     		push	{r3, lr}
 339              	.LCFI6:
 340              		.cfi_def_cfa_offset 8
 341              		.cfi_offset 3, -8
 342              		.cfi_offset 14, -4
 343 0002 0A46     		mov	r2, r1
 338:Src/usbd_desc.c ****   {
 344              		.loc 1 338 0
 345 0004 28B1     		cbz	r0, .L45
 344:Src/usbd_desc.c ****   }
 346              		.loc 1 344 0
 347 0006 0549     		ldr	r1, .L46
 348              	.LVL28:
 349 0008 0548     		ldr	r0, .L46+4
 350              	.LVL29:
 351 000a FFF7FEFF 		bl	USBD_GetString
 352              	.LVL30:
 353              	.L43:
 347:Src/usbd_desc.c **** 
 354              		.loc 1 347 0
 355 000e 0348     		ldr	r0, .L46
 356 0010 08BD     		pop	{r3, pc}
 357              	.LVL31:
ARM GAS  C:\Users\82057\AppData\Local\Temp\ccFVzAeH.s 			page 15


 358              	.L45:
 340:Src/usbd_desc.c ****   }
 359              		.loc 1 340 0
 360 0012 0249     		ldr	r1, .L46
 361              	.LVL32:
 362 0014 0248     		ldr	r0, .L46+4
 363              	.LVL33:
 364 0016 FFF7FEFF 		bl	USBD_GetString
 365              	.LVL34:
 366 001a F8E7     		b	.L43
 367              	.L47:
 368              		.align	2
 369              	.L46:
 370 001c 00000000 		.word	USBD_StrDesc
 371 0020 00000000 		.word	.LC2
 372              		.cfi_endproc
 373              	.LFE143:
 375              		.section	.text.USBD_FS_InterfaceStrDescriptor,"ax",%progbits
 376              		.align	1
 377              		.global	USBD_FS_InterfaceStrDescriptor
 378              		.syntax unified
 379              		.thumb
 380              		.thumb_func
 381              		.fpu fpv4-sp-d16
 383              	USBD_FS_InterfaceStrDescriptor:
 384              	.LFB144:
 356:Src/usbd_desc.c ****   if(speed == 0)
 385              		.loc 1 356 0
 386              		.cfi_startproc
 387              		@ args = 0, pretend = 0, frame = 0
 388              		@ frame_needed = 0, uses_anonymous_args = 0
 389              	.LVL35:
 390 0000 08B5     		push	{r3, lr}
 391              	.LCFI7:
 392              		.cfi_def_cfa_offset 8
 393              		.cfi_offset 3, -8
 394              		.cfi_offset 14, -4
 395 0002 0A46     		mov	r2, r1
 357:Src/usbd_desc.c ****   {
 396              		.loc 1 357 0
 397 0004 28B1     		cbz	r0, .L52
 363:Src/usbd_desc.c ****   }
 398              		.loc 1 363 0
 399 0006 0549     		ldr	r1, .L53
 400              	.LVL36:
 401 0008 0548     		ldr	r0, .L53+4
 402              	.LVL37:
 403 000a FFF7FEFF 		bl	USBD_GetString
 404              	.LVL38:
 405              	.L50:
 366:Src/usbd_desc.c **** 
 406              		.loc 1 366 0
 407 000e 0348     		ldr	r0, .L53
 408 0010 08BD     		pop	{r3, pc}
 409              	.LVL39:
 410              	.L52:
 359:Src/usbd_desc.c ****   }
ARM GAS  C:\Users\82057\AppData\Local\Temp\ccFVzAeH.s 			page 16


 411              		.loc 1 359 0
 412 0012 0249     		ldr	r1, .L53
 413              	.LVL40:
 414 0014 0248     		ldr	r0, .L53+4
 415              	.LVL41:
 416 0016 FFF7FEFF 		bl	USBD_GetString
 417              	.LVL42:
 418 001a F8E7     		b	.L50
 419              	.L54:
 420              		.align	2
 421              	.L53:
 422 001c 00000000 		.word	USBD_StrDesc
 423 0020 00000000 		.word	.LC3
 424              		.cfi_endproc
 425              	.LFE144:
 427              		.global	USBD_StringSerial
 428              		.comm	USBD_StrDesc,512,4
 429              		.global	USBD_LangIDDesc
 430              		.global	USBD_FS_DeviceDesc
 431              		.global	FS_Desc
 432              		.section	.data.FS_Desc,"aw",%progbits
 433              		.align	2
 436              	FS_Desc:
 437 0000 00000000 		.word	USBD_FS_DeviceDescriptor
 438 0004 00000000 		.word	USBD_FS_LangIDStrDescriptor
 439 0008 00000000 		.word	USBD_FS_ManufacturerStrDescriptor
 440 000c 00000000 		.word	USBD_FS_ProductStrDescriptor
 441 0010 00000000 		.word	USBD_FS_SerialStrDescriptor
 442 0014 00000000 		.word	USBD_FS_ConfigStrDescriptor
 443 0018 00000000 		.word	USBD_FS_InterfaceStrDescriptor
 444              		.section	.data.USBD_FS_DeviceDesc,"aw",%progbits
 445              		.align	2
 446              		.set	.LANCHOR0,. + 0
 449              	USBD_FS_DeviceDesc:
 450 0000 12       		.byte	18
 451 0001 01       		.byte	1
 452 0002 00       		.byte	0
 453 0003 02       		.byte	2
 454 0004 02       		.byte	2
 455 0005 02       		.byte	2
 456 0006 00       		.byte	0
 457 0007 40       		.byte	64
 458 0008 83       		.byte	-125
 459 0009 04       		.byte	4
 460 000a 40       		.byte	64
 461 000b 57       		.byte	87
 462 000c 00       		.byte	0
 463 000d 02       		.byte	2
 464 000e 01       		.byte	1
 465 000f 02       		.byte	2
 466 0010 03       		.byte	3
 467 0011 01       		.byte	1
 468              		.section	.data.USBD_LangIDDesc,"aw",%progbits
 469              		.align	2
 470              		.set	.LANCHOR1,. + 0
 473              	USBD_LangIDDesc:
 474 0000 04       		.byte	4
ARM GAS  C:\Users\82057\AppData\Local\Temp\ccFVzAeH.s 			page 17


 475 0001 03       		.byte	3
 476 0002 09       		.byte	9
 477 0003 04       		.byte	4
 478              		.section	.data.USBD_StringSerial,"aw",%progbits
 479              		.align	2
 480              		.set	.LANCHOR2,. + 0
 483              	USBD_StringSerial:
 484 0000 1A       		.byte	26
 485 0001 03       		.byte	3
 486 0002 00000000 		.space	24
 486      00000000 
 486      00000000 
 486      00000000 
 486      00000000 
 487              		.section	.rodata.USBD_FS_ConfigStrDescriptor.str1.4,"aMS",%progbits,1
 488              		.align	2
 489              	.LC2:
 490 0000 43444320 		.ascii	"CDC Config\000"
 490      436F6E66 
 490      696700
 491              		.section	.rodata.USBD_FS_InterfaceStrDescriptor.str1.4,"aMS",%progbits,1
 492              		.align	2
 493              	.LC3:
 494 0000 43444320 		.ascii	"CDC Interface\000"
 494      496E7465 
 494      72666163 
 494      6500
 495              		.section	.rodata.USBD_FS_ManufacturerStrDescriptor.str1.4,"aMS",%progbits,1
 496              		.align	2
 497              	.LC1:
 498 0000 53544D69 		.ascii	"STMicroelectronics\000"
 498      63726F65 
 498      6C656374 
 498      726F6E69 
 498      637300
 499              		.section	.rodata.USBD_FS_ProductStrDescriptor.str1.4,"aMS",%progbits,1
 500              		.align	2
 501              	.LC0:
 502 0000 53544D33 		.ascii	"STM32 Virtual ComPort\000"
 502      32205669 
 502      72747561 
 502      6C20436F 
 502      6D506F72 
 503              		.text
 504              	.Letext0:
 505              		.file 2 "c:\\program files (x86)\\gnu tools arm embedded\\7 2018-q2-update\\arm-none-eabi\\include
 506              		.file 3 "c:\\program files (x86)\\gnu tools arm embedded\\7 2018-q2-update\\arm-none-eabi\\include
 507              		.file 4 "c:\\program files (x86)\\gnu tools arm embedded\\7 2018-q2-update\\arm-none-eabi\\include
 508              		.file 5 "c:\\program files (x86)\\gnu tools arm embedded\\7 2018-q2-update\\lib\\gcc\\arm-none-eab
 509              		.file 6 "c:\\program files (x86)\\gnu tools arm embedded\\7 2018-q2-update\\arm-none-eabi\\include
 510              		.file 7 "c:\\program files (x86)\\gnu tools arm embedded\\7 2018-q2-update\\arm-none-eabi\\include
 511              		.file 8 "c:\\program files (x86)\\gnu tools arm embedded\\7 2018-q2-update\\arm-none-eabi\\include
 512              		.file 9 "Drivers/CMSIS/Include/core_cm4.h"
 513              		.file 10 "Drivers/CMSIS/Device/ST/STM32F4xx/Include/system_stm32f4xx.h"
 514              		.file 11 "Drivers/STM32F4xx_HAL_Driver/Inc/stm32f4xx_hal.h"
 515              		.file 12 "Middlewares/ST/STM32_USB_Device_Library/Core/Inc/usbd_def.h"
 516              		.file 13 "Inc/usbd_desc.h"
ARM GAS  C:\Users\82057\AppData\Local\Temp\ccFVzAeH.s 			page 18


 517              		.file 14 "Middlewares/ST/STM32_USB_Device_Library/Core/Inc/usbd_ctlreq.h"
ARM GAS  C:\Users\82057\AppData\Local\Temp\ccFVzAeH.s 			page 19


DEFINED SYMBOLS
                            *ABS*:00000000 usbd_desc.c
C:\Users\82057\AppData\Local\Temp\ccFVzAeH.s:18     .text.USBD_FS_DeviceDescriptor:00000000 $t
C:\Users\82057\AppData\Local\Temp\ccFVzAeH.s:25     .text.USBD_FS_DeviceDescriptor:00000000 USBD_FS_DeviceDescriptor
C:\Users\82057\AppData\Local\Temp\ccFVzAeH.s:44     .text.USBD_FS_DeviceDescriptor:00000008 $d
C:\Users\82057\AppData\Local\Temp\ccFVzAeH.s:49     .text.USBD_FS_LangIDStrDescriptor:00000000 $t
C:\Users\82057\AppData\Local\Temp\ccFVzAeH.s:56     .text.USBD_FS_LangIDStrDescriptor:00000000 USBD_FS_LangIDStrDescriptor
C:\Users\82057\AppData\Local\Temp\ccFVzAeH.s:74     .text.USBD_FS_LangIDStrDescriptor:00000008 $d
C:\Users\82057\AppData\Local\Temp\ccFVzAeH.s:79     .text.IntToUnicode:00000000 $t
C:\Users\82057\AppData\Local\Temp\ccFVzAeH.s:85     .text.IntToUnicode:00000000 IntToUnicode
C:\Users\82057\AppData\Local\Temp\ccFVzAeH.s:148    .text.Get_SerialNum:00000000 $t
C:\Users\82057\AppData\Local\Temp\ccFVzAeH.s:154    .text.Get_SerialNum:00000000 Get_SerialNum
C:\Users\82057\AppData\Local\Temp\ccFVzAeH.s:191    .text.Get_SerialNum:00000020 $d
C:\Users\82057\AppData\Local\Temp\ccFVzAeH.s:196    .text.USBD_FS_SerialStrDescriptor:00000000 $t
C:\Users\82057\AppData\Local\Temp\ccFVzAeH.s:203    .text.USBD_FS_SerialStrDescriptor:00000000 USBD_FS_SerialStrDescriptor
C:\Users\82057\AppData\Local\Temp\ccFVzAeH.s:227    .text.USBD_FS_SerialStrDescriptor:00000010 $d
C:\Users\82057\AppData\Local\Temp\ccFVzAeH.s:232    .text.USBD_FS_ProductStrDescriptor:00000000 $t
C:\Users\82057\AppData\Local\Temp\ccFVzAeH.s:239    .text.USBD_FS_ProductStrDescriptor:00000000 USBD_FS_ProductStrDescriptor
C:\Users\82057\AppData\Local\Temp\ccFVzAeH.s:278    .text.USBD_FS_ProductStrDescriptor:0000001c $d
                            *COM*:00000200 USBD_StrDesc
C:\Users\82057\AppData\Local\Temp\ccFVzAeH.s:284    .text.USBD_FS_ManufacturerStrDescriptor:00000000 $t
C:\Users\82057\AppData\Local\Temp\ccFVzAeH.s:291    .text.USBD_FS_ManufacturerStrDescriptor:00000000 USBD_FS_ManufacturerStrDescriptor
C:\Users\82057\AppData\Local\Temp\ccFVzAeH.s:318    .text.USBD_FS_ManufacturerStrDescriptor:00000014 $d
C:\Users\82057\AppData\Local\Temp\ccFVzAeH.s:324    .text.USBD_FS_ConfigStrDescriptor:00000000 $t
C:\Users\82057\AppData\Local\Temp\ccFVzAeH.s:331    .text.USBD_FS_ConfigStrDescriptor:00000000 USBD_FS_ConfigStrDescriptor
C:\Users\82057\AppData\Local\Temp\ccFVzAeH.s:370    .text.USBD_FS_ConfigStrDescriptor:0000001c $d
C:\Users\82057\AppData\Local\Temp\ccFVzAeH.s:376    .text.USBD_FS_InterfaceStrDescriptor:00000000 $t
C:\Users\82057\AppData\Local\Temp\ccFVzAeH.s:383    .text.USBD_FS_InterfaceStrDescriptor:00000000 USBD_FS_InterfaceStrDescriptor
C:\Users\82057\AppData\Local\Temp\ccFVzAeH.s:422    .text.USBD_FS_InterfaceStrDescriptor:0000001c $d
C:\Users\82057\AppData\Local\Temp\ccFVzAeH.s:483    .data.USBD_StringSerial:00000000 USBD_StringSerial
C:\Users\82057\AppData\Local\Temp\ccFVzAeH.s:473    .data.USBD_LangIDDesc:00000000 USBD_LangIDDesc
C:\Users\82057\AppData\Local\Temp\ccFVzAeH.s:449    .data.USBD_FS_DeviceDesc:00000000 USBD_FS_DeviceDesc
C:\Users\82057\AppData\Local\Temp\ccFVzAeH.s:436    .data.FS_Desc:00000000 FS_Desc
C:\Users\82057\AppData\Local\Temp\ccFVzAeH.s:433    .data.FS_Desc:00000000 $d
C:\Users\82057\AppData\Local\Temp\ccFVzAeH.s:445    .data.USBD_FS_DeviceDesc:00000000 $d
C:\Users\82057\AppData\Local\Temp\ccFVzAeH.s:469    .data.USBD_LangIDDesc:00000000 $d
C:\Users\82057\AppData\Local\Temp\ccFVzAeH.s:479    .data.USBD_StringSerial:00000000 $d
C:\Users\82057\AppData\Local\Temp\ccFVzAeH.s:488    .rodata.USBD_FS_ConfigStrDescriptor.str1.4:00000000 $d
C:\Users\82057\AppData\Local\Temp\ccFVzAeH.s:492    .rodata.USBD_FS_InterfaceStrDescriptor.str1.4:00000000 $d
C:\Users\82057\AppData\Local\Temp\ccFVzAeH.s:496    .rodata.USBD_FS_ManufacturerStrDescriptor.str1.4:00000000 $d
C:\Users\82057\AppData\Local\Temp\ccFVzAeH.s:500    .rodata.USBD_FS_ProductStrDescriptor.str1.4:00000000 $d

UNDEFINED SYMBOLS
USBD_GetString
