ARM GAS  C:\Users\82057\AppData\Local\Temp\ccvoYuVY.s 			page 1


   1              		.cpu cortex-m4
   2              		.eabi_attribute 27, 1
   3              		.eabi_attribute 28, 1
   4              		.eabi_attribute 20, 1
   5              		.eabi_attribute 21, 1
   6              		.eabi_attribute 23, 3
   7              		.eabi_attribute 24, 1
   8              		.eabi_attribute 25, 1
   9              		.eabi_attribute 26, 1
  10              		.eabi_attribute 30, 1
  11              		.eabi_attribute 34, 1
  12              		.eabi_attribute 18, 4
  13              		.file	"usbd_cdc_if.c"
  14              		.text
  15              	.Ltext0:
  16              		.cfi_sections	.debug_frame
  17              		.section	.text.CDC_DeInit_FS,"ax",%progbits
  18              		.align	1
  19              		.syntax unified
  20              		.thumb
  21              		.thumb_func
  22              		.fpu fpv4-sp-d16
  24              	CDC_DeInit_FS:
  25              	.LFB139:
  26              		.file 1 "Src/usbd_cdc_if.c"
   1:Src/usbd_cdc_if.c **** /* USER CODE BEGIN Header */
   2:Src/usbd_cdc_if.c **** /**
   3:Src/usbd_cdc_if.c ****   ******************************************************************************
   4:Src/usbd_cdc_if.c ****   * @file           : usbd_cdc_if.c
   5:Src/usbd_cdc_if.c ****   * @version        : v1.0_Cube
   6:Src/usbd_cdc_if.c ****   * @brief          : Usb device for Virtual Com Port.
   7:Src/usbd_cdc_if.c ****   ******************************************************************************
   8:Src/usbd_cdc_if.c ****   * @attention
   9:Src/usbd_cdc_if.c ****   *
  10:Src/usbd_cdc_if.c ****   * Copyright (c) 2024 STMicroelectronics.
  11:Src/usbd_cdc_if.c ****   * All rights reserved.
  12:Src/usbd_cdc_if.c ****   *
  13:Src/usbd_cdc_if.c ****   * This software is licensed under terms that can be found in the LICENSE file
  14:Src/usbd_cdc_if.c ****   * in the root directory of this software component.
  15:Src/usbd_cdc_if.c ****   * If no LICENSE file comes with this software, it is provided AS-IS.
  16:Src/usbd_cdc_if.c ****   *
  17:Src/usbd_cdc_if.c ****   ******************************************************************************
  18:Src/usbd_cdc_if.c ****   */
  19:Src/usbd_cdc_if.c **** /* USER CODE END Header */
  20:Src/usbd_cdc_if.c **** 
  21:Src/usbd_cdc_if.c **** /* Includes ------------------------------------------------------------------*/
  22:Src/usbd_cdc_if.c **** #include "usbd_cdc_if.h"
  23:Src/usbd_cdc_if.c **** 
  24:Src/usbd_cdc_if.c **** /* USER CODE BEGIN INCLUDE */
  25:Src/usbd_cdc_if.c **** 
  26:Src/usbd_cdc_if.c **** /* USER CODE END INCLUDE */
  27:Src/usbd_cdc_if.c **** 
  28:Src/usbd_cdc_if.c **** /* Private typedef -----------------------------------------------------------*/
  29:Src/usbd_cdc_if.c **** /* Private define ------------------------------------------------------------*/
  30:Src/usbd_cdc_if.c **** /* Private macro -------------------------------------------------------------*/
  31:Src/usbd_cdc_if.c **** 
  32:Src/usbd_cdc_if.c **** /* USER CODE BEGIN PV */
ARM GAS  C:\Users\82057\AppData\Local\Temp\ccvoYuVY.s 			page 2


  33:Src/usbd_cdc_if.c **** /* Private variables ---------------------------------------------------------*/
  34:Src/usbd_cdc_if.c **** 
  35:Src/usbd_cdc_if.c **** /* USER CODE END PV */
  36:Src/usbd_cdc_if.c **** 
  37:Src/usbd_cdc_if.c **** /** @addtogroup STM32_USB_OTG_DEVICE_LIBRARY
  38:Src/usbd_cdc_if.c ****   * @brief Usb device library.
  39:Src/usbd_cdc_if.c ****   * @{
  40:Src/usbd_cdc_if.c ****   */
  41:Src/usbd_cdc_if.c **** 
  42:Src/usbd_cdc_if.c **** /** @addtogroup USBD_CDC_IF
  43:Src/usbd_cdc_if.c ****   * @{
  44:Src/usbd_cdc_if.c ****   */
  45:Src/usbd_cdc_if.c **** 
  46:Src/usbd_cdc_if.c **** /** @defgroup USBD_CDC_IF_Private_TypesDefinitions USBD_CDC_IF_Private_TypesDefinitions
  47:Src/usbd_cdc_if.c ****   * @brief Private types.
  48:Src/usbd_cdc_if.c ****   * @{
  49:Src/usbd_cdc_if.c ****   */
  50:Src/usbd_cdc_if.c **** 
  51:Src/usbd_cdc_if.c **** /* USER CODE BEGIN PRIVATE_TYPES */
  52:Src/usbd_cdc_if.c **** 
  53:Src/usbd_cdc_if.c **** /* USER CODE END PRIVATE_TYPES */
  54:Src/usbd_cdc_if.c **** 
  55:Src/usbd_cdc_if.c **** /**
  56:Src/usbd_cdc_if.c ****   * @}
  57:Src/usbd_cdc_if.c ****   */
  58:Src/usbd_cdc_if.c **** 
  59:Src/usbd_cdc_if.c **** /** @defgroup USBD_CDC_IF_Private_Defines USBD_CDC_IF_Private_Defines
  60:Src/usbd_cdc_if.c ****   * @brief Private defines.
  61:Src/usbd_cdc_if.c ****   * @{
  62:Src/usbd_cdc_if.c ****   */
  63:Src/usbd_cdc_if.c **** 
  64:Src/usbd_cdc_if.c **** /* USER CODE BEGIN PRIVATE_DEFINES */
  65:Src/usbd_cdc_if.c **** /* USER CODE END PRIVATE_DEFINES */
  66:Src/usbd_cdc_if.c **** 
  67:Src/usbd_cdc_if.c **** /**
  68:Src/usbd_cdc_if.c ****   * @}
  69:Src/usbd_cdc_if.c ****   */
  70:Src/usbd_cdc_if.c **** 
  71:Src/usbd_cdc_if.c **** /** @defgroup USBD_CDC_IF_Private_Macros USBD_CDC_IF_Private_Macros
  72:Src/usbd_cdc_if.c ****   * @brief Private macros.
  73:Src/usbd_cdc_if.c ****   * @{
  74:Src/usbd_cdc_if.c ****   */
  75:Src/usbd_cdc_if.c **** 
  76:Src/usbd_cdc_if.c **** /* USER CODE BEGIN PRIVATE_MACRO */
  77:Src/usbd_cdc_if.c **** 
  78:Src/usbd_cdc_if.c **** /* USER CODE END PRIVATE_MACRO */
  79:Src/usbd_cdc_if.c **** 
  80:Src/usbd_cdc_if.c **** /**
  81:Src/usbd_cdc_if.c ****   * @}
  82:Src/usbd_cdc_if.c ****   */
  83:Src/usbd_cdc_if.c **** 
  84:Src/usbd_cdc_if.c **** /** @defgroup USBD_CDC_IF_Private_Variables USBD_CDC_IF_Private_Variables
  85:Src/usbd_cdc_if.c ****   * @brief Private variables.
  86:Src/usbd_cdc_if.c ****   * @{
  87:Src/usbd_cdc_if.c ****   */
  88:Src/usbd_cdc_if.c **** /* Create buffer for reception and transmission           */
  89:Src/usbd_cdc_if.c **** /* It's up to user to redefine and/or remove those define */
ARM GAS  C:\Users\82057\AppData\Local\Temp\ccvoYuVY.s 			page 3


  90:Src/usbd_cdc_if.c **** /** Received data over USB are stored in this buffer      */
  91:Src/usbd_cdc_if.c **** uint8_t UserRxBufferFS[APP_RX_DATA_SIZE];
  92:Src/usbd_cdc_if.c **** 
  93:Src/usbd_cdc_if.c **** /** Data to send over USB CDC are stored in this buffer   */
  94:Src/usbd_cdc_if.c **** uint8_t UserTxBufferFS[APP_TX_DATA_SIZE];
  95:Src/usbd_cdc_if.c **** 
  96:Src/usbd_cdc_if.c **** /* USER CODE BEGIN PRIVATE_VARIABLES */
  97:Src/usbd_cdc_if.c **** 
  98:Src/usbd_cdc_if.c **** /* USER CODE END PRIVATE_VARIABLES */
  99:Src/usbd_cdc_if.c **** 
 100:Src/usbd_cdc_if.c **** /**
 101:Src/usbd_cdc_if.c ****   * @}
 102:Src/usbd_cdc_if.c ****   */
 103:Src/usbd_cdc_if.c **** 
 104:Src/usbd_cdc_if.c **** /** @defgroup USBD_CDC_IF_Exported_Variables USBD_CDC_IF_Exported_Variables
 105:Src/usbd_cdc_if.c ****   * @brief Public variables.
 106:Src/usbd_cdc_if.c ****   * @{
 107:Src/usbd_cdc_if.c ****   */
 108:Src/usbd_cdc_if.c **** 
 109:Src/usbd_cdc_if.c **** extern USBD_HandleTypeDef hUsbDeviceFS;
 110:Src/usbd_cdc_if.c **** 
 111:Src/usbd_cdc_if.c **** /* USER CODE BEGIN EXPORTED_VARIABLES */
 112:Src/usbd_cdc_if.c **** 
 113:Src/usbd_cdc_if.c **** /* USER CODE END EXPORTED_VARIABLES */
 114:Src/usbd_cdc_if.c **** 
 115:Src/usbd_cdc_if.c **** /**
 116:Src/usbd_cdc_if.c ****   * @}
 117:Src/usbd_cdc_if.c ****   */
 118:Src/usbd_cdc_if.c **** 
 119:Src/usbd_cdc_if.c **** /** @defgroup USBD_CDC_IF_Private_FunctionPrototypes USBD_CDC_IF_Private_FunctionPrototypes
 120:Src/usbd_cdc_if.c ****   * @brief Private functions declaration.
 121:Src/usbd_cdc_if.c ****   * @{
 122:Src/usbd_cdc_if.c ****   */
 123:Src/usbd_cdc_if.c **** 
 124:Src/usbd_cdc_if.c **** static int8_t CDC_Init_FS(void);
 125:Src/usbd_cdc_if.c **** static int8_t CDC_DeInit_FS(void);
 126:Src/usbd_cdc_if.c **** static int8_t CDC_Control_FS(uint8_t cmd, uint8_t* pbuf, uint16_t length);
 127:Src/usbd_cdc_if.c **** static int8_t CDC_Receive_FS(uint8_t* pbuf, uint32_t *Len);
 128:Src/usbd_cdc_if.c **** static int8_t CDC_TransmitCplt_FS(uint8_t *pbuf, uint32_t *Len, uint8_t epnum);
 129:Src/usbd_cdc_if.c **** 
 130:Src/usbd_cdc_if.c **** /* USER CODE BEGIN PRIVATE_FUNCTIONS_DECLARATION */
 131:Src/usbd_cdc_if.c **** 
 132:Src/usbd_cdc_if.c **** /* USER CODE END PRIVATE_FUNCTIONS_DECLARATION */
 133:Src/usbd_cdc_if.c **** 
 134:Src/usbd_cdc_if.c **** /**
 135:Src/usbd_cdc_if.c ****   * @}
 136:Src/usbd_cdc_if.c ****   */
 137:Src/usbd_cdc_if.c **** 
 138:Src/usbd_cdc_if.c **** USBD_CDC_ItfTypeDef USBD_Interface_fops_FS =
 139:Src/usbd_cdc_if.c **** {
 140:Src/usbd_cdc_if.c ****   CDC_Init_FS,
 141:Src/usbd_cdc_if.c ****   CDC_DeInit_FS,
 142:Src/usbd_cdc_if.c ****   CDC_Control_FS,
 143:Src/usbd_cdc_if.c ****   CDC_Receive_FS,
 144:Src/usbd_cdc_if.c ****   CDC_TransmitCplt_FS
 145:Src/usbd_cdc_if.c **** };
 146:Src/usbd_cdc_if.c **** 
ARM GAS  C:\Users\82057\AppData\Local\Temp\ccvoYuVY.s 			page 4


 147:Src/usbd_cdc_if.c **** /* Private functions ---------------------------------------------------------*/
 148:Src/usbd_cdc_if.c **** /**
 149:Src/usbd_cdc_if.c ****   * @brief  Initializes the CDC media low layer over the FS USB IP
 150:Src/usbd_cdc_if.c ****   * @retval USBD_OK if all operations are OK else USBD_FAIL
 151:Src/usbd_cdc_if.c ****   */
 152:Src/usbd_cdc_if.c **** static int8_t CDC_Init_FS(void)
 153:Src/usbd_cdc_if.c **** {
 154:Src/usbd_cdc_if.c ****   /* USER CODE BEGIN 3 */
 155:Src/usbd_cdc_if.c ****   /* Set Application Buffers */
 156:Src/usbd_cdc_if.c ****   USBD_CDC_SetTxBuffer(&hUsbDeviceFS, UserTxBufferFS, 0);
 157:Src/usbd_cdc_if.c ****   USBD_CDC_SetRxBuffer(&hUsbDeviceFS, UserRxBufferFS);
 158:Src/usbd_cdc_if.c ****   return (USBD_OK);
 159:Src/usbd_cdc_if.c ****   /* USER CODE END 3 */
 160:Src/usbd_cdc_if.c **** }
 161:Src/usbd_cdc_if.c **** 
 162:Src/usbd_cdc_if.c **** /**
 163:Src/usbd_cdc_if.c ****   * @brief  DeInitializes the CDC media low layer
 164:Src/usbd_cdc_if.c ****   * @retval USBD_OK if all operations are OK else USBD_FAIL
 165:Src/usbd_cdc_if.c ****   */
 166:Src/usbd_cdc_if.c **** static int8_t CDC_DeInit_FS(void)
 167:Src/usbd_cdc_if.c **** {
  27              		.loc 1 167 0
  28              		.cfi_startproc
  29              		@ args = 0, pretend = 0, frame = 0
  30              		@ frame_needed = 0, uses_anonymous_args = 0
  31              		@ link register save eliminated.
 168:Src/usbd_cdc_if.c ****   /* USER CODE BEGIN 4 */
 169:Src/usbd_cdc_if.c ****   return (USBD_OK);
 170:Src/usbd_cdc_if.c ****   /* USER CODE END 4 */
 171:Src/usbd_cdc_if.c **** }
  32              		.loc 1 171 0
  33 0000 0020     		movs	r0, #0
  34 0002 7047     		bx	lr
  35              		.cfi_endproc
  36              	.LFE139:
  38              		.section	.text.CDC_Control_FS,"ax",%progbits
  39              		.align	1
  40              		.syntax unified
  41              		.thumb
  42              		.thumb_func
  43              		.fpu fpv4-sp-d16
  45              	CDC_Control_FS:
  46              	.LFB140:
 172:Src/usbd_cdc_if.c **** 
 173:Src/usbd_cdc_if.c **** /**
 174:Src/usbd_cdc_if.c ****   * @brief  Manage the CDC class requests
 175:Src/usbd_cdc_if.c ****   * @param  cmd: Command code
 176:Src/usbd_cdc_if.c ****   * @param  pbuf: Buffer containing command data (request parameters)
 177:Src/usbd_cdc_if.c ****   * @param  length: Number of data to be sent (in bytes)
 178:Src/usbd_cdc_if.c ****   * @retval Result of the operation: USBD_OK if all operations are OK else USBD_FAIL
 179:Src/usbd_cdc_if.c ****   */
 180:Src/usbd_cdc_if.c **** static int8_t CDC_Control_FS(uint8_t cmd, uint8_t* pbuf, uint16_t length)
 181:Src/usbd_cdc_if.c **** {
  47              		.loc 1 181 0
  48              		.cfi_startproc
  49              		@ args = 0, pretend = 0, frame = 0
  50              		@ frame_needed = 0, uses_anonymous_args = 0
ARM GAS  C:\Users\82057\AppData\Local\Temp\ccvoYuVY.s 			page 5


  51              		@ link register save eliminated.
  52              	.LVL0:
 182:Src/usbd_cdc_if.c ****   /* USER CODE BEGIN 5 */
 183:Src/usbd_cdc_if.c ****   switch(cmd)
 184:Src/usbd_cdc_if.c ****   {
 185:Src/usbd_cdc_if.c ****     case CDC_SEND_ENCAPSULATED_COMMAND:
 186:Src/usbd_cdc_if.c **** 
 187:Src/usbd_cdc_if.c ****     break;
 188:Src/usbd_cdc_if.c **** 
 189:Src/usbd_cdc_if.c ****     case CDC_GET_ENCAPSULATED_RESPONSE:
 190:Src/usbd_cdc_if.c **** 
 191:Src/usbd_cdc_if.c ****     break;
 192:Src/usbd_cdc_if.c **** 
 193:Src/usbd_cdc_if.c ****     case CDC_SET_COMM_FEATURE:
 194:Src/usbd_cdc_if.c **** 
 195:Src/usbd_cdc_if.c ****     break;
 196:Src/usbd_cdc_if.c **** 
 197:Src/usbd_cdc_if.c ****     case CDC_GET_COMM_FEATURE:
 198:Src/usbd_cdc_if.c **** 
 199:Src/usbd_cdc_if.c ****     break;
 200:Src/usbd_cdc_if.c **** 
 201:Src/usbd_cdc_if.c ****     case CDC_CLEAR_COMM_FEATURE:
 202:Src/usbd_cdc_if.c **** 
 203:Src/usbd_cdc_if.c ****     break;
 204:Src/usbd_cdc_if.c **** 
 205:Src/usbd_cdc_if.c ****   /*******************************************************************************/
 206:Src/usbd_cdc_if.c ****   /* Line Coding Structure                                                       */
 207:Src/usbd_cdc_if.c ****   /*-----------------------------------------------------------------------------*/
 208:Src/usbd_cdc_if.c ****   /* Offset | Field       | Size | Value  | Description                          */
 209:Src/usbd_cdc_if.c ****   /* 0      | dwDTERate   |   4  | Number |Data terminal rate, in bits per second*/
 210:Src/usbd_cdc_if.c ****   /* 4      | bCharFormat |   1  | Number | Stop bits                            */
 211:Src/usbd_cdc_if.c ****   /*                                        0 - 1 Stop bit                       */
 212:Src/usbd_cdc_if.c ****   /*                                        1 - 1.5 Stop bits                    */
 213:Src/usbd_cdc_if.c ****   /*                                        2 - 2 Stop bits                      */
 214:Src/usbd_cdc_if.c ****   /* 5      | bParityType |  1   | Number | Parity                               */
 215:Src/usbd_cdc_if.c ****   /*                                        0 - None                             */
 216:Src/usbd_cdc_if.c ****   /*                                        1 - Odd                              */
 217:Src/usbd_cdc_if.c ****   /*                                        2 - Even                             */
 218:Src/usbd_cdc_if.c ****   /*                                        3 - Mark                             */
 219:Src/usbd_cdc_if.c ****   /*                                        4 - Space                            */
 220:Src/usbd_cdc_if.c ****   /* 6      | bDataBits  |   1   | Number Data bits (5, 6, 7, 8 or 16).          */
 221:Src/usbd_cdc_if.c ****   /*******************************************************************************/
 222:Src/usbd_cdc_if.c ****     case CDC_SET_LINE_CODING:
 223:Src/usbd_cdc_if.c **** 
 224:Src/usbd_cdc_if.c ****     break;
 225:Src/usbd_cdc_if.c **** 
 226:Src/usbd_cdc_if.c ****     case CDC_GET_LINE_CODING:
 227:Src/usbd_cdc_if.c **** 
 228:Src/usbd_cdc_if.c ****     break;
 229:Src/usbd_cdc_if.c **** 
 230:Src/usbd_cdc_if.c ****     case CDC_SET_CONTROL_LINE_STATE:
 231:Src/usbd_cdc_if.c **** 
 232:Src/usbd_cdc_if.c ****     break;
 233:Src/usbd_cdc_if.c **** 
 234:Src/usbd_cdc_if.c ****     case CDC_SEND_BREAK:
 235:Src/usbd_cdc_if.c **** 
 236:Src/usbd_cdc_if.c ****     break;
ARM GAS  C:\Users\82057\AppData\Local\Temp\ccvoYuVY.s 			page 6


 237:Src/usbd_cdc_if.c **** 
 238:Src/usbd_cdc_if.c ****   default:
 239:Src/usbd_cdc_if.c ****     break;
 240:Src/usbd_cdc_if.c ****   }
 241:Src/usbd_cdc_if.c **** 
 242:Src/usbd_cdc_if.c ****   return (USBD_OK);
 243:Src/usbd_cdc_if.c ****   /* USER CODE END 5 */
 244:Src/usbd_cdc_if.c **** }
  53              		.loc 1 244 0
  54 0000 0020     		movs	r0, #0
  55              	.LVL1:
  56 0002 7047     		bx	lr
  57              		.cfi_endproc
  58              	.LFE140:
  60              		.section	.text.CDC_TransmitCplt_FS,"ax",%progbits
  61              		.align	1
  62              		.syntax unified
  63              		.thumb
  64              		.thumb_func
  65              		.fpu fpv4-sp-d16
  67              	CDC_TransmitCplt_FS:
  68              	.LFB143:
 245:Src/usbd_cdc_if.c **** 
 246:Src/usbd_cdc_if.c **** /**
 247:Src/usbd_cdc_if.c ****   * @brief  Data received over USB OUT endpoint are sent over CDC interface
 248:Src/usbd_cdc_if.c ****   *         through this function.
 249:Src/usbd_cdc_if.c ****   *
 250:Src/usbd_cdc_if.c ****   *         @note
 251:Src/usbd_cdc_if.c ****   *         This function will issue a NAK packet on any OUT packet received on
 252:Src/usbd_cdc_if.c ****   *         USB endpoint until exiting this function. If you exit this function
 253:Src/usbd_cdc_if.c ****   *         before transfer is complete on CDC interface (ie. using DMA controller)
 254:Src/usbd_cdc_if.c ****   *         it will result in receiving more data while previous ones are still
 255:Src/usbd_cdc_if.c ****   *         not sent.
 256:Src/usbd_cdc_if.c ****   *
 257:Src/usbd_cdc_if.c ****   * @param  Buf: Buffer of data to be received
 258:Src/usbd_cdc_if.c ****   * @param  Len: Number of data received (in bytes)
 259:Src/usbd_cdc_if.c ****   * @retval Result of the operation: USBD_OK if all operations are OK else USBD_FAIL
 260:Src/usbd_cdc_if.c ****   */
 261:Src/usbd_cdc_if.c **** static int8_t CDC_Receive_FS(uint8_t* Buf, uint32_t *Len)
 262:Src/usbd_cdc_if.c **** {
 263:Src/usbd_cdc_if.c ****   /* USER CODE BEGIN 6 */
 264:Src/usbd_cdc_if.c ****   USBD_CDC_SetRxBuffer(&hUsbDeviceFS, &Buf[0]);
 265:Src/usbd_cdc_if.c ****   USBD_CDC_ReceivePacket(&hUsbDeviceFS);
 266:Src/usbd_cdc_if.c ****   return (USBD_OK);
 267:Src/usbd_cdc_if.c ****   /* USER CODE END 6 */
 268:Src/usbd_cdc_if.c **** }
 269:Src/usbd_cdc_if.c **** 
 270:Src/usbd_cdc_if.c **** /**
 271:Src/usbd_cdc_if.c ****   * @brief  CDC_Transmit_FS
 272:Src/usbd_cdc_if.c ****   *         Data to send over USB IN endpoint are sent over CDC interface
 273:Src/usbd_cdc_if.c ****   *         through this function.
 274:Src/usbd_cdc_if.c ****   *         @note
 275:Src/usbd_cdc_if.c ****   *
 276:Src/usbd_cdc_if.c ****   *
 277:Src/usbd_cdc_if.c ****   * @param  Buf: Buffer of data to be sent
 278:Src/usbd_cdc_if.c ****   * @param  Len: Number of data to be sent (in bytes)
 279:Src/usbd_cdc_if.c ****   * @retval USBD_OK if all operations are OK else USBD_FAIL or USBD_BUSY
ARM GAS  C:\Users\82057\AppData\Local\Temp\ccvoYuVY.s 			page 7


 280:Src/usbd_cdc_if.c ****   */
 281:Src/usbd_cdc_if.c **** uint8_t CDC_Transmit_FS(uint8_t* Buf, uint16_t Len)
 282:Src/usbd_cdc_if.c **** {
 283:Src/usbd_cdc_if.c ****   uint8_t result = USBD_OK;
 284:Src/usbd_cdc_if.c ****   /* USER CODE BEGIN 7 */
 285:Src/usbd_cdc_if.c ****   USBD_CDC_HandleTypeDef *hcdc = (USBD_CDC_HandleTypeDef*)hUsbDeviceFS.pClassData;
 286:Src/usbd_cdc_if.c ****   if (hcdc->TxState != 0){
 287:Src/usbd_cdc_if.c ****     return USBD_BUSY;
 288:Src/usbd_cdc_if.c ****   }
 289:Src/usbd_cdc_if.c ****   USBD_CDC_SetTxBuffer(&hUsbDeviceFS, Buf, Len);
 290:Src/usbd_cdc_if.c ****   result = USBD_CDC_TransmitPacket(&hUsbDeviceFS);
 291:Src/usbd_cdc_if.c ****   /* USER CODE END 7 */
 292:Src/usbd_cdc_if.c ****   return result;
 293:Src/usbd_cdc_if.c **** }
 294:Src/usbd_cdc_if.c **** 
 295:Src/usbd_cdc_if.c **** /**
 296:Src/usbd_cdc_if.c ****   * @brief  CDC_TransmitCplt_FS
 297:Src/usbd_cdc_if.c ****   *         Data transmitted callback
 298:Src/usbd_cdc_if.c ****   *
 299:Src/usbd_cdc_if.c ****   *         @note
 300:Src/usbd_cdc_if.c ****   *         This function is IN transfer complete callback used to inform user that
 301:Src/usbd_cdc_if.c ****   *         the submitted Data is successfully sent over USB.
 302:Src/usbd_cdc_if.c ****   *
 303:Src/usbd_cdc_if.c ****   * @param  Buf: Buffer of data to be received
 304:Src/usbd_cdc_if.c ****   * @param  Len: Number of data received (in bytes)
 305:Src/usbd_cdc_if.c ****   * @retval Result of the operation: USBD_OK if all operations are OK else USBD_FAIL
 306:Src/usbd_cdc_if.c ****   */
 307:Src/usbd_cdc_if.c **** static int8_t CDC_TransmitCplt_FS(uint8_t *Buf, uint32_t *Len, uint8_t epnum)
 308:Src/usbd_cdc_if.c **** {
  69              		.loc 1 308 0
  70              		.cfi_startproc
  71              		@ args = 0, pretend = 0, frame = 0
  72              		@ frame_needed = 0, uses_anonymous_args = 0
  73              		@ link register save eliminated.
  74              	.LVL2:
 309:Src/usbd_cdc_if.c ****   uint8_t result = USBD_OK;
 310:Src/usbd_cdc_if.c ****   /* USER CODE BEGIN 13 */
 311:Src/usbd_cdc_if.c ****   UNUSED(Buf);
 312:Src/usbd_cdc_if.c ****   UNUSED(Len);
 313:Src/usbd_cdc_if.c ****   UNUSED(epnum);
 314:Src/usbd_cdc_if.c ****   /* USER CODE END 13 */
 315:Src/usbd_cdc_if.c ****   return result;
 316:Src/usbd_cdc_if.c **** }
  75              		.loc 1 316 0
  76 0000 0020     		movs	r0, #0
  77              	.LVL3:
  78 0002 7047     		bx	lr
  79              		.cfi_endproc
  80              	.LFE143:
  82              		.section	.text.CDC_Receive_FS,"ax",%progbits
  83              		.align	1
  84              		.syntax unified
  85              		.thumb
  86              		.thumb_func
  87              		.fpu fpv4-sp-d16
  89              	CDC_Receive_FS:
  90              	.LFB141:
ARM GAS  C:\Users\82057\AppData\Local\Temp\ccvoYuVY.s 			page 8


 262:Src/usbd_cdc_if.c ****   /* USER CODE BEGIN 6 */
  91              		.loc 1 262 0
  92              		.cfi_startproc
  93              		@ args = 0, pretend = 0, frame = 0
  94              		@ frame_needed = 0, uses_anonymous_args = 0
  95              	.LVL4:
  96 0000 10B5     		push	{r4, lr}
  97              	.LCFI0:
  98              		.cfi_def_cfa_offset 8
  99              		.cfi_offset 4, -8
 100              		.cfi_offset 14, -4
 264:Src/usbd_cdc_if.c ****   USBD_CDC_ReceivePacket(&hUsbDeviceFS);
 101              		.loc 1 264 0
 102 0002 054C     		ldr	r4, .L6
 103 0004 0146     		mov	r1, r0
 104              	.LVL5:
 105 0006 2046     		mov	r0, r4
 106              	.LVL6:
 107 0008 FFF7FEFF 		bl	USBD_CDC_SetRxBuffer
 108              	.LVL7:
 265:Src/usbd_cdc_if.c ****   return (USBD_OK);
 109              		.loc 1 265 0
 110 000c 2046     		mov	r0, r4
 111 000e FFF7FEFF 		bl	USBD_CDC_ReceivePacket
 112              	.LVL8:
 268:Src/usbd_cdc_if.c **** 
 113              		.loc 1 268 0
 114 0012 0020     		movs	r0, #0
 115 0014 10BD     		pop	{r4, pc}
 116              	.L7:
 117 0016 00BF     		.align	2
 118              	.L6:
 119 0018 00000000 		.word	hUsbDeviceFS
 120              		.cfi_endproc
 121              	.LFE141:
 123              		.section	.text.CDC_Init_FS,"ax",%progbits
 124              		.align	1
 125              		.syntax unified
 126              		.thumb
 127              		.thumb_func
 128              		.fpu fpv4-sp-d16
 130              	CDC_Init_FS:
 131              	.LFB138:
 153:Src/usbd_cdc_if.c ****   /* USER CODE BEGIN 3 */
 132              		.loc 1 153 0
 133              		.cfi_startproc
 134              		@ args = 0, pretend = 0, frame = 0
 135              		@ frame_needed = 0, uses_anonymous_args = 0
 136 0000 10B5     		push	{r4, lr}
 137              	.LCFI1:
 138              		.cfi_def_cfa_offset 8
 139              		.cfi_offset 4, -8
 140              		.cfi_offset 14, -4
 156:Src/usbd_cdc_if.c ****   USBD_CDC_SetRxBuffer(&hUsbDeviceFS, UserRxBufferFS);
 141              		.loc 1 156 0
 142 0002 064C     		ldr	r4, .L10
 143 0004 0022     		movs	r2, #0
ARM GAS  C:\Users\82057\AppData\Local\Temp\ccvoYuVY.s 			page 9


 144 0006 0649     		ldr	r1, .L10+4
 145 0008 2046     		mov	r0, r4
 146 000a FFF7FEFF 		bl	USBD_CDC_SetTxBuffer
 147              	.LVL9:
 157:Src/usbd_cdc_if.c ****   return (USBD_OK);
 148              		.loc 1 157 0
 149 000e 0549     		ldr	r1, .L10+8
 150 0010 2046     		mov	r0, r4
 151 0012 FFF7FEFF 		bl	USBD_CDC_SetRxBuffer
 152              	.LVL10:
 160:Src/usbd_cdc_if.c **** 
 153              		.loc 1 160 0
 154 0016 0020     		movs	r0, #0
 155 0018 10BD     		pop	{r4, pc}
 156              	.L11:
 157 001a 00BF     		.align	2
 158              	.L10:
 159 001c 00000000 		.word	hUsbDeviceFS
 160 0020 00000000 		.word	UserTxBufferFS
 161 0024 00000000 		.word	UserRxBufferFS
 162              		.cfi_endproc
 163              	.LFE138:
 165              		.section	.text.CDC_Transmit_FS,"ax",%progbits
 166              		.align	1
 167              		.global	CDC_Transmit_FS
 168              		.syntax unified
 169              		.thumb
 170              		.thumb_func
 171              		.fpu fpv4-sp-d16
 173              	CDC_Transmit_FS:
 174              	.LFB142:
 282:Src/usbd_cdc_if.c ****   uint8_t result = USBD_OK;
 175              		.loc 1 282 0
 176              		.cfi_startproc
 177              		@ args = 0, pretend = 0, frame = 0
 178              		@ frame_needed = 0, uses_anonymous_args = 0
 179              	.LVL11:
 285:Src/usbd_cdc_if.c ****   if (hcdc->TxState != 0){
 180              		.loc 1 285 0
 181 0000 094B     		ldr	r3, .L20
 182 0002 D3F8BC32 		ldr	r3, [r3, #700]
 183              	.LVL12:
 286:Src/usbd_cdc_if.c ****     return USBD_BUSY;
 184              		.loc 1 286 0
 185 0006 D3F81432 		ldr	r3, [r3, #532]
 186              	.LVL13:
 187 000a 0BB1     		cbz	r3, .L19
 287:Src/usbd_cdc_if.c ****   }
 188              		.loc 1 287 0
 189 000c 0120     		movs	r0, #1
 190              	.LVL14:
 293:Src/usbd_cdc_if.c **** 
 191              		.loc 1 293 0
 192 000e 7047     		bx	lr
 193              	.LVL15:
 194              	.L19:
 282:Src/usbd_cdc_if.c ****   uint8_t result = USBD_OK;
ARM GAS  C:\Users\82057\AppData\Local\Temp\ccvoYuVY.s 			page 10


 195              		.loc 1 282 0
 196 0010 10B5     		push	{r4, lr}
 197              	.LCFI2:
 198              		.cfi_def_cfa_offset 8
 199              		.cfi_offset 4, -8
 200              		.cfi_offset 14, -4
 201 0012 0A46     		mov	r2, r1
 202 0014 0146     		mov	r1, r0
 203              	.LVL16:
 289:Src/usbd_cdc_if.c ****   result = USBD_CDC_TransmitPacket(&hUsbDeviceFS);
 204              		.loc 1 289 0
 205 0016 044C     		ldr	r4, .L20
 206              	.LVL17:
 207 0018 2046     		mov	r0, r4
 208              	.LVL18:
 209 001a FFF7FEFF 		bl	USBD_CDC_SetTxBuffer
 210              	.LVL19:
 290:Src/usbd_cdc_if.c ****   /* USER CODE END 7 */
 211              		.loc 1 290 0
 212 001e 2046     		mov	r0, r4
 213 0020 FFF7FEFF 		bl	USBD_CDC_TransmitPacket
 214              	.LVL20:
 293:Src/usbd_cdc_if.c **** 
 215              		.loc 1 293 0
 216 0024 10BD     		pop	{r4, pc}
 217              	.L21:
 218 0026 00BF     		.align	2
 219              	.L20:
 220 0028 00000000 		.word	hUsbDeviceFS
 221              		.cfi_endproc
 222              	.LFE142:
 224              		.global	USBD_Interface_fops_FS
 225              		.comm	UserTxBufferFS,2048,4
 226              		.comm	UserRxBufferFS,2048,4
 227              		.section	.data.USBD_Interface_fops_FS,"aw",%progbits
 228              		.align	2
 231              	USBD_Interface_fops_FS:
 232 0000 00000000 		.word	CDC_Init_FS
 233 0004 00000000 		.word	CDC_DeInit_FS
 234 0008 00000000 		.word	CDC_Control_FS
 235 000c 00000000 		.word	CDC_Receive_FS
 236 0010 00000000 		.word	CDC_TransmitCplt_FS
 237              		.text
 238              	.Letext0:
 239              		.file 2 "c:\\program files (x86)\\gnu tools arm embedded\\7 2018-q2-update\\arm-none-eabi\\include
 240              		.file 3 "c:\\program files (x86)\\gnu tools arm embedded\\7 2018-q2-update\\arm-none-eabi\\include
 241              		.file 4 "c:\\program files (x86)\\gnu tools arm embedded\\7 2018-q2-update\\arm-none-eabi\\include
 242              		.file 5 "c:\\program files (x86)\\gnu tools arm embedded\\7 2018-q2-update\\lib\\gcc\\arm-none-eab
 243              		.file 6 "c:\\program files (x86)\\gnu tools arm embedded\\7 2018-q2-update\\arm-none-eabi\\include
 244              		.file 7 "c:\\program files (x86)\\gnu tools arm embedded\\7 2018-q2-update\\arm-none-eabi\\include
 245              		.file 8 "c:\\program files (x86)\\gnu tools arm embedded\\7 2018-q2-update\\arm-none-eabi\\include
 246              		.file 9 "Drivers/CMSIS/Include/core_cm4.h"
 247              		.file 10 "Drivers/CMSIS/Device/ST/STM32F4xx/Include/system_stm32f4xx.h"
 248              		.file 11 "Drivers/STM32F4xx_HAL_Driver/Inc/stm32f4xx_hal.h"
 249              		.file 12 "Middlewares/ST/STM32_USB_Device_Library/Core/Inc/usbd_def.h"
 250              		.file 13 "Middlewares/ST/STM32_USB_Device_Library/Class/CDC/Inc/usbd_cdc.h"
 251              		.file 14 "Inc/usbd_cdc_if.h"
ARM GAS  C:\Users\82057\AppData\Local\Temp\ccvoYuVY.s 			page 11


ARM GAS  C:\Users\82057\AppData\Local\Temp\ccvoYuVY.s 			page 12


DEFINED SYMBOLS
                            *ABS*:00000000 usbd_cdc_if.c
C:\Users\82057\AppData\Local\Temp\ccvoYuVY.s:18     .text.CDC_DeInit_FS:00000000 $t
C:\Users\82057\AppData\Local\Temp\ccvoYuVY.s:24     .text.CDC_DeInit_FS:00000000 CDC_DeInit_FS
C:\Users\82057\AppData\Local\Temp\ccvoYuVY.s:39     .text.CDC_Control_FS:00000000 $t
C:\Users\82057\AppData\Local\Temp\ccvoYuVY.s:45     .text.CDC_Control_FS:00000000 CDC_Control_FS
C:\Users\82057\AppData\Local\Temp\ccvoYuVY.s:61     .text.CDC_TransmitCplt_FS:00000000 $t
C:\Users\82057\AppData\Local\Temp\ccvoYuVY.s:67     .text.CDC_TransmitCplt_FS:00000000 CDC_TransmitCplt_FS
C:\Users\82057\AppData\Local\Temp\ccvoYuVY.s:83     .text.CDC_Receive_FS:00000000 $t
C:\Users\82057\AppData\Local\Temp\ccvoYuVY.s:89     .text.CDC_Receive_FS:00000000 CDC_Receive_FS
C:\Users\82057\AppData\Local\Temp\ccvoYuVY.s:119    .text.CDC_Receive_FS:00000018 $d
C:\Users\82057\AppData\Local\Temp\ccvoYuVY.s:124    .text.CDC_Init_FS:00000000 $t
C:\Users\82057\AppData\Local\Temp\ccvoYuVY.s:130    .text.CDC_Init_FS:00000000 CDC_Init_FS
C:\Users\82057\AppData\Local\Temp\ccvoYuVY.s:159    .text.CDC_Init_FS:0000001c $d
                            *COM*:00000800 UserTxBufferFS
                            *COM*:00000800 UserRxBufferFS
C:\Users\82057\AppData\Local\Temp\ccvoYuVY.s:166    .text.CDC_Transmit_FS:00000000 $t
C:\Users\82057\AppData\Local\Temp\ccvoYuVY.s:173    .text.CDC_Transmit_FS:00000000 CDC_Transmit_FS
C:\Users\82057\AppData\Local\Temp\ccvoYuVY.s:220    .text.CDC_Transmit_FS:00000028 $d
C:\Users\82057\AppData\Local\Temp\ccvoYuVY.s:231    .data.USBD_Interface_fops_FS:00000000 USBD_Interface_fops_FS
C:\Users\82057\AppData\Local\Temp\ccvoYuVY.s:228    .data.USBD_Interface_fops_FS:00000000 $d

UNDEFINED SYMBOLS
USBD_CDC_SetRxBuffer
USBD_CDC_ReceivePacket
hUsbDeviceFS
USBD_CDC_SetTxBuffer
USBD_CDC_TransmitPacket
